2020-03-18 10:32:46,545 - D:/PycharmProject/工作/policy/policy_crawl/spiders/neris.py[line:39] - ERROR: url错误:https://neris.csrc.gov.cn/falvfagui/rdqsHeader/mainbody?navbarId=1&secFutrsLawId=0fc431a2a10b47909beef058f6ac3335
2020-03-18 10:32:46,549 - D:/PycharmProject/工作/policy/policy_crawl/spiders/neris.py[line:24] - ERROR: url:https://neris.csrc.gov.cn/falvfagui/rdqsHeader/mainbody?navbarId=1&secFutrsLawId=0fc431a2a10b47909beef058f6ac3335 未找到publish_time
2020-03-18 10:32:47,647 - D:/PycharmProject/工作/policy/policy_crawl/spiders/neris.py[line:39] - ERROR: url错误:https://neris.csrc.gov.cn/falvfagui/rdqsHeader/mainbody?navbarId=1&secFutrsLawId=42e9b795f12b4fcb8f96d1ed659b447a
2020-03-18 10:32:47,650 - D:/PycharmProject/工作/policy/policy_crawl/spiders/neris.py[line:24] - ERROR: url:https://neris.csrc.gov.cn/falvfagui/rdqsHeader/mainbody?navbarId=1&secFutrsLawId=42e9b795f12b4fcb8f96d1ed659b447a 未找到publish_time
2020-03-18 10:32:48,754 - D:/PycharmProject/工作/policy/policy_crawl/spiders/neris.py[line:39] - ERROR: url错误:https://neris.csrc.gov.cn/falvfagui/rdqsHeader/mainbody?navbarId=1&secFutrsLawId=f10db5e85d79403493dd6b4ec6dfde50
2020-03-18 10:32:48,757 - D:/PycharmProject/工作/policy/policy_crawl/spiders/neris.py[line:24] - ERROR: url:https://neris.csrc.gov.cn/falvfagui/rdqsHeader/mainbody?navbarId=1&secFutrsLawId=f10db5e85d79403493dd6b4ec6dfde50 未找到publish_time
2020-03-18 10:32:49,835 - D:/PycharmProject/工作/policy/policy_crawl/spiders/neris.py[line:39] - ERROR: url错误:https://neris.csrc.gov.cn/falvfagui/rdqsHeader/mainbody?navbarId=1&secFutrsLawId=458629827242548985
2020-03-18 10:32:49,839 - D:/PycharmProject/工作/policy/policy_crawl/spiders/neris.py[line:24] - ERROR: url:https://neris.csrc.gov.cn/falvfagui/rdqsHeader/mainbody?navbarId=1&secFutrsLawId=458629827242548985 未找到publish_time
2020-03-18 10:32:50,921 - D:/PycharmProject/工作/policy/policy_crawl/spiders/neris.py[line:39] - ERROR: url错误:https://neris.csrc.gov.cn/falvfagui/rdqsHeader/mainbody?navbarId=1&secFutrsLawId=458629827242549059
2020-03-18 10:32:50,925 - D:/PycharmProject/工作/policy/policy_crawl/spiders/neris.py[line:24] - ERROR: url:https://neris.csrc.gov.cn/falvfagui/rdqsHeader/mainbody?navbarId=1&secFutrsLawId=458629827242549059 未找到publish_time
2020-03-18 10:32:52,004 - D:/PycharmProject/工作/policy/policy_crawl/spiders/neris.py[line:39] - ERROR: url错误:https://neris.csrc.gov.cn/falvfagui/rdqsHeader/mainbody?navbarId=1&secFutrsLawId=458629827242550017
2020-03-18 10:32:52,008 - D:/PycharmProject/工作/policy/policy_crawl/spiders/neris.py[line:24] - ERROR: url:https://neris.csrc.gov.cn/falvfagui/rdqsHeader/mainbody?navbarId=1&secFutrsLawId=458629827242550017 未找到publish_time
2020-03-18 10:32:53,098 - D:/PycharmProject/工作/policy/policy_crawl/spiders/neris.py[line:39] - ERROR: url错误:https://neris.csrc.gov.cn/falvfagui/rdqsHeader/mainbody?navbarId=1&secFutrsLawId=734d665772774c1a8281b60d5a136e78
2020-03-18 10:32:53,101 - D:/PycharmProject/工作/policy/policy_crawl/spiders/neris.py[line:24] - ERROR: url:https://neris.csrc.gov.cn/falvfagui/rdqsHeader/mainbody?navbarId=1&secFutrsLawId=734d665772774c1a8281b60d5a136e78 未找到publish_time
2020-03-18 10:32:54,180 - D:/PycharmProject/工作/policy/policy_crawl/spiders/neris.py[line:39] - ERROR: url错误:https://neris.csrc.gov.cn/falvfagui/rdqsHeader/mainbody?navbarId=1&secFutrsLawId=3c1026e2b3d645f5a5356712c8af76d5
2020-03-18 10:32:54,182 - D:/PycharmProject/工作/policy/policy_crawl/spiders/neris.py[line:24] - ERROR: url:https://neris.csrc.gov.cn/falvfagui/rdqsHeader/mainbody?navbarId=1&secFutrsLawId=3c1026e2b3d645f5a5356712c8af76d5 未找到publish_time
2020-03-18 10:32:55,261 - D:/PycharmProject/工作/policy/policy_crawl/spiders/neris.py[line:39] - ERROR: url错误:https://neris.csrc.gov.cn/falvfagui/rdqsHeader/mainbody?navbarId=1&secFutrsLawId=e4247f20c67f44bea707287538378a82
2020-03-18 10:32:55,265 - D:/PycharmProject/工作/policy/policy_crawl/spiders/neris.py[line:24] - ERROR: url:https://neris.csrc.gov.cn/falvfagui/rdqsHeader/mainbody?navbarId=1&secFutrsLawId=e4247f20c67f44bea707287538378a82 未找到publish_time
2020-03-18 10:32:56,357 - D:/PycharmProject/工作/policy/policy_crawl/spiders/neris.py[line:39] - ERROR: url错误:https://neris.csrc.gov.cn/falvfagui/rdqsHeader/mainbody?navbarId=1&secFutrsLawId=3330b8e6e202499a9d0912ca92a7bf6a
2020-03-18 10:32:56,360 - D:/PycharmProject/工作/policy/policy_crawl/spiders/neris.py[line:24] - ERROR: url:https://neris.csrc.gov.cn/falvfagui/rdqsHeader/mainbody?navbarId=1&secFutrsLawId=3330b8e6e202499a9d0912ca92a7bf6a 未找到publish_time
2020-03-18 10:32:57,445 - D:/PycharmProject/工作/policy/policy_crawl/spiders/neris.py[line:39] - ERROR: url错误:https://neris.csrc.gov.cn/falvfagui/rdqsHeader/mainbody?navbarId=1&secFutrsLawId=4a6643b817b04a9197cc4e33a9854920
2020-03-18 10:32:57,447 - D:/PycharmProject/工作/policy/policy_crawl/spiders/neris.py[line:24] - ERROR: url:https://neris.csrc.gov.cn/falvfagui/rdqsHeader/mainbody?navbarId=1&secFutrsLawId=4a6643b817b04a9197cc4e33a9854920 未找到publish_time
2020-03-18 10:32:58,541 - D:/PycharmProject/工作/policy/policy_crawl/spiders/neris.py[line:39] - ERROR: url错误:https://neris.csrc.gov.cn/falvfagui/rdqsHeader/mainbody?navbarId=1&secFutrsLawId=458629827237730712
2020-03-18 10:32:58,545 - D:/PycharmProject/工作/policy/policy_crawl/spiders/neris.py[line:24] - ERROR: url:https://neris.csrc.gov.cn/falvfagui/rdqsHeader/mainbody?navbarId=1&secFutrsLawId=458629827237730712 未找到publish_time
2020-03-18 10:32:59,625 - D:/PycharmProject/工作/policy/policy_crawl/spiders/neris.py[line:39] - ERROR: url错误:https://neris.csrc.gov.cn/falvfagui/rdqsHeader/mainbody?navbarId=1&secFutrsLawId=c191601e8ed3401f82fd71c0ffae6bf5
2020-03-18 10:32:59,628 - D:/PycharmProject/工作/policy/policy_crawl/spiders/neris.py[line:24] - ERROR: url:https://neris.csrc.gov.cn/falvfagui/rdqsHeader/mainbody?navbarId=1&secFutrsLawId=c191601e8ed3401f82fd71c0ffae6bf5 未找到publish_time
2020-03-18 10:33:00,706 - D:/PycharmProject/工作/policy/policy_crawl/spiders/neris.py[line:39] - ERROR: url错误:https://neris.csrc.gov.cn/falvfagui/rdqsHeader/mainbody?navbarId=1&secFutrsLawId=458629827233519442
2020-03-18 10:33:00,709 - D:/PycharmProject/工作/policy/policy_crawl/spiders/neris.py[line:24] - ERROR: url:https://neris.csrc.gov.cn/falvfagui/rdqsHeader/mainbody?navbarId=1&secFutrsLawId=458629827233519442 未找到publish_time
2020-03-18 10:33:01,815 - D:/PycharmProject/工作/policy/policy_crawl/spiders/neris.py[line:39] - ERROR: url错误:https://neris.csrc.gov.cn/falvfagui/rdqsHeader/mainbody?navbarId=1&secFutrsLawId=458629827243597179
2020-03-18 10:33:01,827 - D:/PycharmProject/工作/policy/policy_crawl/spiders/neris.py[line:24] - ERROR: url:https://neris.csrc.gov.cn/falvfagui/rdqsHeader/mainbody?navbarId=1&secFutrsLawId=458629827243597179 未找到publish_time
2020-03-18 10:33:03,658 - D:/PycharmProject/工作/policy/policy_crawl/spiders/neris.py[line:39] - ERROR: url错误:https://neris.csrc.gov.cn/falvfagui/rdqsHeader/mainbody?navbarId=1&secFutrsLawId=458629827232985579
2020-03-18 10:33:03,671 - D:/PycharmProject/工作/policy/policy_crawl/spiders/neris.py[line:24] - ERROR: url:https://neris.csrc.gov.cn/falvfagui/rdqsHeader/mainbody?navbarId=1&secFutrsLawId=458629827232985579 未找到publish_time
2020-03-18 10:33:04,768 - D:/PycharmProject/工作/policy/policy_crawl/spiders/neris.py[line:39] - ERROR: url错误:https://neris.csrc.gov.cn/falvfagui/rdqsHeader/mainbody?navbarId=1&secFutrsLawId=df114677fa104ccdb87c349c1000c533
2020-03-18 10:33:04,770 - D:/PycharmProject/工作/policy/policy_crawl/spiders/neris.py[line:24] - ERROR: url:https://neris.csrc.gov.cn/falvfagui/rdqsHeader/mainbody?navbarId=1&secFutrsLawId=df114677fa104ccdb87c349c1000c533 未找到publish_time
2020-03-18 10:33:05,866 - D:/PycharmProject/工作/policy/policy_crawl/spiders/neris.py[line:39] - ERROR: url错误:https://neris.csrc.gov.cn/falvfagui/rdqsHeader/mainbody?navbarId=1&secFutrsLawId=795e9ef0e80b434f90a52e6d0fd7ea2f
2020-03-18 10:33:05,869 - D:/PycharmProject/工作/policy/policy_crawl/spiders/neris.py[line:24] - ERROR: url:https://neris.csrc.gov.cn/falvfagui/rdqsHeader/mainbody?navbarId=1&secFutrsLawId=795e9ef0e80b434f90a52e6d0fd7ea2f 未找到publish_time
2020-03-18 10:33:06,993 - D:/PycharmProject/工作/policy/policy_crawl/spiders/neris.py[line:39] - ERROR: url错误:https://neris.csrc.gov.cn/falvfagui/rdqsHeader/mainbody?navbarId=1&secFutrsLawId=fa61ccc7beb84b7397ca9f8f1f2cffa8
2020-03-18 10:33:07,003 - D:/PycharmProject/工作/policy/policy_crawl/spiders/neris.py[line:24] - ERROR: url:https://neris.csrc.gov.cn/falvfagui/rdqsHeader/mainbody?navbarId=1&secFutrsLawId=fa61ccc7beb84b7397ca9f8f1f2cffa8 未找到publish_time
2020-03-18 10:33:08,134 - D:/PycharmProject/工作/policy/policy_crawl/spiders/neris.py[line:39] - ERROR: url错误:https://neris.csrc.gov.cn/falvfagui/rdqsHeader/mainbody?navbarId=1&secFutrsLawId=91b65a4ea6504bf4b361d24071f7a9c7
2020-03-18 10:33:08,140 - D:/PycharmProject/工作/policy/policy_crawl/spiders/neris.py[line:24] - ERROR: url:https://neris.csrc.gov.cn/falvfagui/rdqsHeader/mainbody?navbarId=1&secFutrsLawId=91b65a4ea6504bf4b361d24071f7a9c7 未找到publish_time
2020-03-18 10:33:09,559 - D:/PycharmProject/工作/policy/policy_crawl/spiders/neris.py[line:39] - ERROR: url错误:https://neris.csrc.gov.cn/falvfagui/rdqsHeader/mainbody?navbarId=1&secFutrsLawId=336111d76c5548ee8f7a4504b1d804e3
2020-03-18 10:33:09,564 - D:/PycharmProject/工作/policy/policy_crawl/spiders/neris.py[line:24] - ERROR: url:https://neris.csrc.gov.cn/falvfagui/rdqsHeader/mainbody?navbarId=1&secFutrsLawId=336111d76c5548ee8f7a4504b1d804e3 未找到publish_time
2020-03-18 10:33:10,685 - D:/PycharmProject/工作/policy/policy_crawl/spiders/neris.py[line:39] - ERROR: url错误:https://neris.csrc.gov.cn/falvfagui/rdqsHeader/mainbody?navbarId=1&secFutrsLawId=458629827236843443
2020-03-18 10:33:10,689 - D:/PycharmProject/工作/policy/policy_crawl/spiders/neris.py[line:24] - ERROR: url:https://neris.csrc.gov.cn/falvfagui/rdqsHeader/mainbody?navbarId=1&secFutrsLawId=458629827236843443 未找到publish_time
2020-03-18 10:33:11,779 - D:/PycharmProject/工作/policy/policy_crawl/spiders/neris.py[line:39] - ERROR: url错误:https://neris.csrc.gov.cn/falvfagui/rdqsHeader/mainbody?navbarId=1&secFutrsLawId=db7f75109e7a4975a3562a637374eb84
2020-03-18 10:33:11,782 - D:/PycharmProject/工作/policy/policy_crawl/spiders/neris.py[line:24] - ERROR: url:https://neris.csrc.gov.cn/falvfagui/rdqsHeader/mainbody?navbarId=1&secFutrsLawId=db7f75109e7a4975a3562a637374eb84 未找到publish_time
2020-03-18 10:33:12,882 - D:/PycharmProject/工作/policy/policy_crawl/spiders/neris.py[line:39] - ERROR: url错误:https://neris.csrc.gov.cn/falvfagui/rdqsHeader/mainbody?navbarId=1&secFutrsLawId=3fcdd7d29ea642a9a9eb40c9b9081802
2020-03-18 10:33:12,885 - D:/PycharmProject/工作/policy/policy_crawl/spiders/neris.py[line:24] - ERROR: url:https://neris.csrc.gov.cn/falvfagui/rdqsHeader/mainbody?navbarId=1&secFutrsLawId=3fcdd7d29ea642a9a9eb40c9b9081802 未找到publish_time
2020-03-18 10:33:13,969 - D:/PycharmProject/工作/policy/policy_crawl/spiders/neris.py[line:39] - ERROR: url错误:https://neris.csrc.gov.cn/falvfagui/rdqsHeader/mainbody?navbarId=1&secFutrsLawId=6c7eb53ea5fc4992a575e513a24a0448
2020-03-18 10:33:13,973 - D:/PycharmProject/工作/policy/policy_crawl/spiders/neris.py[line:24] - ERROR: url:https://neris.csrc.gov.cn/falvfagui/rdqsHeader/mainbody?navbarId=1&secFutrsLawId=6c7eb53ea5fc4992a575e513a24a0448 未找到publish_time
2020-03-18 10:33:15,065 - D:/PycharmProject/工作/policy/policy_crawl/spiders/neris.py[line:39] - ERROR: url错误:https://neris.csrc.gov.cn/falvfagui/rdqsHeader/mainbody?navbarId=1&secFutrsLawId=59d01fc607784b38a527e58f20f349b6
2020-03-18 10:33:15,068 - D:/PycharmProject/工作/policy/policy_crawl/spiders/neris.py[line:24] - ERROR: url:https://neris.csrc.gov.cn/falvfagui/rdqsHeader/mainbody?navbarId=1&secFutrsLawId=59d01fc607784b38a527e58f20f349b6 未找到publish_time
2020-03-18 10:33:16,153 - D:/PycharmProject/工作/policy/policy_crawl/spiders/neris.py[line:39] - ERROR: url错误:https://neris.csrc.gov.cn/falvfagui/rdqsHeader/mainbody?navbarId=1&secFutrsLawId=ca3f158f53554480af9a32412886a6a2
2020-03-18 10:33:16,156 - D:/PycharmProject/工作/policy/policy_crawl/spiders/neris.py[line:24] - ERROR: url:https://neris.csrc.gov.cn/falvfagui/rdqsHeader/mainbody?navbarId=1&secFutrsLawId=ca3f158f53554480af9a32412886a6a2 未找到publish_time
2020-03-18 10:33:17,262 - D:/PycharmProject/工作/policy/policy_crawl/spiders/neris.py[line:39] - ERROR: url错误:https://neris.csrc.gov.cn/falvfagui/rdqsHeader/mainbody?navbarId=1&secFutrsLawId=746761292320715151
2020-03-18 10:33:17,267 - D:/PycharmProject/工作/policy/policy_crawl/spiders/neris.py[line:24] - ERROR: url:https://neris.csrc.gov.cn/falvfagui/rdqsHeader/mainbody?navbarId=1&secFutrsLawId=746761292320715151 未找到publish_time
2020-03-18 10:33:18,364 - D:/PycharmProject/工作/policy/policy_crawl/spiders/neris.py[line:39] - ERROR: url错误:https://neris.csrc.gov.cn/falvfagui/rdqsHeader/mainbody?navbarId=1&secFutrsLawId=5339b8557e82437ab946eb762fefbcc4
2020-03-18 10:33:18,367 - D:/PycharmProject/工作/policy/policy_crawl/spiders/neris.py[line:24] - ERROR: url:https://neris.csrc.gov.cn/falvfagui/rdqsHeader/mainbody?navbarId=1&secFutrsLawId=5339b8557e82437ab946eb762fefbcc4 未找到publish_time
2020-03-18 10:33:19,461 - D:/PycharmProject/工作/policy/policy_crawl/spiders/neris.py[line:39] - ERROR: url错误:https://neris.csrc.gov.cn/falvfagui/rdqsHeader/mainbody?navbarId=1&secFutrsLawId=746761292322254584
2020-03-18 10:33:19,473 - D:/PycharmProject/工作/policy/policy_crawl/spiders/neris.py[line:24] - ERROR: url:https://neris.csrc.gov.cn/falvfagui/rdqsHeader/mainbody?navbarId=1&secFutrsLawId=746761292322254584 未找到publish_time
2020-03-18 10:33:20,571 - D:/PycharmProject/工作/policy/policy_crawl/spiders/neris.py[line:39] - ERROR: url错误:https://neris.csrc.gov.cn/falvfagui/rdqsHeader/mainbody?navbarId=1&secFutrsLawId=e39bcae0f5454533a7ff1d9437a05822
2020-03-18 10:33:20,574 - D:/PycharmProject/工作/policy/policy_crawl/spiders/neris.py[line:24] - ERROR: url:https://neris.csrc.gov.cn/falvfagui/rdqsHeader/mainbody?navbarId=1&secFutrsLawId=e39bcae0f5454533a7ff1d9437a05822 未找到publish_time
2020-03-18 10:33:21,666 - D:/PycharmProject/工作/policy/policy_crawl/spiders/neris.py[line:39] - ERROR: url错误:https://neris.csrc.gov.cn/falvfagui/rdqsHeader/mainbody?navbarId=1&secFutrsLawId=a5c70999e3a8435e90536f4580c29eac
2020-03-18 10:33:21,669 - D:/PycharmProject/工作/policy/policy_crawl/spiders/neris.py[line:24] - ERROR: url:https://neris.csrc.gov.cn/falvfagui/rdqsHeader/mainbody?navbarId=1&secFutrsLawId=a5c70999e3a8435e90536f4580c29eac 未找到publish_time
2020-03-18 10:33:22,758 - D:/PycharmProject/工作/policy/policy_crawl/spiders/neris.py[line:39] - ERROR: url错误:https://neris.csrc.gov.cn/falvfagui/rdqsHeader/mainbody?navbarId=1&secFutrsLawId=8f2f817371c6482c8ae4e45f58862791
2020-03-18 10:33:22,761 - D:/PycharmProject/工作/policy/policy_crawl/spiders/neris.py[line:24] - ERROR: url:https://neris.csrc.gov.cn/falvfagui/rdqsHeader/mainbody?navbarId=1&secFutrsLawId=8f2f817371c6482c8ae4e45f58862791 未找到publish_time
2020-03-18 10:33:23,854 - D:/PycharmProject/工作/policy/policy_crawl/spiders/neris.py[line:39] - ERROR: url错误:https://neris.csrc.gov.cn/falvfagui/rdqsHeader/mainbody?navbarId=1&secFutrsLawId=7837bd0aaf31408a88b7dd78aa682bd7
2020-03-18 10:33:23,858 - D:/PycharmProject/工作/policy/policy_crawl/spiders/neris.py[line:24] - ERROR: url:https://neris.csrc.gov.cn/falvfagui/rdqsHeader/mainbody?navbarId=1&secFutrsLawId=7837bd0aaf31408a88b7dd78aa682bd7 未找到publish_time
2020-03-18 10:33:24,973 - D:/PycharmProject/工作/policy/policy_crawl/spiders/neris.py[line:39] - ERROR: url错误:https://neris.csrc.gov.cn/falvfagui/rdqsHeader/mainbody?navbarId=1&secFutrsLawId=75bb4cc321f342cf94ebf743e074ec68
2020-03-18 10:33:24,977 - D:/PycharmProject/工作/policy/policy_crawl/spiders/neris.py[line:24] - ERROR: url:https://neris.csrc.gov.cn/falvfagui/rdqsHeader/mainbody?navbarId=1&secFutrsLawId=75bb4cc321f342cf94ebf743e074ec68 未找到publish_time
2020-03-18 10:33:26,060 - D:/PycharmProject/工作/policy/policy_crawl/spiders/neris.py[line:39] - ERROR: url错误:https://neris.csrc.gov.cn/falvfagui/rdqsHeader/mainbody?navbarId=1&secFutrsLawId=dbeed1a1c8b04eb38dca35e053560b49
2020-03-18 10:33:26,065 - D:/PycharmProject/工作/policy/policy_crawl/spiders/neris.py[line:24] - ERROR: url:https://neris.csrc.gov.cn/falvfagui/rdqsHeader/mainbody?navbarId=1&secFutrsLawId=dbeed1a1c8b04eb38dca35e053560b49 未找到publish_time
2020-03-18 10:33:27,144 - D:/PycharmProject/工作/policy/policy_crawl/spiders/neris.py[line:39] - ERROR: url错误:https://neris.csrc.gov.cn/falvfagui/rdqsHeader/mainbody?navbarId=1&secFutrsLawId=8a718c8c3da34377ae9a06a10218cb7a
2020-03-18 10:33:27,149 - D:/PycharmProject/工作/policy/policy_crawl/spiders/neris.py[line:24] - ERROR: url:https://neris.csrc.gov.cn/falvfagui/rdqsHeader/mainbody?navbarId=1&secFutrsLawId=8a718c8c3da34377ae9a06a10218cb7a 未找到publish_time
2020-03-18 10:33:28,288 - D:/PycharmProject/工作/policy/policy_crawl/spiders/neris.py[line:39] - ERROR: url错误:https://neris.csrc.gov.cn/falvfagui/rdqsHeader/mainbody?navbarId=1&secFutrsLawId=5ebd2b40014f400b9a3322f196a204ac
2020-03-18 10:33:28,292 - D:/PycharmProject/工作/policy/policy_crawl/spiders/neris.py[line:24] - ERROR: url:https://neris.csrc.gov.cn/falvfagui/rdqsHeader/mainbody?navbarId=1&secFutrsLawId=5ebd2b40014f400b9a3322f196a204ac 未找到publish_time
2020-03-18 10:33:29,391 - D:/PycharmProject/工作/policy/policy_crawl/spiders/neris.py[line:39] - ERROR: url错误:https://neris.csrc.gov.cn/falvfagui/rdqsHeader/mainbody?navbarId=1&secFutrsLawId=4c22c1b25f4646ff8cc1262a17724594
2020-03-18 10:33:29,395 - D:/PycharmProject/工作/policy/policy_crawl/spiders/neris.py[line:24] - ERROR: url:https://neris.csrc.gov.cn/falvfagui/rdqsHeader/mainbody?navbarId=1&secFutrsLawId=4c22c1b25f4646ff8cc1262a17724594 未找到publish_time
2020-03-18 10:33:30,485 - D:/PycharmProject/工作/policy/policy_crawl/spiders/neris.py[line:39] - ERROR: url错误:https://neris.csrc.gov.cn/falvfagui/rdqsHeader/mainbody?navbarId=1&secFutrsLawId=225141679e6144f39d1db8818a2838b0
2020-03-18 10:33:30,491 - D:/PycharmProject/工作/policy/policy_crawl/spiders/neris.py[line:24] - ERROR: url:https://neris.csrc.gov.cn/falvfagui/rdqsHeader/mainbody?navbarId=1&secFutrsLawId=225141679e6144f39d1db8818a2838b0 未找到publish_time
2020-03-18 10:33:43,580 - D:/PycharmProject/工作/policy/policy_crawl/spiders/neris.py[line:39] - ERROR: url错误:https://neris.csrc.gov.cn/falvfagui/rdqsHeader/mainbody?navbarId=1&secFutrsLawId=0fc431a2a10b47909beef058f6ac3335
2020-03-18 10:33:43,585 - D:/PycharmProject/工作/policy/policy_crawl/spiders/neris.py[line:24] - ERROR: url:https://neris.csrc.gov.cn/falvfagui/rdqsHeader/mainbody?navbarId=1&secFutrsLawId=0fc431a2a10b47909beef058f6ac3335 未找到publish_time
2020-03-18 10:33:44,694 - D:/PycharmProject/工作/policy/policy_crawl/spiders/neris.py[line:39] - ERROR: url错误:https://neris.csrc.gov.cn/falvfagui/rdqsHeader/mainbody?navbarId=1&secFutrsLawId=42e9b795f12b4fcb8f96d1ed659b447a
2020-03-18 10:33:44,697 - D:/PycharmProject/工作/policy/policy_crawl/spiders/neris.py[line:24] - ERROR: url:https://neris.csrc.gov.cn/falvfagui/rdqsHeader/mainbody?navbarId=1&secFutrsLawId=42e9b795f12b4fcb8f96d1ed659b447a 未找到publish_time
2020-03-18 10:33:45,786 - D:/PycharmProject/工作/policy/policy_crawl/spiders/neris.py[line:39] - ERROR: url错误:https://neris.csrc.gov.cn/falvfagui/rdqsHeader/mainbody?navbarId=1&secFutrsLawId=f10db5e85d79403493dd6b4ec6dfde50
2020-03-18 10:33:45,789 - D:/PycharmProject/工作/policy/policy_crawl/spiders/neris.py[line:24] - ERROR: url:https://neris.csrc.gov.cn/falvfagui/rdqsHeader/mainbody?navbarId=1&secFutrsLawId=f10db5e85d79403493dd6b4ec6dfde50 未找到publish_time
2020-03-18 10:33:46,870 - D:/PycharmProject/工作/policy/policy_crawl/spiders/neris.py[line:39] - ERROR: url错误:https://neris.csrc.gov.cn/falvfagui/rdqsHeader/mainbody?navbarId=1&secFutrsLawId=458629827242548985
2020-03-18 10:33:46,873 - D:/PycharmProject/工作/policy/policy_crawl/spiders/neris.py[line:24] - ERROR: url:https://neris.csrc.gov.cn/falvfagui/rdqsHeader/mainbody?navbarId=1&secFutrsLawId=458629827242548985 未找到publish_time
2020-03-18 10:54:29,509 - D:/PycharmProject/工作/policy/policy_crawl/spiders/neris.py[line:25] - ERROR: url:https://neris.csrc.gov.cn/falvfagui/rdqsHeader/mainbody?navbarId=1&secFutrsLawId=c191601e8ed3401f82fd71c0ffae6bf5 未找到publish_time
2020-03-18 10:58:04,697 - D:/PycharmProject/工作/policy/policy_crawl/spiders/neris.py[line:25] - ERROR: url:https://neris.csrc.gov.cn/falvfagui/rdqsHeader/mainbody?navbarId=1&secFutrsLawId=92c17433fb6641e3baee010e96d969d6 未找到publish_time
2020-03-18 11:12:19,522 - D:/PycharmProject/工作/policy/policy_crawl/spiders/neris.py[line:25] - ERROR: url:https://neris.csrc.gov.cn/falvfagui/rdqsHeader/mainbody?navbarId=1&secFutrsLawId=4dc0f74af66043758511fe4ac0276ffe 未找到publish_time
2020-03-18 11:12:20,952 - D:/PycharmProject/工作/policy/policy_crawl/spiders/neris.py[line:25] - ERROR: url:https://neris.csrc.gov.cn/falvfagui/rdqsHeader/mainbody?navbarId=1&secFutrsLawId=c61ef99ec55d42f49dfba355234ee0da 未找到publish_time
2020-03-18 11:14:09,158 - D:/PycharmProject/工作/policy/policy_crawl/spiders/neris.py[line:25] - ERROR: url:https://neris.csrc.gov.cn/falvfagui/rdqsHeader/mainbody?navbarId=1&secFutrsLawId=e9281f707707428aafea5af00f5280c4 未找到publish_time
2020-03-18 11:16:25,271 - D:/PycharmProject/工作/policy/policy_crawl/spiders/neris.py[line:25] - ERROR: url:https://neris.csrc.gov.cn/falvfagui/rdqsHeader/mainbody?navbarId=1&secFutrsLawId=0534b7979908424aa0fbd5b228e9473a 未找到publish_time
2020-03-18 11:16:34,083 - D:/PycharmProject/工作/policy/policy_crawl/spiders/neris.py[line:25] - ERROR: url:https://neris.csrc.gov.cn/falvfagui/rdqsHeader/mainbody?navbarId=1&secFutrsLawId=fc13201fb4e74f01861477c5974dbb7c 未找到publish_time
2020-03-18 11:20:32,336 - D:/PycharmProject/工作/policy/policy_crawl/spiders/neris.py[line:25] - ERROR: url:https://neris.csrc.gov.cn/falvfagui/rdqsHeader/mainbody?navbarId=1&secFutrsLawId=1964b69fc29c421985842b9db90f3913 未找到publish_time
2020-03-18 11:22:29,695 - D:/PycharmProject/工作/policy/policy_crawl/spiders/neris.py[line:25] - ERROR: url:https://neris.csrc.gov.cn/falvfagui/rdqsHeader/mainbody?navbarId=1&secFutrsLawId=cbdf7cbac2bd4d11b48d042c266658cd 未找到publish_time
2020-03-18 11:22:35,155 - D:/PycharmProject/工作/policy/policy_crawl/spiders/neris.py[line:25] - ERROR: url:https://neris.csrc.gov.cn/falvfagui/rdqsHeader/mainbody?navbarId=1&secFutrsLawId=77c072806d6945f69e9ce806b1c920a2 未找到publish_time
2020-03-18 11:22:39,557 - D:/PycharmProject/工作/policy/policy_crawl/spiders/neris.py[line:25] - ERROR: url:https://neris.csrc.gov.cn/falvfagui/rdqsHeader/mainbody?navbarId=1&secFutrsLawId=aa198d86648544369b9d52aa8dc3f7b2 未找到publish_time
2020-03-18 11:24:35,801 - D:/PycharmProject/工作/policy/policy_crawl/spiders/neris.py[line:25] - ERROR: url:https://neris.csrc.gov.cn/falvfagui/rdqsHeader/mainbody?navbarId=1&secFutrsLawId=06a581f8ab614489b971cdde3528fa2b 未找到publish_time
2020-03-18 11:24:37,196 - D:/PycharmProject/工作/policy/policy_crawl/spiders/neris.py[line:25] - ERROR: url:https://neris.csrc.gov.cn/falvfagui/rdqsHeader/mainbody?navbarId=1&secFutrsLawId=d54a7fe43e194109b94ca547388f6fde 未找到publish_time
2020-03-18 11:28:07,446 - D:/PycharmProject/工作/policy/policy_crawl/spiders/neris.py[line:25] - ERROR: url:https://neris.csrc.gov.cn/falvfagui/rdqsHeader/mainbody?navbarId=1&secFutrsLawId=ab60364e1c7f494f8d27340bdf9a6649 未找到publish_time
2020-03-18 12:08:56,363 - D:/PycharmProject/工作/policy/policy_crawl/spiders/neris.py[line:25] - ERROR: url:https://neris.csrc.gov.cn/falvfagui/rdqsHeader/mainbody?navbarId=1&secFutrsLawId=92225a9c20eb426882b4ec3fda1febdc 未找到publish_time
2020-03-18 12:14:33,574 - D:\PycharmProject\工作\policy\policy_crawl\common\fetch.py[line:23] - ERROR: url status_code 错误：https://neris.csrc.gov.cn/falvfagui/rdqsHeader/informationController,status_code:502
2020-03-18 13:51:34,265 - D:/PycharmProject/工作/policy/policy_crawl/spiders/neris.py[line:25] - ERROR: url:https://neris.csrc.gov.cn/falvfagui/rdqsHeader/mainbody?navbarId=1&secFutrsLawId=c191601e8ed3401f82fd71c0ffae6bf5 未找到publish_time
2020-03-18 14:00:25,952 - D:/PycharmProject/工作/policy/policy_crawl/spiders/neris.py[line:25] - ERROR: url:https://neris.csrc.gov.cn/falvfagui/rdqsHeader/mainbody?navbarId=1&secFutrsLawId=c191601e8ed3401f82fd71c0ffae6bf5 未找到publish_time
2020-03-18 14:06:31,973 - D:\PycharmProject\工作\policy\policy_crawl\common\fetch.py[line:14] - ERROR: url status_code 错误：http://www.audit.gov.cn/n5/n1/index.html,status_code:404
2020-03-18 14:09:34,142 - D:\PycharmProject\工作\policy\policy_crawl\common\fetch.py[line:14] - ERROR: url status_code 错误：http://www.audit.gov.cn/n5/n25/index_192_26.html,status_code:404
2020-03-18 14:17:03,063 - D:\PycharmProject\工作\policy\policy_crawl\common\fetch.py[line:14] - ERROR: url status_code 错误：http://www.audit.gov.cn/n5/n26/index_192_3.html,status_code:404
2020-03-18 14:23:48,119 - D:/PycharmProject/工作/policy/policy_crawl/spiders/neris.py[line:25] - ERROR: url:https://neris.csrc.gov.cn/falvfagui/rdqsHeader/mainbody?navbarId=1&secFutrsLawId=92c17433fb6641e3baee010e96d969d6 未找到publish_time
2020-03-18 14:28:48,693 - D:/PycharmProject/工作/policy/policy_crawl/spiders/audit.py[line:39] - ERROR: url错误:http://www.audit.gov.cn安徽省审计厅
2020-03-18 14:29:42,634 - D:\PycharmProject\工作\policy\policy_crawl\common\fetch.py[line:14] - ERROR: url status_code 错误：http://yjt.hubei.gov.cn/fbjd/tzgg/202003/t20200315_2182091.shtml,status_code:412
2020-03-18 14:29:42,634 - D:/PycharmProject/工作/policy/policy_crawl/spiders/hubeiyjt.py[line:39] - ERROR: url错误:http://yjt.hubei.gov.cn/fbjd/tzgg/202003/t20200315_2182091.shtml
2020-03-18 14:29:43,810 - D:\PycharmProject\工作\policy\policy_crawl\common\fetch.py[line:14] - ERROR: url status_code 错误：http://yjt.hubei.gov.cn/fbjd/tzgg/202003/t20200302_2170362.shtml,status_code:412
2020-03-18 14:29:43,810 - D:/PycharmProject/工作/policy/policy_crawl/spiders/hubeiyjt.py[line:39] - ERROR: url错误:http://yjt.hubei.gov.cn/fbjd/tzgg/202003/t20200302_2170362.shtml
2020-03-18 14:30:57,634 - D:\PycharmProject\工作\policy\policy_crawl\common\fetch.py[line:14] - ERROR: url status_code 错误：http://yjt.hubei.gov.cn/fbjd/tzgg/202003/t20200315_2182091.shtml,status_code:412
2020-03-18 14:30:57,634 - D:/PycharmProject/工作/policy/policy_crawl/spiders/hubeiyjt.py[line:39] - ERROR: url错误:http://yjt.hubei.gov.cn/fbjd/tzgg/202003/t20200315_2182091.shtml
2020-03-18 14:30:58,808 - D:\PycharmProject\工作\policy\policy_crawl\common\fetch.py[line:14] - ERROR: url status_code 错误：http://yjt.hubei.gov.cn/fbjd/tzgg/202003/t20200302_2170362.shtml,status_code:412
2020-03-18 14:30:58,809 - D:/PycharmProject/工作/policy/policy_crawl/spiders/hubeiyjt.py[line:39] - ERROR: url错误:http://yjt.hubei.gov.cn/fbjd/tzgg/202003/t20200302_2170362.shtml
2020-03-18 14:30:59,993 - D:\PycharmProject\工作\policy\policy_crawl\common\fetch.py[line:14] - ERROR: url status_code 错误：http://yjt.hubei.gov.cn/fbjd/tzgg/202002/t20200224_2146626.shtml,status_code:412
2020-03-18 14:30:59,993 - D:/PycharmProject/工作/policy/policy_crawl/spiders/hubeiyjt.py[line:39] - ERROR: url错误:http://yjt.hubei.gov.cn/fbjd/tzgg/202002/t20200224_2146626.shtml
2020-03-18 14:31:01,176 - D:\PycharmProject\工作\policy\policy_crawl\common\fetch.py[line:14] - ERROR: url status_code 错误：http://yjt.hubei.gov.cn/fbjd/tzgg/202002/t20200225_2147443.shtml,status_code:412
2020-03-18 14:31:01,176 - D:/PycharmProject/工作/policy/policy_crawl/spiders/hubeiyjt.py[line:39] - ERROR: url错误:http://yjt.hubei.gov.cn/fbjd/tzgg/202002/t20200225_2147443.shtml
2020-03-18 14:31:03,343 - D:/PycharmProject/工作/policy/policy_crawl/spiders/hubeiyjt.py[line:39] - ERROR: url错误:http://yjt.hubei.gov.cn/fbjd/tzgg/202002/P020200224402674595356.pdf
2020-03-18 14:31:04,508 - D:\PycharmProject\工作\policy\policy_crawl\common\fetch.py[line:14] - ERROR: url status_code 错误：http://yjt.hubei.gov.cn/fbjd/tzgg/202002/t20200225_2147448.shtml,status_code:412
2020-03-18 14:31:04,508 - D:/PycharmProject/工作/policy/policy_crawl/spiders/hubeiyjt.py[line:39] - ERROR: url错误:http://yjt.hubei.gov.cn/fbjd/tzgg/202002/t20200225_2147448.shtml
2020-03-18 14:31:05,684 - D:\PycharmProject\工作\policy\policy_crawl\common\fetch.py[line:14] - ERROR: url status_code 错误：http://yjt.hubei.gov.cn/fbjd/tzgg/202002/t20200225_2147445.shtml,status_code:412
2020-03-18 14:31:05,685 - D:/PycharmProject/工作/policy/policy_crawl/spiders/hubeiyjt.py[line:39] - ERROR: url错误:http://yjt.hubei.gov.cn/fbjd/tzgg/202002/t20200225_2147445.shtml
2020-03-18 14:31:06,890 - D:\PycharmProject\工作\policy\policy_crawl\common\fetch.py[line:14] - ERROR: url status_code 错误：http://yjt.hubei.gov.cn/fbjd/tzgg/202002/t20200215_2028625.shtml,status_code:412
2020-03-18 14:31:06,890 - D:/PycharmProject/工作/policy/policy_crawl/spiders/hubeiyjt.py[line:39] - ERROR: url错误:http://yjt.hubei.gov.cn/fbjd/tzgg/202002/t20200215_2028625.shtml
2020-03-18 14:31:08,049 - D:\PycharmProject\工作\policy\policy_crawl\common\fetch.py[line:14] - ERROR: url status_code 错误：http://yjt.hubei.gov.cn/fbjd/tzgg/202002/t20200212_2024972.shtml,status_code:412
2020-03-18 14:31:08,049 - D:/PycharmProject/工作/policy/policy_crawl/spiders/hubeiyjt.py[line:39] - ERROR: url错误:http://yjt.hubei.gov.cn/fbjd/tzgg/202002/t20200212_2024972.shtml
2020-03-18 14:31:09,275 - D:\PycharmProject\工作\policy\policy_crawl\common\fetch.py[line:14] - ERROR: url status_code 错误：http://yjt.hubei.gov.cn/fbjd/tzgg/202002/t20200211_2023760.shtml,status_code:412
2020-03-18 14:31:09,277 - D:/PycharmProject/工作/policy/policy_crawl/spiders/hubeiyjt.py[line:39] - ERROR: url错误:http://yjt.hubei.gov.cn/fbjd/tzgg/202002/t20200211_2023760.shtml
2020-03-18 14:31:10,460 - D:\PycharmProject\工作\policy\policy_crawl\common\fetch.py[line:14] - ERROR: url status_code 错误：http://yjt.hubei.gov.cn/fbjd/tzgg/202002/t20200209_2022360.shtml,status_code:412
2020-03-18 14:31:10,460 - D:/PycharmProject/工作/policy/policy_crawl/spiders/hubeiyjt.py[line:39] - ERROR: url错误:http://yjt.hubei.gov.cn/fbjd/tzgg/202002/t20200209_2022360.shtml
2020-03-18 14:31:11,604 - D:\PycharmProject\工作\policy\policy_crawl\common\fetch.py[line:14] - ERROR: url status_code 错误：http://yjt.hubei.gov.cn/fbjd/tzgg/202002/t20200207_2021195.shtml,status_code:412
2020-03-18 14:31:11,605 - D:/PycharmProject/工作/policy/policy_crawl/spiders/hubeiyjt.py[line:39] - ERROR: url错误:http://yjt.hubei.gov.cn/fbjd/tzgg/202002/t20200207_2021195.shtml
2020-03-18 14:31:12,786 - D:\PycharmProject\工作\policy\policy_crawl\common\fetch.py[line:14] - ERROR: url status_code 错误：http://yjt.hubei.gov.cn/fbjd/tzgg/202002/t20200205_2019725.shtml,status_code:412
2020-03-18 14:31:12,787 - D:/PycharmProject/工作/policy/policy_crawl/spiders/hubeiyjt.py[line:39] - ERROR: url错误:http://yjt.hubei.gov.cn/fbjd/tzgg/202002/t20200205_2019725.shtml
2020-03-18 14:31:13,967 - D:\PycharmProject\工作\policy\policy_crawl\common\fetch.py[line:14] - ERROR: url status_code 错误：http://yjt.hubei.gov.cn/fbjd/tzgg/202002/t20200202_2017880.shtml,status_code:412
2020-03-18 14:31:13,968 - D:/PycharmProject/工作/policy/policy_crawl/spiders/hubeiyjt.py[line:39] - ERROR: url错误:http://yjt.hubei.gov.cn/fbjd/tzgg/202002/t20200202_2017880.shtml
2020-03-18 14:31:15,124 - D:\PycharmProject\工作\policy\policy_crawl\common\fetch.py[line:14] - ERROR: url status_code 错误：http://yjt.hubei.gov.cn/fbjd/tzgg/202002/t20200201_2017282.shtml,status_code:412
2020-03-18 14:31:15,124 - D:/PycharmProject/工作/policy/policy_crawl/spiders/hubeiyjt.py[line:39] - ERROR: url错误:http://yjt.hubei.gov.cn/fbjd/tzgg/202002/t20200201_2017282.shtml
2020-03-18 14:31:53,699 - D:\PycharmProject\工作\policy\policy_crawl\common\fetch.py[line:14] - ERROR: url status_code 错误：http://yjt.hubei.gov.cn/fbjd/tzgg/202003/t20200315_2182091.shtml,status_code:412
2020-03-18 14:31:53,700 - D:/PycharmProject/工作/policy/policy_crawl/spiders/hubeiyjt.py[line:40] - ERROR: url错误:http://yjt.hubei.gov.cn/fbjd/tzgg/202003/t20200315_2182091.shtml
2020-03-18 14:32:29,775 - D:\PycharmProject\工作\policy\policy_crawl\common\fetch.py[line:14] - ERROR: url status_code 错误：http://yjt.hubei.gov.cn/fbjd/tzgg/202003/t20200315_2182091.shtml,status_code:412
2020-03-18 14:32:29,776 - D:/PycharmProject/工作/policy/policy_crawl/spiders/hubeiyjt.py[line:41] - ERROR: url错误:http://yjt.hubei.gov.cn/fbjd/tzgg/202003/t20200315_2182091.shtml
2020-03-18 14:33:08,363 - D:\PycharmProject\工作\policy\policy_crawl\common\fetch.py[line:14] - ERROR: url status_code 错误：http://yjt.hubei.gov.cn/fbjd/tzgg/202003/t20200315_2182091.shtml,status_code:412
2020-03-18 14:33:08,363 - D:/PycharmProject/工作/policy/policy_crawl/spiders/hubeiyjt.py[line:40] - ERROR: url错误:http://yjt.hubei.gov.cn/fbjd/tzgg/202003/t20200315_2182091.shtml
2020-03-18 14:34:38,507 - D:\PycharmProject\工作\policy\policy_crawl\common\fetch.py[line:14] - ERROR: url status_code 错误：http://yjt.hubei.gov.cn/fbjd/tzgg/202003/t20200315_2182091.shtml,status_code:412
2020-03-18 14:34:38,507 - D:/PycharmProject/工作/policy/policy_crawl/spiders/hubeiyjt.py[line:40] - ERROR: url错误:http://yjt.hubei.gov.cn/fbjd/tzgg/202003/t20200315_2182091.shtml
2020-03-18 14:36:37,447 - D:\PycharmProject\工作\policy\policy_crawl\common\fetch.py[line:14] - ERROR: url status_code 错误：http://yjt.hubei.gov.cn/fbjd/tzgg/202003/t20200315_2182091.shtml,status_code:412
2020-03-18 14:36:37,447 - D:/PycharmProject/工作/policy/policy_crawl/spiders/hubeiyjt.py[line:39] - ERROR: url错误:http://yjt.hubei.gov.cn/fbjd/tzgg/202003/t20200315_2182091.shtml
2020-03-18 14:37:08,189 - D:\PycharmProject\工作\policy\policy_crawl\common\fetch.py[line:14] - ERROR: url status_code 错误：http://yjt.hubei.gov.cn/fbjd/tzgg/202003/t20200315_2182091.shtml,status_code:412
2020-03-18 14:37:08,190 - D:/PycharmProject/工作/policy/policy_crawl/spiders/hubeiyjt.py[line:40] - ERROR: url错误:http://yjt.hubei.gov.cn/fbjd/tzgg/202003/t20200315_2182091.shtml
2020-03-18 14:39:06,806 - D:\PycharmProject\工作\policy\policy_crawl\common\fetch.py[line:14] - ERROR: url status_code 错误：http://yjt.hubei.gov.cn/fbjd/tzgg/202003/t20200315_2182091.shtml,status_code:412
2020-03-18 14:39:06,807 - D:/PycharmProject/工作/policy/policy_crawl/spiders/hubeiyjt.py[line:40] - ERROR: url错误:http://yjt.hubei.gov.cn/fbjd/tzgg/202003/t20200315_2182091.shtml
2020-03-18 14:43:52,007 - D:/PycharmProject/工作/policy/policy_crawl/spiders/neris.py[line:25] - ERROR: url:https://neris.csrc.gov.cn/falvfagui/rdqsHeader/mainbody?navbarId=1&secFutrsLawId=4dc0f74af66043758511fe4ac0276ffe 未找到publish_time
2020-03-18 14:44:12,431 - D:/PycharmProject/工作/policy/policy_crawl/spiders/neris.py[line:25] - ERROR: url:https://neris.csrc.gov.cn/falvfagui/rdqsHeader/mainbody?navbarId=1&secFutrsLawId=c61ef99ec55d42f49dfba355234ee0da 未找到publish_time
2020-03-18 14:44:17,842 - D:/PycharmProject/工作/policy/policy_crawl/spiders/neris.py[line:25] - ERROR: url:https://neris.csrc.gov.cn/falvfagui/rdqsHeader/mainbody?navbarId=1&secFutrsLawId=e9281f707707428aafea5af00f5280c4 未找到publish_time
2020-03-18 14:47:18,382 - D:/PycharmProject/工作/policy/policy_crawl/spiders/hubeiyjt.py[line:37] - ERROR: url错误:http://yjt.hubei.gov.cn/fbjd/tzgg/202002/P020200224402674595356.pdf
2020-03-18 14:52:44,259 - D:/PycharmProject/工作/policy/policy_crawl/spiders/neris.py[line:25] - ERROR: url:https://neris.csrc.gov.cn/falvfagui/rdqsHeader/mainbody?navbarId=1&secFutrsLawId=0534b7979908424aa0fbd5b228e9473a 未找到publish_time
2020-03-18 14:53:05,145 - D:/PycharmProject/工作/policy/policy_crawl/spiders/neris.py[line:25] - ERROR: url:https://neris.csrc.gov.cn/falvfagui/rdqsHeader/mainbody?navbarId=1&secFutrsLawId=fc13201fb4e74f01861477c5974dbb7c 未找到publish_time
2020-03-18 14:56:21,744 - D:/PycharmProject/工作/policy/policy_crawl/spiders/neris.py[line:25] - ERROR: url:https://neris.csrc.gov.cn/falvfagui/rdqsHeader/mainbody?navbarId=1&secFutrsLawId=1964b69fc29c421985842b9db90f3913 未找到publish_time
2020-03-18 14:56:25,821 - D:/PycharmProject/工作/policy/policy_crawl/spiders/hubeiyjt.py[line:37] - ERROR: url错误:http://yjt.hubei.gov.cn/fbjd/tzgg/201911/t20191120_1359405.shtml
2020-03-18 14:57:05,344 - D:/PycharmProject/工作/policy/policy_crawl/spiders/hubeiyjt.py[line:37] - ERROR: url错误:http://yjt.hubei.gov.cn/fbjd/tzgg/201911/t20191118_1359407.shtml
2020-03-18 14:57:23,236 - D:/PycharmProject/工作/policy/policy_crawl/spiders/hubeiyjt.py[line:37] - ERROR: url错误:http://yjt.hubei.gov.cn/fbjd/tzgg/201911/t20191118_1359408.shtml
2020-03-18 14:57:41,000 - D:/PycharmProject/工作/policy/policy_crawl/spiders/hubeiyjt.py[line:37] - ERROR: url错误:http://yjt.hubei.gov.cn/fbjd/tzgg/201911/t20191112_1359409.shtml
2020-03-18 14:57:59,270 - D:/PycharmProject/工作/policy/policy_crawl/spiders/hubeiyjt.py[line:37] - ERROR: url错误:http://yjt.hubei.gov.cn/fbjd/tzgg/201911/t20191112_1359410.shtml
2020-03-18 14:58:18,105 - D:/PycharmProject/工作/policy/policy_crawl/spiders/hubeiyjt.py[line:37] - ERROR: url错误:http://yjt.hubei.gov.cn/fbjd/tzgg/201911/t20191108_1359411.shtml
2020-03-18 14:58:44,965 - D:/PycharmProject/工作/policy/policy_crawl/spiders/hubeiyjt.py[line:37] - ERROR: url错误:http://yjt.hubei.gov.cn/fbjd/tzgg/201911/t20191108_1359412.shtml
2020-03-18 14:59:03,460 - D:/PycharmProject/工作/policy/policy_crawl/spiders/hubeiyjt.py[line:37] - ERROR: url错误:http://yjt.hubei.gov.cn/fbjd/tzgg/201911/t20191108_1359413.shtml
2020-03-18 14:59:21,227 - D:/PycharmProject/工作/policy/policy_crawl/spiders/hubeiyjt.py[line:37] - ERROR: url错误:http://yjt.hubei.gov.cn/fbjd/tzgg/201911/t20191107_1359414.shtml
2020-03-18 14:59:41,943 - D:/PycharmProject/工作/policy/policy_crawl/spiders/hubeiyjt.py[line:37] - ERROR: url错误:http://yjt.hubei.gov.cn/fbjd/tzgg/201911/t20191105_1359415.shtml
2020-03-18 15:00:00,976 - D:/PycharmProject/工作/policy/policy_crawl/spiders/hubeiyjt.py[line:37] - ERROR: url错误:http://yjt.hubei.gov.cn/fbjd/tzgg/201911/t20191105_1359416.shtml
2020-03-18 15:00:21,470 - D:/PycharmProject/工作/policy/policy_crawl/spiders/hubeiyjt.py[line:37] - ERROR: url错误:http://yjt.hubei.gov.cn/fbjd/tzgg/201910/t20191031_1359417.shtml
2020-03-18 15:00:29,914 - D:/PycharmProject/工作/policy/policy_crawl/spiders/neris.py[line:25] - ERROR: url:https://neris.csrc.gov.cn/falvfagui/rdqsHeader/mainbody?navbarId=1&secFutrsLawId=cbdf7cbac2bd4d11b48d042c266658cd 未找到publish_time
2020-03-18 15:00:40,388 - D:/PycharmProject/工作/policy/policy_crawl/spiders/neris.py[line:25] - ERROR: url:https://neris.csrc.gov.cn/falvfagui/rdqsHeader/mainbody?navbarId=1&secFutrsLawId=77c072806d6945f69e9ce806b1c920a2 未找到publish_time
2020-03-18 15:00:42,139 - D:/PycharmProject/工作/policy/policy_crawl/spiders/hubeiyjt.py[line:37] - ERROR: url错误:http://yjt.hubei.gov.cn/fbjd/tzgg/201910/t20191028_1359418.shtml
2020-03-18 15:00:43,765 - D:/PycharmProject/工作/policy/policy_crawl/spiders/neris.py[line:25] - ERROR: url:https://neris.csrc.gov.cn/falvfagui/rdqsHeader/mainbody?navbarId=1&secFutrsLawId=aa198d86648544369b9d52aa8dc3f7b2 未找到publish_time
2020-03-18 15:01:07,455 - D:/PycharmProject/工作/policy/policy_crawl/spiders/hubeiyjt.py[line:37] - ERROR: url错误:http://yjt.hubei.gov.cn/fbjd/tzgg/201910/t20191025_1359419.shtml
2020-03-18 15:01:25,632 - D:/PycharmProject/工作/policy/policy_crawl/spiders/hubeiyjt.py[line:37] - ERROR: url错误:http://yjt.hubei.gov.cn/fbjd/tzgg/201910/t20191024_1359420.shtml
2020-03-18 15:01:44,462 - D:/PycharmProject/工作/policy/policy_crawl/spiders/hubeiyjt.py[line:37] - ERROR: url错误:http://yjt.hubei.gov.cn/fbjd/tzgg/201910/t20191021_1359421.shtml
2020-03-18 15:02:05,674 - D:/PycharmProject/工作/policy/policy_crawl/spiders/hubeiyjt.py[line:37] - ERROR: url错误:http://yjt.hubei.gov.cn/fbjd/tzgg/201910/t20191020_1359422.shtml
2020-03-18 15:02:27,576 - D:/PycharmProject/工作/policy/policy_crawl/spiders/hubeiyjt.py[line:37] - ERROR: url错误:http://yjt.hubei.gov.cn/fbjd/tzgg/201910/t20191018_1359423.shtml
2020-03-18 15:02:47,243 - D:/PycharmProject/工作/policy/policy_crawl/spiders/hubeiyjt.py[line:37] - ERROR: url错误:http://yjt.hubei.gov.cn/fbjd/tzgg/201910/t20191017_1359424.shtml
2020-03-18 15:03:06,998 - D:/PycharmProject/工作/policy/policy_crawl/spiders/hubeiyjt.py[line:37] - ERROR: url错误:http://yjt.hubei.gov.cn/fbjd/tzgg/201910/t20191017_1359425.shtml
2020-03-18 15:03:30,329 - D:/PycharmProject/工作/policy/policy_crawl/spiders/hubeiyjt.py[line:37] - ERROR: url错误:http://yjt.hubei.gov.cn/fbjd/tzgg/201910/t20191017_1359426.shtml
2020-03-18 15:04:07,534 - D:/PycharmProject/工作/policy/policy_crawl/spiders/hubeiyjt.py[line:37] - ERROR: url错误:http://yjt.hubei.gov.cn/fbjd/tzgg/201910/t20191014_1359427.shtml
2020-03-18 15:04:26,693 - D:/PycharmProject/工作/policy/policy_crawl/spiders/hubeiyjt.py[line:37] - ERROR: url错误:http://yjt.hubei.gov.cn/fbjd/tzgg/201910/t20191012_1359428.shtml
2020-03-18 15:04:40,974 - D:/PycharmProject/工作/policy/policy_crawl/spiders/neris.py[line:25] - ERROR: url:https://neris.csrc.gov.cn/falvfagui/rdqsHeader/mainbody?navbarId=1&secFutrsLawId=06a581f8ab614489b971cdde3528fa2b 未找到publish_time
2020-03-18 15:06:21,019 - D:/PycharmProject/工作/policy/policy_crawl/spiders/hubeiyjt.py[line:37] - ERROR: url错误:http://yjt.hubei.gov.cn/fbjd/tzgg/201911/t20191108_1359412.shtml
2020-03-18 15:06:34,325 - D:/PycharmProject/工作/policy/policy_crawl/spiders/neris.py[line:25] - ERROR: url:https://neris.csrc.gov.cn/falvfagui/rdqsHeader/mainbody?navbarId=1&secFutrsLawId=d54a7fe43e194109b94ca547388f6fde 未找到publish_time
2020-03-18 15:08:42,756 - D:\PycharmProject\工作\policy\policy_crawl\common\fetch.py[line:14] - ERROR: url status_code 错误：https://neris.csrc.gov.cn/falvfagui/rdqsHeader/mainbody?navbarId=1&secFutrsLawId=ab60364e1c7f494f8d27340bdf9a6649,status_code:403
2020-03-18 15:09:15,067 - D:\PycharmProject\工作\policy\policy_crawl\common\fetch.py[line:23] - ERROR: url status_code 错误：https://neris.csrc.gov.cn/falvfagui/rdqsHeader/informationController,status_code:403
2020-03-18 15:13:18,726 - D:/PycharmProject/工作/policy/policy_crawl/spiders/neris.py[line:25] - ERROR: url:https://neris.csrc.gov.cn/falvfagui/rdqsHeader/mainbody?navbarId=1&secFutrsLawId=cbdf7cbac2bd4d11b48d042c266658cd 未找到publish_time
2020-03-18 15:13:31,222 - D:/PycharmProject/工作/policy/policy_crawl/spiders/neris.py[line:25] - ERROR: url:https://neris.csrc.gov.cn/falvfagui/rdqsHeader/mainbody?navbarId=1&secFutrsLawId=77c072806d6945f69e9ce806b1c920a2 未找到publish_time
2020-03-18 15:15:21,313 - D:/PycharmProject/工作/policy/policy_crawl/spiders/neris.py[line:25] - ERROR: url:https://neris.csrc.gov.cn/falvfagui/rdqsHeader/mainbody?navbarId=1&secFutrsLawId=aa198d86648544369b9d52aa8dc3f7b2 未找到publish_time
2020-03-18 15:16:02,558 - D:/PycharmProject/工作/policy/policy_crawl/spiders/neris.py[line:25] - ERROR: url:https://neris.csrc.gov.cn/falvfagui/rdqsHeader/mainbody?navbarId=1&secFutrsLawId=06a581f8ab614489b971cdde3528fa2b 未找到publish_time
2020-03-18 15:18:04,672 - D:/PycharmProject/工作/policy/policy_crawl/spiders/neris.py[line:25] - ERROR: url:https://neris.csrc.gov.cn/falvfagui/rdqsHeader/mainbody?navbarId=1&secFutrsLawId=d54a7fe43e194109b94ca547388f6fde 未找到publish_time
2020-03-18 15:20:28,190 - D:/PycharmProject/工作/policy/policy_crawl/spiders/neris.py[line:25] - ERROR: url:https://neris.csrc.gov.cn/falvfagui/rdqsHeader/mainbody?navbarId=1&secFutrsLawId=ab60364e1c7f494f8d27340bdf9a6649 未找到publish_time
2020-03-18 15:21:08,074 - D:/PycharmProject/工作/policy/policy_crawl/spiders/neimenggufinance.py[line:39] - ERROR: url错误:http://szs.mof.gov.cn/zhengwuxinxi/zhengcefabu/201911/t20191119_3425213.html
2020-03-18 15:21:09,183 - D:/PycharmProject/工作/policy/policy_crawl/spiders/neimenggufinance.py[line:39] - ERROR: url错误:http://sbs.mof.gov.cn/zhengwuxinxi/zhengcefabu/201911/t20191129_3432277.html
2020-03-18 15:21:10,289 - D:/PycharmProject/工作/policy/policy_crawl/spiders/neimenggufinance.py[line:39] - ERROR: url错误:http://gks.mof.gov.cn/zhengfuxinxi/guizhangzhidu/201912/t20191202_3433454.html
2020-03-18 15:21:11,382 - D:/PycharmProject/工作/policy/policy_crawl/spiders/neimenggufinance.py[line:39] - ERROR: url错误:http://nys.mof.gov.cn/zhengfuxinxi/czpjZhengCeFaBu_2_2/201911/t20191112_3420712.html
2020-03-18 15:21:12,525 - D:/PycharmProject/工作/policy/policy_crawl/spiders/neimenggufinance.py[line:39] - ERROR: url错误:http://nys.mof.gov.cn/zhengfuxinxi/czpjZhengCeFaBu_2_2/201911/t20191118_3424455.html
2020-03-18 15:21:13,676 - D:/PycharmProject/工作/policy/policy_crawl/spiders/neimenggufinance.py[line:39] - ERROR: url错误:http://szs.mof.gov.cn/zhengwuxinxi/zhengcefabu/201911/t20191114_3422652.html
2020-03-18 15:21:14,766 - D:/PycharmProject/工作/policy/policy_crawl/spiders/neimenggufinance.py[line:39] - ERROR: url错误:http://szs.mof.gov.cn/zhengwuxinxi/zhengcefabu/201911/t20191118_3424190.html
2020-03-18 15:21:15,880 - D:/PycharmProject/工作/policy/policy_crawl/spiders/neimenggufinance.py[line:39] - ERROR: url错误:http://nys.mof.gov.cn/zhengfuxinxi/czpjZhengCeFaBu_2_2/201911/t20191118_3424455.html
2020-03-18 15:21:17,502 - D:/PycharmProject/工作/policy/policy_crawl/spiders/neimenggufinance.py[line:23] - ERROR: url:http://yss.mof.gov.cn/zhengwuxinxi/zhengceguizhang/201911/t20191106_3417371.html 未找到publish_time
2020-03-18 15:21:18,619 - D:/PycharmProject/工作/policy/policy_crawl/spiders/neimenggufinance.py[line:39] - ERROR: url错误:http://szs.mof.gov.cn/zhengwuxinxi/zhengcefabu/201910/t20191028_3411226.html
2020-03-18 15:21:18,624 - D:/PycharmProject/工作/policy/policy_crawl/spiders/neimenggufinance.py[line:23] - ERROR: url:http://szs.mof.gov.cn/zhengwuxinxi/zhengcefabu/201910/t20191028_3411226.html 未找到publish_time
2020-03-18 15:21:19,785 - D:/PycharmProject/工作/policy/policy_crawl/spiders/neimenggufinance.py[line:39] - ERROR: url错误:http://gss.mof.gov.cn/zhengwuxinxi/zhengcefabu/201911/t20191105_3415916.html
2020-03-18 15:21:19,791 - D:/PycharmProject/工作/policy/policy_crawl/spiders/neimenggufinance.py[line:23] - ERROR: url:http://gss.mof.gov.cn/zhengwuxinxi/zhengcefabu/201911/t20191105_3415916.html 未找到publish_time
2020-03-18 15:21:20,914 - D:/PycharmProject/工作/policy/policy_crawl/spiders/neimenggufinance.py[line:23] - ERROR: url:http://yss.mof.gov.cn/zhengwuxinxi/zhengceguizhang/201911/t20191105_3416153.html 未找到publish_time
2020-03-18 15:21:22,049 - D:/PycharmProject/工作/policy/policy_crawl/spiders/neimenggufinance.py[line:23] - ERROR: url:http://yss.mof.gov.cn/zhengwuxinxi/zhengceguizhang/201911/t20191105_3416234.html 未找到publish_time
2020-03-18 15:21:23,154 - D:/PycharmProject/工作/policy/policy_crawl/spiders/neimenggufinance.py[line:39] - ERROR: url错误:http://kjs.mof.gov.cn/zhengwuxinxi/zhengcefabu/201910/t20191031_3413259.html
2020-03-18 15:21:23,155 - D:/PycharmProject/工作/policy/policy_crawl/spiders/neimenggufinance.py[line:23] - ERROR: url:http://kjs.mof.gov.cn/zhengwuxinxi/zhengcefabu/201910/t20191031_3413259.html 未找到publish_time
2020-03-18 15:21:25,134 - D:/PycharmProject/工作/policy/policy_crawl/spiders/neimenggufinance.py[line:39] - ERROR: url错误:http://szs.mof.gov.cn/zhengwuxinxi/zhengcefabu/201910/t20191022_3407253.html
2020-03-18 15:21:25,137 - D:/PycharmProject/工作/policy/policy_crawl/spiders/neimenggufinance.py[line:23] - ERROR: url:http://szs.mof.gov.cn/zhengwuxinxi/zhengcefabu/201910/t20191022_3407253.html 未找到publish_time
2020-03-18 15:21:26,336 - D:/PycharmProject/工作/policy/policy_crawl/spiders/neimenggufinance.py[line:39] - ERROR: url错误:http://kjs.mof.gov.cn/zhengwuxinxi/zhengcefabu/201910/t20191024_3408449.html
2020-03-18 15:21:26,339 - D:/PycharmProject/工作/policy/policy_crawl/spiders/neimenggufinance.py[line:23] - ERROR: url:http://kjs.mof.gov.cn/zhengwuxinxi/zhengcefabu/201910/t20191024_3408449.html 未找到publish_time
2020-03-18 15:21:27,471 - D:/PycharmProject/工作/policy/policy_crawl/spiders/neimenggufinance.py[line:39] - ERROR: url错误:http://szs.mof.gov.cn/zhengwuxinxi/zhengcefabu/201909/t20190930_3396184.html
2020-03-18 15:21:27,474 - D:/PycharmProject/工作/policy/policy_crawl/spiders/neimenggufinance.py[line:23] - ERROR: url:http://szs.mof.gov.cn/zhengwuxinxi/zhengcefabu/201909/t20190930_3396184.html 未找到publish_time
2020-03-18 15:21:28,589 - D:/PycharmProject/工作/policy/policy_crawl/spiders/neimenggufinance.py[line:39] - ERROR: url错误:http://jrs.mof.gov.cn/zhengwuxinxi/zhengcefabu/201910/t20191012_3400537.html
2020-03-18 15:21:28,592 - D:/PycharmProject/工作/policy/policy_crawl/spiders/neimenggufinance.py[line:23] - ERROR: url:http://jrs.mof.gov.cn/zhengwuxinxi/zhengcefabu/201910/t20191012_3400537.html 未找到publish_time
2020-03-18 15:21:30,127 - D:/PycharmProject/工作/policy/policy_crawl/spiders/neimenggufinance.py[line:39] - ERROR: url错误:http://jkw.mof.gov.cn/zhengwuxinxi/zhengcefabu/201910/t20191012_3400727.html
2020-03-18 15:21:31,345 - D:/PycharmProject/工作/policy/policy_crawl/spiders/neimenggufinance.py[line:39] - ERROR: url错误:http://jkw.mof.gov.cn/zhengwuxinxi/zhengcefabu/201910/t20191015_3402695.html
2020-03-18 15:21:32,469 - D:/PycharmProject/工作/policy/policy_crawl/spiders/neimenggufinance.py[line:39] - ERROR: url错误:http://sbs.mof.gov.cn/zhengwuxinxi/zhengcefabu/201910/t20191016_3403324.html
2020-03-18 15:21:33,667 - D:/PycharmProject/工作/policy/policy_crawl/spiders/neimenggufinance.py[line:39] - ERROR: url错误:http://sbs.mof.gov.cn/zhengwuxinxi/zhengcefabu/201910/t20191017_3404846.html
2020-03-18 15:21:34,829 - D:/PycharmProject/工作/policy/policy_crawl/spiders/neimenggufinance.py[line:39] - ERROR: url错误:http://jrs.mof.gov.cn/zhengwuxinxi/zhengcefabu/201910/t20191018_3405076.html
2020-03-18 15:21:35,931 - D:/PycharmProject/工作/policy/policy_crawl/spiders/neimenggufinance.py[line:39] - ERROR: url错误:http://zcgls.mof.gov.cn/zhengwuxinxi/zhengcefabu/201910/t20191011_3399709.html
2020-03-18 15:21:37,043 - D:/PycharmProject/工作/policy/policy_crawl/spiders/neimenggufinance.py[line:39] - ERROR: url错误:http://zcgls.mof.gov.cn/zhengwuxinxi/zhengcefabu/201909/t20190920_3389686.html
2020-03-18 15:21:38,126 - D:/PycharmProject/工作/policy/policy_crawl/spiders/neimenggufinance.py[line:39] - ERROR: url错误:http://kjs.mof.gov.cn/zhengwuxinxi/zhengcefabu/201909/t20190927_3394088.html
2020-03-18 15:21:39,281 - D:/PycharmProject/工作/policy/policy_crawl/spiders/neimenggufinance.py[line:39] - ERROR: url错误:http://szs.mof.gov.cn/zhengwuxinxi/zhengcefabu/201909/t20190911_3384890.html
2020-03-18 15:21:40,393 - D:/PycharmProject/工作/policy/policy_crawl/spiders/neimenggufinance.py[line:39] - ERROR: url错误:http://szs.mof.gov.cn/zhengwuxinxi/zhengcefabu/201909/t20190911_3384891.html
2020-03-18 15:21:41,835 - D:/PycharmProject/工作/policy/policy_crawl/spiders/neimenggufinance.py[line:39] - ERROR: url错误:http://zhs.mof.gov.cn/zhengwuxinxi/zhengcefabu/201909/t20190912_3385739.html
2020-03-18 15:21:42,975 - D:/PycharmProject/工作/policy/policy_crawl/spiders/neimenggufinance.py[line:39] - ERROR: url错误:http://szs.mof.gov.cn/zhengwuxinxi/zhengcefabu/201908/t20190816_3365377.html
2020-03-18 15:21:44,061 - D:/PycharmProject/工作/policy/policy_crawl/spiders/neimenggufinance.py[line:39] - ERROR: url错误:http://gks.mof.gov.cn/zhengfuxinxi/guizhangzhidu/201908/t20190819_3367318.html
2020-03-18 15:21:45,269 - D:/PycharmProject/工作/policy/policy_crawl/spiders/neimenggufinance.py[line:23] - ERROR: url:http://xzzf.mof.gov.cn/zhengwuxinxi/zhengcefabu/201908/t20190819_3367500.html 未找到publish_time
2020-03-18 15:21:46,441 - D:/PycharmProject/工作/policy/policy_crawl/spiders/neimenggufinance.py[line:39] - ERROR: url错误:http://pjzx.mof.gov.cn/zhengwuxinxi/zhengceguiding/201908/t20190801_3345950.html
2020-03-18 15:21:46,444 - D:/PycharmProject/工作/policy/policy_crawl/spiders/neimenggufinance.py[line:23] - ERROR: url:http://pjzx.mof.gov.cn/zhengwuxinxi/zhengceguiding/201908/t20190801_3345950.html 未找到publish_time
2020-03-18 15:21:47,609 - D:/PycharmProject/工作/policy/policy_crawl/spiders/neimenggufinance.py[line:39] - ERROR: url错误:http://yss.mof.gov.cn/zhuantilanmu/ysjxgl/201907/t20190731_3339251.html
2020-03-18 15:21:47,614 - D:/PycharmProject/工作/policy/policy_crawl/spiders/neimenggufinance.py[line:23] - ERROR: url:http://yss.mof.gov.cn/zhuantilanmu/ysjxgl/201907/t20190731_3339251.html 未找到publish_time
2020-03-18 15:21:48,714 - D:/PycharmProject/工作/policy/policy_crawl/spiders/neimenggufinance.py[line:39] - ERROR: url错误:http://jrs.mof.gov.cn/zhengwuxinxi/zhengcefabu/201907/t20190729_3310673.html
2020-03-18 15:21:48,716 - D:/PycharmProject/工作/policy/policy_crawl/spiders/neimenggufinance.py[line:23] - ERROR: url:http://jrs.mof.gov.cn/zhengwuxinxi/zhengcefabu/201907/t20190729_3310673.html 未找到publish_time
2020-03-18 15:21:49,853 - D:/PycharmProject/工作/policy/policy_crawl/spiders/neimenggufinance.py[line:39] - ERROR: url错误:http://zhs.mof.gov.cn/zhengwuxinxi/zhengcefabu/201907/t20190725_3307957.html
2020-03-18 15:21:49,857 - D:/PycharmProject/工作/policy/policy_crawl/spiders/neimenggufinance.py[line:23] - ERROR: url:http://zhs.mof.gov.cn/zhengwuxinxi/zhengcefabu/201907/t20190725_3307957.html 未找到publish_time
2020-03-18 15:21:51,416 - D:/PycharmProject/工作/policy/policy_crawl/spiders/neimenggufinance.py[line:23] - ERROR: url:http://whs.mof.gov.cn/pdlb/zcfb/201907/t20190709_3293103.html 未找到publish_time
2020-03-18 15:21:52,533 - D:/PycharmProject/工作/policy/policy_crawl/spiders/neimenggufinance.py[line:39] - ERROR: url错误:http://szs.mof.gov.cn/zhengwuxinxi/zhengcefabu/201906/t20190627_3286550.html
2020-03-18 15:21:52,536 - D:/PycharmProject/工作/policy/policy_crawl/spiders/neimenggufinance.py[line:23] - ERROR: url:http://szs.mof.gov.cn/zhengwuxinxi/zhengcefabu/201906/t20190627_3286550.html 未找到publish_time
2020-03-18 15:21:53,944 - D:/PycharmProject/工作/policy/policy_crawl/spiders/neimenggufinance.py[line:39] - ERROR: url错误:http://jjs.mof.gov.cn/zhengwuxinxi/zhengcefagui/201907/t20190702_3289396.html
2020-03-18 15:21:55,048 - D:/PycharmProject/工作/policy/policy_crawl/spiders/neimenggufinance.py[line:39] - ERROR: url错误:http://jjs.mof.gov.cn/zhengwuxinxi/zhengcefagui/201906/t20190619_3280596.html
2020-03-18 15:21:56,164 - D:/PycharmProject/工作/policy/policy_crawl/spiders/neimenggufinance.py[line:39] - ERROR: url错误:http://szs.mof.gov.cn/zhengwuxinxi/zhengcefabu/201906/t20190625_3284467.html
2020-03-18 15:21:57,381 - D:/PycharmProject/工作/policy/policy_crawl/spiders/neimenggufinance.py[line:23] - ERROR: url:http://xzzf.mof.gov.cn/zhengwuxinxi/zhengcefabu/201906/t20190627_3286242.html 未找到publish_time
2020-03-18 15:21:58,495 - D:/PycharmProject/工作/policy/policy_crawl/spiders/neimenggufinance.py[line:39] - ERROR: url错误:http://yss.mof.gov.cn/zhuantilanmu/dfzgl/zcfg/201906/t20190620_3281702.html
2020-03-18 15:21:58,498 - D:/PycharmProject/工作/policy/policy_crawl/spiders/neimenggufinance.py[line:23] - ERROR: url:http://yss.mof.gov.cn/zhuantilanmu/dfzgl/zcfg/201906/t20190620_3281702.html 未找到publish_time
2020-03-18 15:21:59,592 - D:/PycharmProject/工作/policy/policy_crawl/spiders/neimenggufinance.py[line:39] - ERROR: url错误:http://nys.mof.gov.cn/zhengfuxinxi/czpjZhengCeFaBu_2_2/201906/t20190619_3280851.html
2020-03-18 15:21:59,597 - D:/PycharmProject/工作/policy/policy_crawl/spiders/neimenggufinance.py[line:23] - ERROR: url:http://nys.mof.gov.cn/zhengfuxinxi/czpjZhengCeFaBu_2_2/201906/t20190619_3280851.html 未找到publish_time
2020-03-18 15:22:00,722 - D:/PycharmProject/工作/policy/policy_crawl/spiders/neimenggufinance.py[line:39] - ERROR: url错误:http://jjs.mof.gov.cn/zhengwuxinxi/zhengcefagui/201906/t20190610_3273966.html
2020-03-18 15:22:00,725 - D:/PycharmProject/工作/policy/policy_crawl/spiders/neimenggufinance.py[line:23] - ERROR: url:http://jjs.mof.gov.cn/zhengwuxinxi/zhengcefagui/201906/t20190610_3273966.html 未找到publish_time
2020-03-18 15:22:01,843 - D:/PycharmProject/工作/policy/policy_crawl/spiders/neimenggufinance.py[line:39] - ERROR: url错误:http://sbs.mof.gov.cn/zhengwuxinxi/zhengcefabu/201906/t20190606_3273114.html
2020-03-18 15:22:01,845 - D:/PycharmProject/工作/policy/policy_crawl/spiders/neimenggufinance.py[line:23] - ERROR: url:http://sbs.mof.gov.cn/zhengwuxinxi/zhengcefabu/201906/t20190606_3273114.html 未找到publish_time
2020-03-18 15:22:02,932 - D:/PycharmProject/工作/policy/policy_crawl/spiders/neimenggufinance.py[line:39] - ERROR: url错误:http://yss.mof.gov.cn/zhengwuxinxi/gongzuodongtai/201905/t20190528_3266724.html
2020-03-18 15:22:02,935 - D:/PycharmProject/工作/policy/policy_crawl/spiders/neimenggufinance.py[line:23] - ERROR: url:http://yss.mof.gov.cn/zhengwuxinxi/gongzuodongtai/201905/t20190528_3266724.html 未找到publish_time
2020-03-18 15:22:04,315 - D:/PycharmProject/工作/policy/policy_crawl/spiders/neimenggufinance.py[line:23] - ERROR: url:http://kjs.mof.gov.cn/zhengwuxinxi/zhengcefabu/201905/t20190529_3267525.html  未找到publish_time
2020-03-18 15:22:05,944 - D:/PycharmProject/工作/policy/policy_crawl/spiders/neimenggufinance.py[line:39] - ERROR: url错误:http://gks.mof.gov.cn/zhengfuxinxi/guizhangzhidu/201905/t20190520_3261338.html
2020-03-18 15:22:07,077 - D:/PycharmProject/工作/policy/policy_crawl/spiders/neimenggufinance.py[line:39] - ERROR: url错误:http://szs.mof.gov.cn/zhengwuxinxi/zhengcefabu/201905/t20190527_3265763.html
2020-03-18 15:22:08,231 - D:/PycharmProject/工作/policy/policy_crawl/spiders/neimenggufinance.py[line:39] - ERROR: url错误:http://szs.mof.gov.cn/zhengwuxinxi/zhengcefabu/201904/t20190425_3234504.html
2020-03-18 15:22:09,327 - D:/PycharmProject/工作/policy/policy_crawl/spiders/neimenggufinance.py[line:39] - ERROR: url错误:http://gss.mof.gov.cn/zhengwuxinxi/zhengcefabu/201905/t20190513_3256788.html
2020-03-18 15:22:10,677 - D:/PycharmProject/工作/policy/policy_crawl/spiders/neimenggufinance.py[line:39] - ERROR: url错误:http://jjs.mof.gov.cn/zhengwuxinxi/zhengcefagui/201905/t20190508_3251282.html
2020-03-18 15:22:11,788 - D:/PycharmProject/工作/policy/policy_crawl/spiders/neimenggufinance.py[line:39] - ERROR: url错误:http://szs.mof.gov.cn/zhengwuxinxi/zhengcefabu/201904/t20190418_3227846.html
2020-03-18 15:22:12,969 - D:/PycharmProject/工作/policy/policy_crawl/spiders/neimenggufinance.py[line:39] - ERROR: url错误:http://jkw.mof.gov.cn/zhengwuxinxi/zhengcefabu/201904/t20190418_3227628.html
2020-03-18 15:22:14,084 - D:/PycharmProject/工作/policy/policy_crawl/spiders/neimenggufinance.py[line:39] - ERROR: url错误:http://gss.mof.gov.cn/zhengwuxinxi/zhengcefabu/201904/t20190408_3216190.html
2020-03-18 15:22:15,211 - D:/PycharmProject/工作/policy/policy_crawl/spiders/neimenggufinance.py[line:39] - ERROR: url错误:http://szs.mof.gov.cn/zhengwuxinxi/zhengcefabu/201904/t20190410_3220481.html
2020-03-18 15:22:16,378 - D:/PycharmProject/工作/policy/policy_crawl/spiders/neimenggufinance.py[line:39] - ERROR: url错误:http://szs.mof.gov.cn/zhengwuxinxi/zhengcefabu/201903/t20190315_3194018.html
2020-03-18 15:22:17,785 - D:/PycharmProject/工作/policy/policy_crawl/spiders/neimenggufinance.py[line:39] - ERROR: url错误:http://xzzf.mof.gov.cn/zhengwuxinxi/zhengcefabu/201902/t20190227_3179111.html
2020-03-18 15:22:18,908 - D:/PycharmProject/工作/policy/policy_crawl/spiders/neimenggufinance.py[line:39] - ERROR: url错误:http://nys.mof.gov.cn/zhengfuxinxi/czpjZhengCeFaBu_2_2/201903/t20190313_3192010.html
2020-03-18 15:22:20,217 - D:/PycharmProject/工作/policy/policy_crawl/spiders/neimenggufinance.py[line:39] - ERROR: url错误:http://jrs.mof.gov.cn/zhengwuxinxi/zhengcefabu/201902/t20190221_3176173.html
2020-03-18 15:22:21,304 - D:/PycharmProject/工作/policy/policy_crawl/spiders/neimenggufinance.py[line:39] - ERROR: url错误:http://szs.mof.gov.cn/zhengwuxinxi/zhengcefabu/201902/t20190222_3176415.html
2020-03-18 15:22:22,433 - D:/PycharmProject/工作/policy/policy_crawl/spiders/neimenggufinance.py[line:39] - ERROR: url错误:http://szs.mof.gov.cn/zhengwuxinxi/zhengcefabu/201902/t20190220_3175248.html
2020-03-18 15:22:43,276 - D:/PycharmProject/工作/policy/policy_crawl/spiders/neimenggufinance.py[line:39] - ERROR: url错误:http://jjs.mof.gov.cn/zhengwuxinxi/zhengcefagui/201901/t20190125_3132863.html
2020-03-18 15:22:44,688 - D:/PycharmProject/工作/policy/policy_crawl/spiders/neimenggufinance.py[line:39] - ERROR: url错误:http://jkw.mof.gov.cn/zhengwuxinxi/zhengcefabu/201901/t20190130_3138941.html
2020-03-18 15:22:46,050 - D:/PycharmProject/工作/policy/policy_crawl/spiders/neimenggufinance.py[line:39] - ERROR: url错误:http://kjs.mof.gov.cn/zhengwuxinxi/zhengcefabu/201901/t20190130_3138955.html
2020-03-18 15:22:47,153 - D:/PycharmProject/工作/policy/policy_crawl/spiders/neimenggufinance.py[line:39] - ERROR: url错误:http://szs.mof.gov.cn/zhengwuxinxi/zhengcefabu/201901/t20190123_3131369.html
2020-03-18 15:22:48,289 - D:/PycharmProject/工作/policy/policy_crawl/spiders/neimenggufinance.py[line:39] - ERROR: url错误:http://zhs.mof.gov.cn/zhengwuxinxi/zhengcefabu/201901/t20190128_3134031.html
2020-03-18 15:22:48,905 - D:\PycharmProject\工作\policy\policy_crawl\common\fetch.py[line:14] - ERROR: url status_code 错误：http://swt.nmg.gov.cn/zwgk/zcfb/index_1.shtml,status_code:404
2020-03-18 15:22:49,372 - D:/PycharmProject/工作/policy/policy_crawl/spiders/neimenggufinance.py[line:39] - ERROR: url错误:http://szs.mof.gov.cn/zhengwuxinxi/zhengcefabu/201901/t20190118_3125682.html
2020-03-18 15:22:50,691 - D:/PycharmProject/工作/policy/policy_crawl/spiders/neimenggufinance.py[line:39] - ERROR: url错误:http://jkw.mof.gov.cn/zhengwuxinxi/zhengcefabu/201901/t20190122_3127213.html
2020-03-18 15:22:51,801 - D:/PycharmProject/工作/policy/policy_crawl/spiders/neimenggufinance.py[line:39] - ERROR: url错误:http://szs.mof.gov.cn/zhengwuxinxi/zhengcefabu/201812/t20181227_3110164.html
2020-03-18 15:22:53,240 - D:/PycharmProject/工作/policy/policy_crawl/spiders/neimenggufinance.py[line:39] - ERROR: url错误:http://nys.mof.gov.cn/zhengfuxinxi/czpjZhengCeFaBu_2_2/201812/t20181228_3110331.html
2020-03-18 15:22:55,233 - D:/PycharmProject/工作/policy/policy_crawl/spiders/neimenggufinance.py[line:39] - ERROR: url错误:http://kjs.mof.gov.cn/zhengwuxinxi/zhengcefabu/201812/t20181228_3110876.html
2020-03-18 15:22:56,435 - D:/PycharmProject/工作/policy/policy_crawl/spiders/neimenggufinance.py[line:39] - ERROR: url错误:http://gss.mof.gov.cn/zhengwuxinxi/zhengcefabu/201812/t20181214_3093439.html
2020-03-18 15:22:57,845 - D:/PycharmProject/工作/policy/policy_crawl/spiders/neimenggufinance.py[line:39] - ERROR: url错误:http://szs.mof.gov.cn/zhengwuxinxi/zhengcefabu/201811/t20181130_3079372.html
2020-03-18 15:22:59,004 - D:/PycharmProject/工作/policy/policy_crawl/spiders/neimenggufinance.py[line:39] - ERROR: url错误:http://szs.mof.gov.cn/zhengwuxinxi/zhengcefabu/201811/t20181122_3073546.html
2020-03-18 15:23:00,435 - D:/PycharmProject/工作/policy/policy_crawl/spiders/neimenggufinance.py[line:39] - ERROR: url错误:http://yss.mof.gov.cn/zhengwuxinxi/zhengceguizhang/201811/t20181107_3061972.html
2020-03-18 15:23:01,813 - D:/PycharmProject/工作/policy/policy_crawl/spiders/neimenggufinance.py[line:39] - ERROR: url错误:http://nys.mof.gov.cn/zhengfuxinxi/czpjZhengCeFaBu_2_2/201810/t20181022_3052025.html
2020-03-18 15:23:02,941 - D:/PycharmProject/工作/policy/policy_crawl/spiders/neimenggufinance.py[line:39] - ERROR: url错误:http://szs.mof.gov.cn/zhengwuxinxi/zhengcefabu/201810/t20181019_3050975.html
2020-03-18 15:23:04,047 - D:/PycharmProject/工作/policy/policy_crawl/spiders/neimenggufinance.py[line:39] - ERROR: url错误:http://szs.mof.gov.cn/zhengwuxinxi/zhengcefabu/201810/t20181012_3044533.html
2020-03-18 15:23:05,155 - D:/PycharmProject/工作/policy/policy_crawl/spiders/neimenggufinance.py[line:39] - ERROR: url错误:http://szs.mof.gov.cn/zhengwuxinxi/zhengcefabu/201809/t20180930_3033223.html
2020-03-18 15:23:06,279 - D:/PycharmProject/工作/policy/policy_crawl/spiders/neimenggufinance.py[line:39] - ERROR: url错误:http://szs.mof.gov.cn/zhengwuxinxi/zhengcefabu/201809/t20180921_3025179.html
2020-03-18 15:23:07,392 - D:/PycharmProject/工作/policy/policy_crawl/spiders/neimenggufinance.py[line:39] - ERROR: url错误:http://szs.mof.gov.cn/zhengwuxinxi/zhengcefabu/201809/t20180926_3029866.html
2020-03-18 15:23:15,652 - D:/PycharmProject/工作/policy/policy_crawl/spiders/neimenggufinance.py[line:39] - ERROR: url错误:http://jrs.mof.gov.cn/zhengwuxinxi/zhengcefabu/201808/t20180831_3003951.html
2020-03-18 15:23:16,861 - D:/PycharmProject/工作/policy/policy_crawl/spiders/neimenggufinance.py[line:23] - ERROR: url:http://kjs.mof.gov.cn/zhengwuxinxi/zhengcefabu/201808/t20180831_3003935.html  未找到publish_time
2020-03-18 15:23:18,024 - D:/PycharmProject/工作/policy/policy_crawl/spiders/neimenggufinance.py[line:39] - ERROR: url错误:http://kjs.mof.gov.cn/zhengwuxinxi/zhengcefabu/201808/t20180828_2998826.html
2020-03-18 15:23:18,028 - D:/PycharmProject/工作/policy/policy_crawl/spiders/neimenggufinance.py[line:23] - ERROR: url:http://kjs.mof.gov.cn/zhengwuxinxi/zhengcefabu/201808/t20180828_2998826.html 未找到publish_time
2020-03-18 15:23:19,107 - D:/PycharmProject/工作/policy/policy_crawl/spiders/neimenggufinance.py[line:39] - ERROR: url错误:http://gks.mof.gov.cn/guozaiguanli/difangzhengfuzhaiquan/201808/t20180817_2990123.html
2020-03-18 15:23:19,110 - D:/PycharmProject/工作/policy/policy_crawl/spiders/neimenggufinance.py[line:23] - ERROR: url:http://gks.mof.gov.cn/guozaiguanli/difangzhengfuzhaiquan/201808/t20180817_2990123.html 未找到publish_time
2020-03-18 15:23:20,194 - D:/PycharmProject/工作/policy/policy_crawl/spiders/neimenggufinance.py[line:39] - ERROR: url错误:http://kjs.mof.gov.cn/zhengwuxinxi/zhengcefabu/201808/t20180824_2997110.html
2020-03-18 15:23:20,196 - D:/PycharmProject/工作/policy/policy_crawl/spiders/neimenggufinance.py[line:23] - ERROR: url:http://kjs.mof.gov.cn/zhengwuxinxi/zhengcefabu/201808/t20180824_2997110.html 未找到publish_time
2020-03-18 15:23:21,300 - D:/PycharmProject/工作/policy/policy_crawl/spiders/neimenggufinance.py[line:39] - ERROR: url错误:http://szs.mof.gov.cn/zhengwuxinxi/zhengcefabu/201808/t20180824_2997113.html
2020-03-18 15:23:21,302 - D:/PycharmProject/工作/policy/policy_crawl/spiders/neimenggufinance.py[line:23] - ERROR: url:http://szs.mof.gov.cn/zhengwuxinxi/zhengcefabu/201808/t20180824_2997113.html 未找到publish_time
2020-03-18 15:23:22,698 - D:/PycharmProject/工作/policy/policy_crawl/spiders/neimenggufinance.py[line:39] - ERROR: url错误:http://gks.mof.gov.cn/guozaiguanli/difangzhengfuzhaiquan/201808/t20180815_2988486.html
2020-03-18 15:23:23,796 - D:/PycharmProject/工作/policy/policy_crawl/spiders/neimenggufinance.py[line:39] - ERROR: url错误:http://kjs.mof.gov.cn/zhengwuxinxi/zhengcefabu/201808/t20180820_2993764.html
2020-03-18 15:23:24,903 - D:/PycharmProject/工作/policy/policy_crawl/spiders/neimenggufinance.py[line:39] - ERROR: url错误:http://kjs.mof.gov.cn/zhengwuxinxi/zhengcefabu/201808/t20180817_2989842.html
2020-03-18 15:23:26,012 - D:/PycharmProject/工作/policy/policy_crawl/spiders/neimenggufinance.py[line:39] - ERROR: url错误:http://nys.mof.gov.cn/zhengfuxinxi/czpjZhengCeFaBu_2_2/201807/t20180719_2967865.html
2020-03-18 15:23:27,113 - D:/PycharmProject/工作/policy/policy_crawl/spiders/neimenggufinance.py[line:39] - ERROR: url错误:http://kjs.mof.gov.cn/zhengwuxinxi/zhengcefabu/201807/t20180725_2972233.html
2020-03-18 15:23:28,186 - D:/PycharmProject/工作/policy/policy_crawl/spiders/neimenggufinance.py[line:39] - ERROR: url错误:http://gks.mof.gov.cn/guozaiguanli/difangzhengfuzhaiquan/201808/t20180814_2987600.html
2020-03-18 15:23:29,300 - D:/PycharmProject/工作/policy/policy_crawl/spiders/neimenggufinance.py[line:39] - ERROR: url错误:http://gss.mof.gov.cn/zhengwuxinxi/zhengcefabu/201808/t20180808_2983770.html
2020-03-18 15:23:30,401 - D:/PycharmProject/工作/policy/policy_crawl/spiders/neimenggufinance.py[line:39] - ERROR: url错误:http://szs.mof.gov.cn/zhengwuxinxi/zhengcefabu/201807/t20180713_2960452.html
2020-03-18 15:23:31,485 - D:/PycharmProject/工作/policy/policy_crawl/spiders/neimenggufinance.py[line:39] - ERROR: url错误:http://szs.mof.gov.cn/zhengwuxinxi/zhengcefabu/201807/t20180713_2960459.html
2020-03-18 15:23:32,643 - D:/PycharmProject/工作/policy/policy_crawl/spiders/neimenggufinance.py[line:39] - ERROR: url错误:http://yss.mof.gov.cn/zhuantilanmu/dfzgl/zcfg/201807/t20180717_2963304.html
2020-03-18 15:30:48,376 - D:\PycharmProject\工作\policy\policy_crawl\common\fetch.py[line:14] - ERROR: url status_code 错误：http://fzggw.nx.gov.cn/zcgh/zzqfgw./zcgh/zzqfgw/202002/t20200224_1974458.html,status_code:404
2020-03-18 15:30:48,376 - D:/PycharmProject/工作/policy/policy_crawl/spiders/ningxiafagaiwei.py[line:39] - ERROR: url错误:http://fzggw.nx.gov.cn/zcgh/zzqfgw./zcgh/zzqfgw/202002/t20200224_1974458.html
2020-03-18 15:30:49,519 - D:\PycharmProject\工作\policy\policy_crawl\common\fetch.py[line:14] - ERROR: url status_code 错误：http://fzggw.nx.gov.cn/zcgh/zzqfgw/202002/t20200205_1963986.html,status_code:404
2020-03-18 15:30:49,519 - D:/PycharmProject/工作/policy/policy_crawl/spiders/ningxiafagaiwei.py[line:39] - ERROR: url错误:http://fzggw.nx.gov.cn/zcgh/zzqfgw/202002/t20200205_1963986.html
2020-03-18 15:30:50,665 - D:\PycharmProject\工作\policy\policy_crawl\common\fetch.py[line:14] - ERROR: url status_code 错误：http://fzggw.nx.gov.cn/zcgh/zzqfgw/202001/t20200131_1963954.html,status_code:404
2020-03-18 15:30:50,665 - D:/PycharmProject/工作/policy/policy_crawl/spiders/ningxiafagaiwei.py[line:39] - ERROR: url错误:http://fzggw.nx.gov.cn/zcgh/zzqfgw/202001/t20200131_1963954.html
2020-03-18 15:30:51,806 - D:\PycharmProject\工作\policy\policy_crawl\common\fetch.py[line:14] - ERROR: url status_code 错误：http://fzggw.nx.gov.cn/zcgh/zzqfgw/202003/t20200317_1993248.html,status_code:404
2020-03-18 15:30:51,807 - D:/PycharmProject/工作/policy/policy_crawl/spiders/ningxiafagaiwei.py[line:39] - ERROR: url错误:http://fzggw.nx.gov.cn/zcgh/zzqfgw/202003/t20200317_1993248.html
2020-03-18 15:30:52,943 - D:\PycharmProject\工作\policy\policy_crawl\common\fetch.py[line:14] - ERROR: url status_code 错误：http://fzggw.nx.gov.cn/zcgh/zzqfgw/202003/t20200317_1992914.html,status_code:404
2020-03-18 15:30:52,943 - D:/PycharmProject/工作/policy/policy_crawl/spiders/ningxiafagaiwei.py[line:39] - ERROR: url错误:http://fzggw.nx.gov.cn/zcgh/zzqfgw/202003/t20200317_1992914.html
2020-03-18 15:30:54,085 - D:\PycharmProject\工作\policy\policy_crawl\common\fetch.py[line:14] - ERROR: url status_code 错误：http://fzggw.nx.gov.cn/zcgh/zzqfgw/202003/t20200316_1991913.html,status_code:404
2020-03-18 15:30:54,085 - D:/PycharmProject/工作/policy/policy_crawl/spiders/ningxiafagaiwei.py[line:39] - ERROR: url错误:http://fzggw.nx.gov.cn/zcgh/zzqfgw/202003/t20200316_1991913.html
2020-03-18 15:30:55,242 - D:\PycharmProject\工作\policy\policy_crawl\common\fetch.py[line:14] - ERROR: url status_code 错误：http://fzggw.nx.gov.cn/zcgh/zzqfgw/202003/t20200316_1991247.html,status_code:404
2020-03-18 15:30:55,242 - D:/PycharmProject/工作/policy/policy_crawl/spiders/ningxiafagaiwei.py[line:39] - ERROR: url错误:http://fzggw.nx.gov.cn/zcgh/zzqfgw/202003/t20200316_1991247.html
2020-03-18 15:30:56,379 - D:\PycharmProject\工作\policy\policy_crawl\common\fetch.py[line:14] - ERROR: url status_code 错误：http://fzggw.nx.gov.cn/zcgh/zzqfgw/202003/t20200313_1990119.html,status_code:404
2020-03-18 15:30:56,380 - D:/PycharmProject/工作/policy/policy_crawl/spiders/ningxiafagaiwei.py[line:39] - ERROR: url错误:http://fzggw.nx.gov.cn/zcgh/zzqfgw/202003/t20200313_1990119.html
2020-03-18 15:30:57,519 - D:\PycharmProject\工作\policy\policy_crawl\common\fetch.py[line:14] - ERROR: url status_code 错误：http://fzggw.nx.gov.cn/zcgh/zzqfgw/202003/t20200307_1982408.html,status_code:404
2020-03-18 15:30:57,520 - D:/PycharmProject/工作/policy/policy_crawl/spiders/ningxiafagaiwei.py[line:39] - ERROR: url错误:http://fzggw.nx.gov.cn/zcgh/zzqfgw/202003/t20200307_1982408.html
2020-03-18 15:30:58,668 - D:\PycharmProject\工作\policy\policy_crawl\common\fetch.py[line:14] - ERROR: url status_code 错误：http://fzggw.nx.gov.cn/zcgh/zzqfgw/202003/t20200303_1977522.html,status_code:404
2020-03-18 15:30:58,668 - D:/PycharmProject/工作/policy/policy_crawl/spiders/ningxiafagaiwei.py[line:39] - ERROR: url错误:http://fzggw.nx.gov.cn/zcgh/zzqfgw/202003/t20200303_1977522.html
2020-03-18 15:30:59,818 - D:\PycharmProject\工作\policy\policy_crawl\common\fetch.py[line:14] - ERROR: url status_code 错误：http://fzggw.nx.gov.cn/zcgh/zzqfgw/202003/t20200303_1977449.html,status_code:404
2020-03-18 15:30:59,819 - D:/PycharmProject/工作/policy/policy_crawl/spiders/ningxiafagaiwei.py[line:39] - ERROR: url错误:http://fzggw.nx.gov.cn/zcgh/zzqfgw/202003/t20200303_1977449.html
2020-03-18 15:31:00,960 - D:\PycharmProject\工作\policy\policy_crawl\common\fetch.py[line:14] - ERROR: url status_code 错误：http://fzggw.nx.gov.cn/zcgh/zzqfgw/202003/t20200303_1977462.html,status_code:404
2020-03-18 15:31:00,961 - D:/PycharmProject/工作/policy/policy_crawl/spiders/ningxiafagaiwei.py[line:39] - ERROR: url错误:http://fzggw.nx.gov.cn/zcgh/zzqfgw/202003/t20200303_1977462.html
2020-03-18 15:31:18,455 - D:\PycharmProject\工作\policy\policy_crawl\common\fetch.py[line:23] - ERROR: url status_code 错误：https://neris.csrc.gov.cn/falvfagui/rdqsHeader/informationController,status_code:502
2020-03-18 15:32:57,631 - D:/PycharmProject/工作/policy/policy_crawl/spiders/ningxiafagaiwei.py[line:41] - ERROR: url错误:http://fzggw.nx.gov.cn../zcgh/zzqfgw/202002/t20200224_1974458.html
2020-03-18 15:32:58,642 - D:/PycharmProject/工作/policy/policy_crawl/spiders/ningxiafagaiwei.py[line:41] - ERROR: url错误:./202002/t20200205_1963986.html
2020-03-18 15:32:59,651 - D:/PycharmProject/工作/policy/policy_crawl/spiders/ningxiafagaiwei.py[line:41] - ERROR: url错误:./202001/t20200131_1963954.html
2020-03-18 15:33:00,659 - D:/PycharmProject/工作/policy/policy_crawl/spiders/ningxiafagaiwei.py[line:41] - ERROR: url错误:./202003/t20200317_1993248.html
2020-03-18 15:33:01,671 - D:/PycharmProject/工作/policy/policy_crawl/spiders/ningxiafagaiwei.py[line:41] - ERROR: url错误:./202003/t20200317_1992914.html
2020-03-18 15:33:02,687 - D:/PycharmProject/工作/policy/policy_crawl/spiders/ningxiafagaiwei.py[line:41] - ERROR: url错误:./202003/t20200316_1991913.html
2020-03-18 15:33:03,706 - D:/PycharmProject/工作/policy/policy_crawl/spiders/ningxiafagaiwei.py[line:41] - ERROR: url错误:./202003/t20200316_1991247.html
2020-03-18 15:33:04,723 - D:/PycharmProject/工作/policy/policy_crawl/spiders/ningxiafagaiwei.py[line:41] - ERROR: url错误:./202003/t20200313_1990119.html
2020-03-18 15:33:05,739 - D:/PycharmProject/工作/policy/policy_crawl/spiders/ningxiafagaiwei.py[line:41] - ERROR: url错误:./202003/t20200307_1982408.html
2020-03-18 15:33:12,390 - D:\PycharmProject\工作\policy\policy_crawl\common\fetch.py[line:14] - ERROR: url status_code 错误：http://fzggw.nx.gov.cn/zcgh/zzqfgwhttp://fzggw.nx.gov.cn./zcgh/zzqfgw/202002/t20200224_1974458.html,status_code:404
2020-03-18 15:33:12,390 - D:/PycharmProject/工作/policy/policy_crawl/spiders/ningxiafagaiwei.py[line:41] - ERROR: url错误:http://fzggw.nx.gov.cn/zcgh/zzqfgwhttp://fzggw.nx.gov.cn./zcgh/zzqfgw/202002/t20200224_1974458.html
2020-03-18 15:33:13,526 - D:\PycharmProject\工作\policy\policy_crawl\common\fetch.py[line:14] - ERROR: url status_code 错误：http://fzggw.nx.gov.cn/zcgh/zzqfgw/202002/t20200205_1963986.html,status_code:404
2020-03-18 15:33:13,527 - D:/PycharmProject/工作/policy/policy_crawl/spiders/ningxiafagaiwei.py[line:41] - ERROR: url错误:http://fzggw.nx.gov.cn/zcgh/zzqfgw/202002/t20200205_1963986.html
2020-03-18 15:33:14,673 - D:\PycharmProject\工作\policy\policy_crawl\common\fetch.py[line:14] - ERROR: url status_code 错误：http://fzggw.nx.gov.cn/zcgh/zzqfgw/202001/t20200131_1963954.html,status_code:404
2020-03-18 15:33:14,673 - D:/PycharmProject/工作/policy/policy_crawl/spiders/ningxiafagaiwei.py[line:41] - ERROR: url错误:http://fzggw.nx.gov.cn/zcgh/zzqfgw/202001/t20200131_1963954.html
2020-03-18 15:33:15,814 - D:\PycharmProject\工作\policy\policy_crawl\common\fetch.py[line:14] - ERROR: url status_code 错误：http://fzggw.nx.gov.cn/zcgh/zzqfgw/202003/t20200317_1993248.html,status_code:404
2020-03-18 15:33:15,814 - D:/PycharmProject/工作/policy/policy_crawl/spiders/ningxiafagaiwei.py[line:41] - ERROR: url错误:http://fzggw.nx.gov.cn/zcgh/zzqfgw/202003/t20200317_1993248.html
2020-03-18 15:33:16,950 - D:\PycharmProject\工作\policy\policy_crawl\common\fetch.py[line:14] - ERROR: url status_code 错误：http://fzggw.nx.gov.cn/zcgh/zzqfgw/202003/t20200317_1992914.html,status_code:404
2020-03-18 15:33:16,951 - D:/PycharmProject/工作/policy/policy_crawl/spiders/ningxiafagaiwei.py[line:41] - ERROR: url错误:http://fzggw.nx.gov.cn/zcgh/zzqfgw/202003/t20200317_1992914.html
2020-03-18 15:33:18,084 - D:\PycharmProject\工作\policy\policy_crawl\common\fetch.py[line:14] - ERROR: url status_code 错误：http://fzggw.nx.gov.cn/zcgh/zzqfgw/202003/t20200316_1991913.html,status_code:404
2020-03-18 15:33:18,084 - D:/PycharmProject/工作/policy/policy_crawl/spiders/ningxiafagaiwei.py[line:41] - ERROR: url错误:http://fzggw.nx.gov.cn/zcgh/zzqfgw/202003/t20200316_1991913.html
2020-03-18 15:33:19,224 - D:\PycharmProject\工作\policy\policy_crawl\common\fetch.py[line:14] - ERROR: url status_code 错误：http://fzggw.nx.gov.cn/zcgh/zzqfgw/202003/t20200316_1991247.html,status_code:404
2020-03-18 15:33:19,224 - D:/PycharmProject/工作/policy/policy_crawl/spiders/ningxiafagaiwei.py[line:41] - ERROR: url错误:http://fzggw.nx.gov.cn/zcgh/zzqfgw/202003/t20200316_1991247.html
2020-03-18 15:33:20,391 - D:\PycharmProject\工作\policy\policy_crawl\common\fetch.py[line:14] - ERROR: url status_code 错误：http://fzggw.nx.gov.cn/zcgh/zzqfgw/202003/t20200313_1990119.html,status_code:404
2020-03-18 15:33:20,391 - D:/PycharmProject/工作/policy/policy_crawl/spiders/ningxiafagaiwei.py[line:41] - ERROR: url错误:http://fzggw.nx.gov.cn/zcgh/zzqfgw/202003/t20200313_1990119.html
2020-03-18 15:33:21,535 - D:\PycharmProject\工作\policy\policy_crawl\common\fetch.py[line:14] - ERROR: url status_code 错误：http://fzggw.nx.gov.cn/zcgh/zzqfgw/202003/t20200307_1982408.html,status_code:404
2020-03-18 15:33:21,535 - D:/PycharmProject/工作/policy/policy_crawl/spiders/ningxiafagaiwei.py[line:41] - ERROR: url错误:http://fzggw.nx.gov.cn/zcgh/zzqfgw/202003/t20200307_1982408.html
2020-03-18 15:33:22,670 - D:\PycharmProject\工作\policy\policy_crawl\common\fetch.py[line:14] - ERROR: url status_code 错误：http://fzggw.nx.gov.cn/zcgh/zzqfgw/202003/t20200303_1977522.html,status_code:404
2020-03-18 15:33:22,670 - D:/PycharmProject/工作/policy/policy_crawl/spiders/ningxiafagaiwei.py[line:41] - ERROR: url错误:http://fzggw.nx.gov.cn/zcgh/zzqfgw/202003/t20200303_1977522.html
2020-03-18 15:33:23,809 - D:\PycharmProject\工作\policy\policy_crawl\common\fetch.py[line:14] - ERROR: url status_code 错误：http://fzggw.nx.gov.cn/zcgh/zzqfgw/202003/t20200303_1977449.html,status_code:404
2020-03-18 15:33:23,809 - D:/PycharmProject/工作/policy/policy_crawl/spiders/ningxiafagaiwei.py[line:41] - ERROR: url错误:http://fzggw.nx.gov.cn/zcgh/zzqfgw/202003/t20200303_1977449.html
2020-03-18 15:33:24,959 - D:\PycharmProject\工作\policy\policy_crawl\common\fetch.py[line:14] - ERROR: url status_code 错误：http://fzggw.nx.gov.cn/zcgh/zzqfgw/202003/t20200303_1977462.html,status_code:404
2020-03-18 15:33:24,960 - D:/PycharmProject/工作/policy/policy_crawl/spiders/ningxiafagaiwei.py[line:41] - ERROR: url错误:http://fzggw.nx.gov.cn/zcgh/zzqfgw/202003/t20200303_1977462.html
2020-03-18 15:33:26,098 - D:\PycharmProject\工作\policy\policy_crawl\common\fetch.py[line:14] - ERROR: url status_code 错误：http://fzggw.nx.gov.cn/zcgh/zzqfgw/202003/t20200303_1977381.html,status_code:404
2020-03-18 15:33:26,099 - D:/PycharmProject/工作/policy/policy_crawl/spiders/ningxiafagaiwei.py[line:41] - ERROR: url错误:http://fzggw.nx.gov.cn/zcgh/zzqfgw/202003/t20200303_1977381.html
2020-03-18 15:33:27,235 - D:\PycharmProject\工作\policy\policy_crawl\common\fetch.py[line:14] - ERROR: url status_code 错误：http://fzggw.nx.gov.cn/zcgh/zzqfgw/202002/t20200226_1974462.html,status_code:404
2020-03-18 15:33:27,236 - D:/PycharmProject/工作/policy/policy_crawl/spiders/ningxiafagaiwei.py[line:41] - ERROR: url错误:http://fzggw.nx.gov.cn/zcgh/zzqfgw/202002/t20200226_1974462.html
2020-03-18 15:33:28,368 - D:\PycharmProject\工作\policy\policy_crawl\common\fetch.py[line:14] - ERROR: url status_code 错误：http://fzggw.nx.gov.cn/zcgh/zzqfgw/202002/t20200226_1974461.html,status_code:404
2020-03-18 15:33:28,368 - D:/PycharmProject/工作/policy/policy_crawl/spiders/ningxiafagaiwei.py[line:41] - ERROR: url错误:http://fzggw.nx.gov.cn/zcgh/zzqfgw/202002/t20200226_1974461.html
2020-03-18 15:33:29,678 - D:\PycharmProject\工作\policy\policy_crawl\common\fetch.py[line:14] - ERROR: url status_code 错误：http://fzggw.nx.gov.cn/zcgh/zzqfgw/202002/t20200224_1974523.html,status_code:404
2020-03-18 15:33:29,678 - D:/PycharmProject/工作/policy/policy_crawl/spiders/ningxiafagaiwei.py[line:41] - ERROR: url错误:http://fzggw.nx.gov.cn/zcgh/zzqfgw/202002/t20200224_1974523.html
2020-03-18 15:33:30,821 - D:\PycharmProject\工作\policy\policy_crawl\common\fetch.py[line:14] - ERROR: url status_code 错误：http://fzggw.nx.gov.cn/zcgh/zzqfgw/202002/t20200218_1980908.html,status_code:404
2020-03-18 15:33:30,821 - D:/PycharmProject/工作/policy/policy_crawl/spiders/ningxiafagaiwei.py[line:41] - ERROR: url错误:http://fzggw.nx.gov.cn/zcgh/zzqfgw/202002/t20200218_1980908.html
2020-03-18 15:33:31,962 - D:\PycharmProject\工作\policy\policy_crawl\common\fetch.py[line:14] - ERROR: url status_code 错误：http://fzggw.nx.gov.cn/zcgh/zzqfgw/202002/t20200210_1964031.html,status_code:404
2020-03-18 15:33:31,962 - D:/PycharmProject/工作/policy/policy_crawl/spiders/ningxiafagaiwei.py[line:41] - ERROR: url错误:http://fzggw.nx.gov.cn/zcgh/zzqfgw/202002/t20200210_1964031.html
2020-03-18 15:33:33,104 - D:\PycharmProject\工作\policy\policy_crawl\common\fetch.py[line:14] - ERROR: url status_code 错误：http://fzggw.nx.gov.cn/zcgh/zzqfgw/202002/t20200204_1963982.html,status_code:404
2020-03-18 15:33:33,105 - D:/PycharmProject/工作/policy/policy_crawl/spiders/ningxiafagaiwei.py[line:41] - ERROR: url错误:http://fzggw.nx.gov.cn/zcgh/zzqfgw/202002/t20200204_1963982.html
2020-03-18 15:33:34,301 - D:\PycharmProject\工作\policy\policy_crawl\common\fetch.py[line:14] - ERROR: url status_code 错误：http://fzggw.nx.gov.cn/zcgh/zzqfgw/202002/t20200204_1980906.html,status_code:404
2020-03-18 15:33:34,301 - D:/PycharmProject/工作/policy/policy_crawl/spiders/ningxiafagaiwei.py[line:41] - ERROR: url错误:http://fzggw.nx.gov.cn/zcgh/zzqfgw/202002/t20200204_1980906.html
2020-03-18 15:33:35,435 - D:\PycharmProject\工作\policy\policy_crawl\common\fetch.py[line:14] - ERROR: url status_code 错误：http://fzggw.nx.gov.cn/zcgh/zzqfgw/202002/t20200201_1963962.html,status_code:404
2020-03-18 15:33:35,436 - D:/PycharmProject/工作/policy/policy_crawl/spiders/ningxiafagaiwei.py[line:41] - ERROR: url错误:http://fzggw.nx.gov.cn/zcgh/zzqfgw/202002/t20200201_1963962.html
2020-03-18 15:33:36,593 - D:\PycharmProject\工作\policy\policy_crawl\common\fetch.py[line:14] - ERROR: url status_code 错误：http://fzggw.nx.gov.cn/zcgh/zzqfgw/202002/t20200201_1963958.html,status_code:404
2020-03-18 15:33:36,593 - D:/PycharmProject/工作/policy/policy_crawl/spiders/ningxiafagaiwei.py[line:41] - ERROR: url错误:http://fzggw.nx.gov.cn/zcgh/zzqfgw/202002/t20200201_1963958.html
2020-03-18 15:33:37,734 - D:\PycharmProject\工作\policy\policy_crawl\common\fetch.py[line:14] - ERROR: url status_code 错误：http://fzggw.nx.gov.cn/zcgh/zzqfgw/202001/t20200129_1963942.html,status_code:404
2020-03-18 15:33:37,734 - D:/PycharmProject/工作/policy/policy_crawl/spiders/ningxiafagaiwei.py[line:41] - ERROR: url错误:http://fzggw.nx.gov.cn/zcgh/zzqfgw/202001/t20200129_1963942.html
2020-03-18 15:33:38,866 - D:\PycharmProject\工作\policy\policy_crawl\common\fetch.py[line:14] - ERROR: url status_code 错误：http://fzggw.nx.gov.cn/zcgh/zzqfgw/202001/t20200129_1963939.html,status_code:404
2020-03-18 15:33:38,867 - D:/PycharmProject/工作/policy/policy_crawl/spiders/ningxiafagaiwei.py[line:41] - ERROR: url错误:http://fzggw.nx.gov.cn/zcgh/zzqfgw/202001/t20200129_1963939.html
2020-03-18 15:34:44,392 - D:\PycharmProject\工作\policy\policy_crawl\common\fetch.py[line:14] - ERROR: url status_code 错误：http://fzggw.nx.gov.cn/tzgghttp://fzggw.nx.gov.cn./zcgh/zzqfgw/202002/t20200224_1974458.html,status_code:404
2020-03-18 15:34:44,392 - D:/PycharmProject/工作/policy/policy_crawl/spiders/ningxiafagaiwei.py[line:41] - ERROR: url错误:http://fzggw.nx.gov.cn/tzgghttp://fzggw.nx.gov.cn./zcgh/zzqfgw/202002/t20200224_1974458.html
2020-03-18 15:45:01,332 - D:\PycharmProject\工作\policy\policy_crawl\common\fetch.py[line:14] - ERROR: url status_code 错误：http://fgw.nmg.gov.cn/xxgk/zxzx/tzgg./././fggz/czjr/202003/t20200304_154233.html,status_code:404
2020-03-18 15:45:01,332 - D:/PycharmProject/工作/policy/policy_crawl/spiders/neimenggufgw.py[line:39] - ERROR: url错误:http://fgw.nmg.gov.cn/xxgk/zxzx/tzgg./././fggz/czjr/202003/t20200304_154233.html
2020-03-18 15:45:02,458 - D:\PycharmProject\工作\policy\policy_crawl\common\fetch.py[line:14] - ERROR: url status_code 错误：http://fgw.nmg.gov.cn/xxgk/zxzx/tzgg./././fggz/jnhb/202002/t20200225_154143.html,status_code:404
2020-03-18 15:45:02,459 - D:/PycharmProject/工作/policy/policy_crawl/spiders/neimenggufgw.py[line:39] - ERROR: url错误:http://fgw.nmg.gov.cn/xxgk/zxzx/tzgg./././fggz/jnhb/202002/t20200225_154143.html
2020-03-18 15:46:50,764 - D:/PycharmProject/工作/policy/policy_crawl/spiders/neimenggufgw.py[line:41] - ERROR: url错误:http://fgw.nmg.gov.cn/xxgk/zxzx/tzgghttp://fgw.nmg.gov.cn/./fggz/czjr/202003/t20200304_154233.html
2020-03-18 15:46:51,873 - D:/PycharmProject/工作/policy/policy_crawl/spiders/neimenggufgw.py[line:41] - ERROR: url错误:http://fgw.nmg.gov.cn/xxgk/zxzx/tzgghttp://fgw.nmg.gov.cn/./fggz/jnhb/202002/t20200225_154143.html
2020-03-18 15:47:33,817 - D:/PycharmProject/工作/policy/policy_crawl/spiders/neimenggufgw.py[line:41] - ERROR: url错误:http://fgw.nmg.gov.cn/xxgk/zxzx/tzgghttp://fgw.nmg.gov.cn/./fggz/czjr/202003/t20200310_154292.html
2020-03-18 15:47:36,327 - D:/PycharmProject/工作/policy/policy_crawl/spiders/neimenggufgw.py[line:41] - ERROR: url错误:http://fgw.nmg.gov.cn/xxgk/zxzx/tzgghttp://fgw.nmg.gov.cn/./fggz/czjr/202003/t20200304_154233.html
2020-03-18 15:47:37,439 - D:/PycharmProject/工作/policy/policy_crawl/spiders/neimenggufgw.py[line:41] - ERROR: url错误:http://fgw.nmg.gov.cn/xxgk/zxzx/tzgghttp://fgw.nmg.gov.cn/./fggz/jnhb/202002/t20200225_154143.html
2020-03-18 15:47:44,070 - D:/PycharmProject/工作/policy/policy_crawl/spiders/neimenggufgw.py[line:41] - ERROR: url错误:http://fgw.nmg.gov.cn/xxgk/zxzx/tzgghttp://fgw.nmg.gov.cn/./fggz/cyxt/202002/t20200210_153972.html
2020-03-18 15:47:51,979 - D:/PycharmProject/工作/policy/policy_crawl/spiders/neimenggufgw.py[line:41] - ERROR: url错误:http://fgw.nmg.gov.cn/xxgk/zxzx/tzgghttp://fgw.nmg.gov.cn/./hdjl/myzj/202001/t20200102_153768.html
2020-03-18 15:47:54,502 - D:/PycharmProject/工作/policy/policy_crawl/spiders/neimenggufgw.py[line:41] - ERROR: url错误:http://fgw.nmg.gov.cn/xxgk/zxzx/tzgghttp://fgw.nmg.gov.cn/./fggz/czjr/201912/t20191226_153749.html
2020-03-18 15:47:55,615 - D:/PycharmProject/工作/policy/policy_crawl/spiders/neimenggufgw.py[line:41] - ERROR: url错误:http://fgw.nmg.gov.cn/xxgk/zxzx/tzgghttp://fgw.nmg.gov.cn/./fggz/sfgl_14671/201912/t20191220_153726.html
2020-03-18 15:47:56,956 - D:/PycharmProject/工作/policy/policy_crawl/spiders/neimenggufgw.py[line:41] - ERROR: url错误:http://fgw.nmg.gov.cn/xxgk/zxzx/tzgghttp://fgw.nmg.gov.cn/./fggz/kjcx/201912/t20191220_153732.html
2020-03-18 15:47:58,063 - D:/PycharmProject/工作/policy/policy_crawl/spiders/neimenggufgw.py[line:41] - ERROR: url错误:http://fgw.nmg.gov.cn/xxgk/zxzx/tzgghttp://fgw.nmg.gov.cn/./fggz/jnhb/201912/t20191223_153737.html
2020-03-18 15:48:01,734 - D:/PycharmProject/工作/policy/policy_crawl/spiders/neimenggufgw.py[line:41] - ERROR: url错误:http://fgw.nmg.gov.cn/xxgk/zxzx/tzgghttp://fgw.nmg.gov.cn/./fggz/czjr/201912/t20191205_153657.html
2020-03-18 15:48:02,842 - D:/PycharmProject/工作/policy/policy_crawl/spiders/neimenggufgw.py[line:41] - ERROR: url错误:http://fgw.nmg.gov.cn/xxgk/zxzx/tzgghttp://fgw.nmg.gov.cn/./fggz/jggl_14670/201912/t20191203_153636.html
2020-03-18 15:50:40,751 - D:\PycharmProject\工作\policy\policy_crawl\common\fetch.py[line:14] - ERROR: url status_code 错误：http://www.ndrc.gov.cn/zcfb/zcfbtz/201910/t20191009_1169274.html,status_code:404
2020-03-18 15:50:40,751 - D:/PycharmProject/工作/policy/policy_crawl/spiders/neimenggufgw.py[line:43] - ERROR: url错误:http://www.ndrc.gov.cn/zcfb/zcfbtz/201910/t20191009_1169274.html
2020-03-18 15:51:04,179 - D:/PycharmProject/工作/policy/policy_crawl/spiders/neimenggufgw.py[line:43] - ERROR: url错误:http://fgw.nmg.gov.cn/xxgk/zxzx/tzgg/201908/P020190814625232258555.pdf
2020-03-18 16:03:10,050 - D:\PycharmProject\工作\policy\policy_crawl\common\fetch.py[line:14] - ERROR: url status_code 错误：http://www.ndrc.gov.cn/zcfb/zcfbtz/201910/t20191009_1169274.html,status_code:404
2020-03-18 16:03:10,051 - D:/PycharmProject/工作/policy/policy_crawl/spiders/neimenggufgw.py[line:43] - ERROR: url错误:http://www.ndrc.gov.cn/zcfb/zcfbtz/201910/t20191009_1169274.html
2020-03-18 16:03:33,783 - D:/PycharmProject/工作/policy/policy_crawl/spiders/neimenggufgw.py[line:43] - ERROR: url错误:http://fgw.nmg.gov.cn/xxgk/zxzx/tzgg/201908/P020190814625232258555.pdf
2020-03-18 16:08:17,870 - D:/PycharmProject/工作/policy/policy_crawl/spiders/neimenggufgw.py[line:43] - ERROR: url错误:http://fgw.nmg.gov.cn/xxgk/zxzx/tzgg/201512/t20151204_113237.html
2020-03-18 16:18:17,251 - D:/PycharmProject/工作/policy/policy_crawl/spiders/neris.py[line:25] - ERROR: url:https://neris.csrc.gov.cn/falvfagui/rdqsHeader/mainbody?navbarId=1&secFutrsLawId=92225a9c20eb426882b4ec3fda1febdc 未找到publish_time
2020-03-18 16:26:46,757 - D:/PycharmProject/工作/policy/policy_crawl/spiders/whhbgov.py[line:39] - ERROR: url错误:http://www.wh.gov.cn/hbgovinfo/zwgk_8265/szfxxgkml/fggw/bgtwj/202002/t20200222_305392.html
2020-03-18 16:30:19,914 - D:/PycharmProject/工作/policy/policy_crawl/spiders/whhbgov.py[line:39] - ERROR: url错误:http://www.wh.gov.cn/hbgovinfo/zwgk_8265/szfxxgkml/fggw/bgtwj/201910/t20191022_293753.html
2020-03-18 16:30:46,428 - D:/PycharmProject/工作/policy/policy_crawl/spiders/whhbgov.py[line:39] - ERROR: url错误:http://www.wh.gov.cn/hbgovinfo/zwgk_8265/szfxxgkml/fggw/bgtwj/201910/t20191022_293717.html
2020-03-18 16:31:23,180 - D:/PycharmProject/工作/policy/policy_crawl/spiders/neris.py[line:25] - ERROR: url:https://neris.csrc.gov.cn/falvfagui/rdqsHeader/mainbody?navbarId=1&secFutrsLawId=c3881f031a3a42efb7e5e7ec5f804cbc 未找到publish_time
2020-03-18 16:39:29,536 - D:\PycharmProject\工作\policy\policy_crawl\spiders\wuhanhbgov.py[line:39] - ERROR: url错误:http://www.wh.gov.cn/hbgovinfo/zwgk_8265/szfxxgkml/fggw/bgtwj/201910/t20191022_293415.html
2020-03-18 16:40:15,804 - D:\PycharmProject\工作\policy\policy_crawl\spiders\wuhanhbgov.py[line:39] - ERROR: url错误:http://www.wh.gov.cn/hbgovinfo/zwgk_8265/szfxxgkml/fggw/bgtwj/201910/t20191022_293382.html
2020-03-18 16:41:00,485 - D:/PycharmProject/工作/policy/policy_crawl/spiders/neris.py[line:25] - ERROR: url:https://neris.csrc.gov.cn/falvfagui/rdqsHeader/mainbody?navbarId=1&secFutrsLawId=007b8e66e11a4955acfcfb930815765e 未找到publish_time
2020-03-18 16:47:55,133 - D:\PycharmProject\工作\policy\policy_crawl\spiders\wuhanhbgov.py[line:39] - ERROR: url错误:http://www.wh.gov.cn/hbgovinfo/zwgk_8265/szfxxgkml/fggw/bgtwj/201910/t20191022_293055.html
2020-03-18 16:49:50,890 - D:\PycharmProject\工作\policy\policy_crawl\spiders\wuhanhbgov.py[line:39] - ERROR: url错误:http://www.wh.gov.cn/hbgovinfo/zwgk_8265/szfxxgkml/fggw/bgtwj/201910/t20191022_292982.html
2020-03-18 16:49:52,483 - D:/PycharmProject/工作/policy/policy_crawl/spiders/neris.py[line:25] - ERROR: url:https://neris.csrc.gov.cn/falvfagui/rdqsHeader/mainbody?navbarId=1&secFutrsLawId=4c7ff22a58764dd994791bb02457cdd9 未找到publish_time
2020-03-18 16:51:38,355 - D:\PycharmProject\工作\policy\policy_crawl\common\fetch.py[line:23] - ERROR: url status_code 错误：https://neris.csrc.gov.cn/falvfagui/rdqsHeader/informationController,status_code:502
