1584343362962	mozrunner::runner	INFO	Running command: "C:\\Program Files\\Mozilla Firefox\\firefox.exe" "-marionette" "-headless" "-foreground" "-no-remote" "-profile" "C:\\Users\\bianx\\AppData\\Local\\Temp\\rust_mozprofileEpSMYu"
*** You are running in headless mode.
1584343367144	addons.webextension.doh-rollout@mozilla.org	WARN	Loading extension 'doh-rollout@mozilla.org': Reading manifest: Invalid extension permission: networkStatus
1584343367450	addons.webextension.screenshots@mozilla.org	WARN	Loading extension 'screenshots@mozilla.org': Reading manifest: Invalid extension permission: mozillaAddons
1584343367450	addons.webextension.screenshots@mozilla.org	WARN	Loading extension 'screenshots@mozilla.org': Reading manifest: Invalid extension permission: telemetry
1584343367451	addons.webextension.screenshots@mozilla.org	WARN	Loading extension 'screenshots@mozilla.org': Reading manifest: Invalid extension permission: resource://pdf.js/
1584343367451	addons.webextension.screenshots@mozilla.org	WARN	Loading extension 'screenshots@mozilla.org': Reading manifest: Invalid extension permission: about:reader*
JavaScript error: resource://gre/modules/XULStore.jsm, line 66: Error: Can't find profile directory.
1584343369096	Marionette	INFO	Listening on port 54842
1584343369185	Marionette	WARN	TLS certificate errors will be ignored for this session
JavaScript warning: http://mzt.hubei.gov.cn/fbjd/xxgkml/zcwj/zcfg/index.shtml line 5 > eval, line 1: Error: WebGL warning: <SetDimensions>: Can't use WebGL in headless mode (https://bugzil.la/1375585).
JavaScript warning: http://mzt.hubei.gov.cn/fbjd/xxgkml/zcwj/zcfg/index.shtml line 5 > eval, line 1: Error: WebGL warning: <SetDimensions>: Failed to create WebGL context: WebGL creation failed: 
* Can't use WebGL in headless mode (https://bugzil.la/1375585).
JavaScript warning: http://mzt.hubei.gov.cn/fbjd/xxgkml/zcwj/zcfg/index.shtml line 5 > eval, line 1: Error: WebGL warning: <SetDimensions>: Can't use WebGL in headless mode (https://bugzil.la/1375585).
JavaScript warning: http://mzt.hubei.gov.cn/fbjd/xxgkml/zcwj/zcfg/index.shtml line 5 > eval, line 1: Error: WebGL warning: <SetDimensions>: Failed to create WebGL context: WebGL creation failed: 
* Can't use WebGL in headless mode (https://bugzil.la/1375585).
1584343371154	Marionette	INFO	Stopped listening on port 54842
1584343385014	mozrunner::runner	INFO	Running command: "C:\\Program Files\\Mozilla Firefox\\firefox.exe" "-marionette" "-headless" "-foreground" "-no-remote" "-profile" "C:\\Users\\bianx\\AppData\\Local\\Temp\\rust_mozprofilevRnpWN"
*** You are running in headless mode.
1584343385837	addons.webextension.doh-rollout@mozilla.org	WARN	Loading extension 'doh-rollout@mozilla.org': Reading manifest: Invalid extension permission: networkStatus
1584343386113	addons.webextension.screenshots@mozilla.org	WARN	Loading extension 'screenshots@mozilla.org': Reading manifest: Invalid extension permission: mozillaAddons
1584343386113	addons.webextension.screenshots@mozilla.org	WARN	Loading extension 'screenshots@mozilla.org': Reading manifest: Invalid extension permission: telemetry
1584343386114	addons.webextension.screenshots@mozilla.org	WARN	Loading extension 'screenshots@mozilla.org': Reading manifest: Invalid extension permission: resource://pdf.js/
1584343386114	addons.webextension.screenshots@mozilla.org	WARN	Loading extension 'screenshots@mozilla.org': Reading manifest: Invalid extension permission: about:reader*
JavaScript error: resource://gre/modules/XULStore.jsm, line 66: Error: Can't find profile directory.
1584343387541	Marionette	INFO	Listening on port 54932
1584343387629	Marionette	WARN	TLS certificate errors will be ignored for this session
JavaScript warning: http://mzt.hubei.gov.cn/fbjd/xxgkml/zcwj/zcfg/index.shtml line 5 > eval, line 1: Error: WebGL warning: <SetDimensions>: Can't use WebGL in headless mode (https://bugzil.la/1375585).
JavaScript warning: http://mzt.hubei.gov.cn/fbjd/xxgkml/zcwj/zcfg/index.shtml line 5 > eval, line 1: Error: WebGL warning: <SetDimensions>: Failed to create WebGL context: WebGL creation failed: 
* Can't use WebGL in headless mode (https://bugzil.la/1375585).
JavaScript warning: http://mzt.hubei.gov.cn/fbjd/xxgkml/zcwj/zcfg/index.shtml line 5 > eval, line 1: Error: WebGL warning: <SetDimensions>: Can't use WebGL in headless mode (https://bugzil.la/1375585).
JavaScript warning: http://mzt.hubei.gov.cn/fbjd/xxgkml/zcwj/zcfg/index.shtml line 5 > eval, line 1: Error: WebGL warning: <SetDimensions>: Failed to create WebGL context: WebGL creation failed: 
* Can't use WebGL in headless mode (https://bugzil.la/1375585).
1584343389449	Marionette	INFO	Stopped listening on port 54932
1584343423784	mozrunner::runner	INFO	Running command: "C:\\Program Files\\Mozilla Firefox\\firefox.exe" "-marionette" "-headless" "-foreground" "-no-remote" "-profile" "C:\\Users\\bianx\\AppData\\Local\\Temp\\rust_mozprofileGZ2SS2"
*** You are running in headless mode.
1584343424445	addons.webextension.doh-rollout@mozilla.org	WARN	Loading extension 'doh-rollout@mozilla.org': Reading manifest: Invalid extension permission: networkStatus
1584343424739	addons.webextension.screenshots@mozilla.org	WARN	Loading extension 'screenshots@mozilla.org': Reading manifest: Invalid extension permission: mozillaAddons
1584343424739	addons.webextension.screenshots@mozilla.org	WARN	Loading extension 'screenshots@mozilla.org': Reading manifest: Invalid extension permission: telemetry
1584343424739	addons.webextension.screenshots@mozilla.org	WARN	Loading extension 'screenshots@mozilla.org': Reading manifest: Invalid extension permission: resource://pdf.js/
1584343424739	addons.webextension.screenshots@mozilla.org	WARN	Loading extension 'screenshots@mozilla.org': Reading manifest: Invalid extension permission: about:reader*
JavaScript error: resource://gre/modules/XULStore.jsm, line 66: Error: Can't find profile directory.
1584343426068	Marionette	INFO	Listening on port 55053
1584343426403	Marionette	WARN	TLS certificate errors will be ignored for this session
JavaScript warning: http://mzt.hubei.gov.cn/fbjd/xxgkml/zcwj/zcfg/index.shtml line 5 > eval, line 1: Error: WebGL warning: <SetDimensions>: Can't use WebGL in headless mode (https://bugzil.la/1375585).
JavaScript warning: http://mzt.hubei.gov.cn/fbjd/xxgkml/zcwj/zcfg/index.shtml line 5 > eval, line 1: Error: WebGL warning: <SetDimensions>: Failed to create WebGL context: WebGL creation failed: 
* Can't use WebGL in headless mode (https://bugzil.la/1375585).
JavaScript warning: http://mzt.hubei.gov.cn/fbjd/xxgkml/zcwj/zcfg/index.shtml line 5 > eval, line 1: Error: WebGL warning: <SetDimensions>: Can't use WebGL in headless mode (https://bugzil.la/1375585).
JavaScript warning: http://mzt.hubei.gov.cn/fbjd/xxgkml/zcwj/zcfg/index.shtml line 5 > eval, line 1: Error: WebGL warning: <SetDimensions>: Failed to create WebGL context: WebGL creation failed: 
* Can't use WebGL in headless mode (https://bugzil.la/1375585).
1584343428169	Marionette	INFO	Stopped listening on port 55053

###!!! [Child][RunMessage] Error: Channel closing: too late to send/recv, messages will be lost


###!!! [Child][RunMessage] Error: Channel closing: too late to send/recv, messages will be lost

1584343462770	mozrunner::runner	INFO	Running command: "C:\\Program Files\\Mozilla Firefox\\firefox.exe" "-marionette" "-headless" "-foreground" "-no-remote" "-profile" "C:\\Users\\bianx\\AppData\\Local\\Temp\\rust_mozprofilew32e1n"
*** You are running in headless mode.
1584343463478	addons.webextension.doh-rollout@mozilla.org	WARN	Loading extension 'doh-rollout@mozilla.org': Reading manifest: Invalid extension permission: networkStatus
1584343463761	addons.webextension.screenshots@mozilla.org	WARN	Loading extension 'screenshots@mozilla.org': Reading manifest: Invalid extension permission: mozillaAddons
1584343463761	addons.webextension.screenshots@mozilla.org	WARN	Loading extension 'screenshots@mozilla.org': Reading manifest: Invalid extension permission: telemetry
1584343463762	addons.webextension.screenshots@mozilla.org	WARN	Loading extension 'screenshots@mozilla.org': Reading manifest: Invalid extension permission: resource://pdf.js/
1584343463762	addons.webextension.screenshots@mozilla.org	WARN	Loading extension 'screenshots@mozilla.org': Reading manifest: Invalid extension permission: about:reader*
JavaScript error: resource://gre/modules/XULStore.jsm, line 66: Error: Can't find profile directory.
1584343466847	Marionette	INFO	Listening on port 55154
1584343466891	Marionette	WARN	TLS certificate errors will be ignored for this session
JavaScript warning: http://mzt.hubei.gov.cn/fbjd/xxgkml/zcwj/zcfg/index.shtml line 5 > eval, line 1: Error: WebGL warning: <SetDimensions>: Can't use WebGL in headless mode (https://bugzil.la/1375585).
JavaScript warning: http://mzt.hubei.gov.cn/fbjd/xxgkml/zcwj/zcfg/index.shtml line 5 > eval, line 1: Error: WebGL warning: <SetDimensions>: Failed to create WebGL context: WebGL creation failed: 
* Can't use WebGL in headless mode (https://bugzil.la/1375585).
JavaScript warning: http://mzt.hubei.gov.cn/fbjd/xxgkml/zcwj/zcfg/index.shtml line 5 > eval, line 1: Error: WebGL warning: <SetDimensions>: Can't use WebGL in headless mode (https://bugzil.la/1375585).
JavaScript warning: http://mzt.hubei.gov.cn/fbjd/xxgkml/zcwj/zcfg/index.shtml line 5 > eval, line 1: Error: WebGL warning: <SetDimensions>: Failed to create WebGL context: WebGL creation failed: 
* Can't use WebGL in headless mode (https://bugzil.la/1375585).
1584343468640	Marionette	INFO	Stopped listening on port 55154
1584343549785	mozrunner::runner	INFO	Running command: "C:\\Program Files\\Mozilla Firefox\\firefox.exe" "-marionette" "-headless" "-foreground" "-no-remote" "-profile" "C:\\Users\\bianx\\AppData\\Local\\Temp\\rust_mozprofileI1eF2I"
*** You are running in headless mode.
1584343550466	addons.webextension.doh-rollout@mozilla.org	WARN	Loading extension 'doh-rollout@mozilla.org': Reading manifest: Invalid extension permission: networkStatus
1584343550751	addons.webextension.screenshots@mozilla.org	WARN	Loading extension 'screenshots@mozilla.org': Reading manifest: Invalid extension permission: mozillaAddons
1584343550751	addons.webextension.screenshots@mozilla.org	WARN	Loading extension 'screenshots@mozilla.org': Reading manifest: Invalid extension permission: telemetry
1584343550751	addons.webextension.screenshots@mozilla.org	WARN	Loading extension 'screenshots@mozilla.org': Reading manifest: Invalid extension permission: resource://pdf.js/
1584343550751	addons.webextension.screenshots@mozilla.org	WARN	Loading extension 'screenshots@mozilla.org': Reading manifest: Invalid extension permission: about:reader*
JavaScript error: resource://gre/modules/XULStore.jsm, line 66: Error: Can't find profile directory.
1584343552076	Marionette	INFO	Listening on port 55277
1584343552407	Marionette	WARN	TLS certificate errors will be ignored for this session
JavaScript warning: http://mzt.hubei.gov.cn/fbjd/xxgkml/zcwj/zcfg/index.shtml line 5 > eval, line 1: Error: WebGL warning: <SetDimensions>: Can't use WebGL in headless mode (https://bugzil.la/1375585).
JavaScript warning: http://mzt.hubei.gov.cn/fbjd/xxgkml/zcwj/zcfg/index.shtml line 5 > eval, line 1: Error: WebGL warning: <SetDimensions>: Failed to create WebGL context: WebGL creation failed: 
* Can't use WebGL in headless mode (https://bugzil.la/1375585).
JavaScript warning: http://mzt.hubei.gov.cn/fbjd/xxgkml/zcwj/zcfg/index.shtml line 5 > eval, line 1: Error: WebGL warning: <SetDimensions>: Can't use WebGL in headless mode (https://bugzil.la/1375585).
JavaScript warning: http://mzt.hubei.gov.cn/fbjd/xxgkml/zcwj/zcfg/index.shtml line 5 > eval, line 1: Error: WebGL warning: <SetDimensions>: Failed to create WebGL context: WebGL creation failed: 
* Can't use WebGL in headless mode (https://bugzil.la/1375585).
1584343554093	Marionette	INFO	Stopped listening on port 55277
1584343575927	mozrunner::runner	INFO	Running command: "C:\\Program Files\\Mozilla Firefox\\firefox.exe" "-marionette" "-headless" "-foreground" "-no-remote" "-profile" "C:\\Users\\bianx\\AppData\\Local\\Temp\\rust_mozprofileY6DU0c"
*** You are running in headless mode.
1584343576581	addons.webextension.doh-rollout@mozilla.org	WARN	Loading extension 'doh-rollout@mozilla.org': Reading manifest: Invalid extension permission: networkStatus
1584343576861	addons.webextension.screenshots@mozilla.org	WARN	Loading extension 'screenshots@mozilla.org': Reading manifest: Invalid extension permission: mozillaAddons
1584343576861	addons.webextension.screenshots@mozilla.org	WARN	Loading extension 'screenshots@mozilla.org': Reading manifest: Invalid extension permission: telemetry
1584343576861	addons.webextension.screenshots@mozilla.org	WARN	Loading extension 'screenshots@mozilla.org': Reading manifest: Invalid extension permission: resource://pdf.js/
1584343576861	addons.webextension.screenshots@mozilla.org	WARN	Loading extension 'screenshots@mozilla.org': Reading manifest: Invalid extension permission: about:reader*
JavaScript error: resource://gre/modules/XULStore.jsm, line 66: Error: Can't find profile directory.
1584343578250	Marionette	INFO	Listening on port 55360
1584343578547	Marionette	WARN	TLS certificate errors will be ignored for this session
JavaScript warning: http://mzt.hubei.gov.cn/fbjd/xxgkml/zcwj/zcfg/index.shtml line 5 > eval, line 1: Error: WebGL warning: <SetDimensions>: Can't use WebGL in headless mode (https://bugzil.la/1375585).
JavaScript warning: http://mzt.hubei.gov.cn/fbjd/xxgkml/zcwj/zcfg/index.shtml line 5 > eval, line 1: Error: WebGL warning: <SetDimensions>: Failed to create WebGL context: WebGL creation failed: 
* Can't use WebGL in headless mode (https://bugzil.la/1375585).
JavaScript warning: http://mzt.hubei.gov.cn/fbjd/xxgkml/zcwj/zcfg/index.shtml line 5 > eval, line 1: Error: WebGL warning: <SetDimensions>: Can't use WebGL in headless mode (https://bugzil.la/1375585).
JavaScript warning: http://mzt.hubei.gov.cn/fbjd/xxgkml/zcwj/zcfg/index.shtml line 5 > eval, line 1: Error: WebGL warning: <SetDimensions>: Failed to create WebGL context: WebGL creation failed: 
* Can't use WebGL in headless mode (https://bugzil.la/1375585).
1584343580187	Marionette	INFO	Stopped listening on port 55360
1584343604402	mozrunner::runner	INFO	Running command: "C:\\Program Files\\Mozilla Firefox\\firefox.exe" "-marionette" "-headless" "-foreground" "-no-remote" "-profile" "C:\\Users\\bianx\\AppData\\Local\\Temp\\rust_mozprofileuLFjlz"
*** You are running in headless mode.
1584343605075	addons.webextension.doh-rollout@mozilla.org	WARN	Loading extension 'doh-rollout@mozilla.org': Reading manifest: Invalid extension permission: networkStatus
1584343605363	addons.webextension.screenshots@mozilla.org	WARN	Loading extension 'screenshots@mozilla.org': Reading manifest: Invalid extension permission: mozillaAddons
1584343605363	addons.webextension.screenshots@mozilla.org	WARN	Loading extension 'screenshots@mozilla.org': Reading manifest: Invalid extension permission: telemetry
1584343605363	addons.webextension.screenshots@mozilla.org	WARN	Loading extension 'screenshots@mozilla.org': Reading manifest: Invalid extension permission: resource://pdf.js/
1584343605363	addons.webextension.screenshots@mozilla.org	WARN	Loading extension 'screenshots@mozilla.org': Reading manifest: Invalid extension permission: about:reader*
JavaScript error: resource://gre/modules/XULStore.jsm, line 66: Error: Can't find profile directory.
1584343606746	Marionette	INFO	Listening on port 55437
1584343607025	Marionette	WARN	TLS certificate errors will be ignored for this session
JavaScript warning: http://mzt.hubei.gov.cn/fbjd/xxgkml/zcwj/zcfg/index.shtml line 5 > eval, line 1: Error: WebGL warning: <SetDimensions>: Can't use WebGL in headless mode (https://bugzil.la/1375585).
JavaScript warning: http://mzt.hubei.gov.cn/fbjd/xxgkml/zcwj/zcfg/index.shtml line 5 > eval, line 1: Error: WebGL warning: <SetDimensions>: Failed to create WebGL context: WebGL creation failed: 
* Can't use WebGL in headless mode (https://bugzil.la/1375585).
JavaScript warning: http://mzt.hubei.gov.cn/fbjd/xxgkml/zcwj/zcfg/index.shtml line 5 > eval, line 1: Error: WebGL warning: <SetDimensions>: Can't use WebGL in headless mode (https://bugzil.la/1375585).
JavaScript warning: http://mzt.hubei.gov.cn/fbjd/xxgkml/zcwj/zcfg/index.shtml line 5 > eval, line 1: Error: WebGL warning: <SetDimensions>: Failed to create WebGL context: WebGL creation failed: 
* Can't use WebGL in headless mode (https://bugzil.la/1375585).
1584343608656	Marionette	INFO	Stopped listening on port 55437
1584343726927	mozrunner::runner	INFO	Running command: "C:\\Program Files\\Mozilla Firefox\\firefox.exe" "-marionette" "-headless" "-foreground" "-no-remote" "-profile" "C:\\Users\\bianx\\AppData\\Local\\Temp\\rust_mozprofilerLNdR1"
*** You are running in headless mode.
1584343727575	addons.webextension.doh-rollout@mozilla.org	WARN	Loading extension 'doh-rollout@mozilla.org': Reading manifest: Invalid extension permission: networkStatus
1584343727860	addons.webextension.screenshots@mozilla.org	WARN	Loading extension 'screenshots@mozilla.org': Reading manifest: Invalid extension permission: mozillaAddons
1584343727860	addons.webextension.screenshots@mozilla.org	WARN	Loading extension 'screenshots@mozilla.org': Reading manifest: Invalid extension permission: telemetry
1584343727860	addons.webextension.screenshots@mozilla.org	WARN	Loading extension 'screenshots@mozilla.org': Reading manifest: Invalid extension permission: resource://pdf.js/
1584343727860	addons.webextension.screenshots@mozilla.org	WARN	Loading extension 'screenshots@mozilla.org': Reading manifest: Invalid extension permission: about:reader*
JavaScript error: resource://gre/modules/XULStore.jsm, line 66: Error: Can't find profile directory.
1584343729276	Marionette	INFO	Listening on port 55626
1584343729541	Marionette	WARN	TLS certificate errors will be ignored for this session
JavaScript warning: http://mzt.hubei.gov.cn/fbjd/xxgkml/zcwj/zcfg/index.shtml line 5 > eval, line 1: Error: WebGL warning: <SetDimensions>: Can't use WebGL in headless mode (https://bugzil.la/1375585).
JavaScript warning: http://mzt.hubei.gov.cn/fbjd/xxgkml/zcwj/zcfg/index.shtml line 5 > eval, line 1: Error: WebGL warning: <SetDimensions>: Failed to create WebGL context: WebGL creation failed: 
* Can't use WebGL in headless mode (https://bugzil.la/1375585).
JavaScript warning: http://mzt.hubei.gov.cn/fbjd/xxgkml/zcwj/zcfg/index.shtml line 5 > eval, line 1: Error: WebGL warning: <SetDimensions>: Can't use WebGL in headless mode (https://bugzil.la/1375585).
JavaScript warning: http://mzt.hubei.gov.cn/fbjd/xxgkml/zcwj/zcfg/index.shtml line 5 > eval, line 1: Error: WebGL warning: <SetDimensions>: Failed to create WebGL context: WebGL creation failed: 
* Can't use WebGL in headless mode (https://bugzil.la/1375585).
1584343731225	Marionette	INFO	Stopped listening on port 55626
1584343735391	mozrunner::runner	INFO	Running command: "C:\\Program Files\\Mozilla Firefox\\firefox.exe" "-marionette" "-headless" "-foreground" "-no-remote" "-profile" "C:\\Users\\bianx\\AppData\\Local\\Temp\\rust_mozprofileH7e7Np"
*** You are running in headless mode.
1584343736041	addons.webextension.doh-rollout@mozilla.org	WARN	Loading extension 'doh-rollout@mozilla.org': Reading manifest: Invalid extension permission: networkStatus
1584343736317	addons.webextension.screenshots@mozilla.org	WARN	Loading extension 'screenshots@mozilla.org': Reading manifest: Invalid extension permission: mozillaAddons
1584343736317	addons.webextension.screenshots@mozilla.org	WARN	Loading extension 'screenshots@mozilla.org': Reading manifest: Invalid extension permission: telemetry
1584343736317	addons.webextension.screenshots@mozilla.org	WARN	Loading extension 'screenshots@mozilla.org': Reading manifest: Invalid extension permission: resource://pdf.js/
1584343736317	addons.webextension.screenshots@mozilla.org	WARN	Loading extension 'screenshots@mozilla.org': Reading manifest: Invalid extension permission: about:reader*
JavaScript error: resource://gre/modules/XULStore.jsm, line 66: Error: Can't find profile directory.
1584343737695	Marionette	INFO	Listening on port 55702
1584343738009	Marionette	WARN	TLS certificate errors will be ignored for this session
JavaScript warning: http://mzt.hubei.gov.cn/fbjd/xxgkml/zcwj/zcfg/201901/t20190128_1692910.shtml line 5 > eval, line 1: Error: WebGL warning: <SetDimensions>: Can't use WebGL in headless mode (https://bugzil.la/1375585).
JavaScript warning: http://mzt.hubei.gov.cn/fbjd/xxgkml/zcwj/zcfg/201901/t20190128_1692910.shtml line 5 > eval, line 1: Error: WebGL warning: <SetDimensions>: Failed to create WebGL context: WebGL creation failed: 
* Can't use WebGL in headless mode (https://bugzil.la/1375585).
JavaScript warning: http://mzt.hubei.gov.cn/fbjd/xxgkml/zcwj/zcfg/201901/t20190128_1692910.shtml line 5 > eval, line 1: Error: WebGL warning: <SetDimensions>: Can't use WebGL in headless mode (https://bugzil.la/1375585).
JavaScript warning: http://mzt.hubei.gov.cn/fbjd/xxgkml/zcwj/zcfg/201901/t20190128_1692910.shtml line 5 > eval, line 1: Error: WebGL warning: <SetDimensions>: Failed to create WebGL context: WebGL creation failed: 
* Can't use WebGL in headless mode (https://bugzil.la/1375585).
1584343739678	Marionette	INFO	Stopped listening on port 55702
[Child 9544, Chrome_ChildThread] WARNING: pipe error: 232: file z:/task_1581954009/build/src/ipc/chromium/src/chrome/common/ipc_channel_win.cc, line 507

###!!! [Child][MessageChannel] Error: (msgtype=0x680029,name=PNecko::Msg_RemoveRequestContext) Channel closing: too late to send/recv, messages will be lost


###!!! [Child][RunMessage] Error: Channel closing: too late to send/recv, messages will be lost

1584343788000	mozrunner::runner	INFO	Running command: "C:\\Program Files\\Mozilla Firefox\\firefox.exe" "-marionette" "-headless" "-foreground" "-no-remote" "-profile" "C:\\Users\\bianx\\AppData\\Local\\Temp\\rust_mozprofilet53GtH"
*** You are running in headless mode.
1584343788664	addons.webextension.doh-rollout@mozilla.org	WARN	Loading extension 'doh-rollout@mozilla.org': Reading manifest: Invalid extension permission: networkStatus
1584343788941	addons.webextension.screenshots@mozilla.org	WARN	Loading extension 'screenshots@mozilla.org': Reading manifest: Invalid extension permission: mozillaAddons
1584343788941	addons.webextension.screenshots@mozilla.org	WARN	Loading extension 'screenshots@mozilla.org': Reading manifest: Invalid extension permission: telemetry
1584343788941	addons.webextension.screenshots@mozilla.org	WARN	Loading extension 'screenshots@mozilla.org': Reading manifest: Invalid extension permission: resource://pdf.js/
1584343788941	addons.webextension.screenshots@mozilla.org	WARN	Loading extension 'screenshots@mozilla.org': Reading manifest: Invalid extension permission: about:reader*
JavaScript error: resource://gre/modules/XULStore.jsm, line 66: Error: Can't find profile directory.
1584343790280	Marionette	INFO	Listening on port 55830
1584343790616	Marionette	WARN	TLS certificate errors will be ignored for this session
JavaScript warning: http://mzt.hubei.gov.cn/fbjd/xxgkml/zcwj/zcfg/index.shtml line 5 > eval, line 1: Error: WebGL warning: <SetDimensions>: Can't use WebGL in headless mode (https://bugzil.la/1375585).
JavaScript warning: http://mzt.hubei.gov.cn/fbjd/xxgkml/zcwj/zcfg/index.shtml line 5 > eval, line 1: Error: WebGL warning: <SetDimensions>: Failed to create WebGL context: WebGL creation failed: 
* Can't use WebGL in headless mode (https://bugzil.la/1375585).
JavaScript warning: http://mzt.hubei.gov.cn/fbjd/xxgkml/zcwj/zcfg/index.shtml line 5 > eval, line 1: Error: WebGL warning: <SetDimensions>: Can't use WebGL in headless mode (https://bugzil.la/1375585).
JavaScript warning: http://mzt.hubei.gov.cn/fbjd/xxgkml/zcwj/zcfg/index.shtml line 5 > eval, line 1: Error: WebGL warning: <SetDimensions>: Failed to create WebGL context: WebGL creation failed: 
* Can't use WebGL in headless mode (https://bugzil.la/1375585).
1584343791607	Marionette	INFO	Stopped listening on port 55830
1584343795743	mozrunner::runner	INFO	Running command: "C:\\Program Files\\Mozilla Firefox\\firefox.exe" "-marionette" "-headless" "-foreground" "-no-remote" "-profile" "C:\\Users\\bianx\\AppData\\Local\\Temp\\rust_mozprofiletyl3j5"
*** You are running in headless mode.
1584343796409	addons.webextension.doh-rollout@mozilla.org	WARN	Loading extension 'doh-rollout@mozilla.org': Reading manifest: Invalid extension permission: networkStatus
1584343796686	addons.webextension.screenshots@mozilla.org	WARN	Loading extension 'screenshots@mozilla.org': Reading manifest: Invalid extension permission: mozillaAddons
1584343796686	addons.webextension.screenshots@mozilla.org	WARN	Loading extension 'screenshots@mozilla.org': Reading manifest: Invalid extension permission: telemetry
1584343796686	addons.webextension.screenshots@mozilla.org	WARN	Loading extension 'screenshots@mozilla.org': Reading manifest: Invalid extension permission: resource://pdf.js/
1584343796686	addons.webextension.screenshots@mozilla.org	WARN	Loading extension 'screenshots@mozilla.org': Reading manifest: Invalid extension permission: about:reader*
JavaScript error: resource://gre/modules/XULStore.jsm, line 66: Error: Can't find profile directory.
1584343798131	Marionette	INFO	Listening on port 55885
1584343798360	Marionette	WARN	TLS certificate errors will be ignored for this session
JavaScript warning: http://mzt.hubei.gov.cn/fbjd/xxgkml/zcwj/zcfg/201901/t20190128_1692910.shtml line 5 > eval, line 1: Error: WebGL warning: <SetDimensions>: Can't use WebGL in headless mode (https://bugzil.la/1375585).
JavaScript warning: http://mzt.hubei.gov.cn/fbjd/xxgkml/zcwj/zcfg/201901/t20190128_1692910.shtml line 5 > eval, line 1: Error: WebGL warning: <SetDimensions>: Failed to create WebGL context: WebGL creation failed: 
* Can't use WebGL in headless mode (https://bugzil.la/1375585).
JavaScript warning: http://mzt.hubei.gov.cn/fbjd/xxgkml/zcwj/zcfg/201901/t20190128_1692910.shtml line 5 > eval, line 1: Error: WebGL warning: <SetDimensions>: Can't use WebGL in headless mode (https://bugzil.la/1375585).
JavaScript warning: http://mzt.hubei.gov.cn/fbjd/xxgkml/zcwj/zcfg/201901/t20190128_1692910.shtml line 5 > eval, line 1: Error: WebGL warning: <SetDimensions>: Failed to create WebGL context: WebGL creation failed: 
* Can't use WebGL in headless mode (https://bugzil.la/1375585).
1584343799953	Marionette	INFO	Stopped listening on port 55885

###!!! [Child][RunMessage] Error: Channel closing: too late to send/recv, messages will be lost

1584343808845	mozrunner::runner	INFO	Running command: "C:\\Program Files\\Mozilla Firefox\\firefox.exe" "-marionette" "-headless" "-foreground" "-no-remote" "-profile" "C:\\Users\\bianx\\AppData\\Local\\Temp\\rust_mozprofileKmBmFm"
*** You are running in headless mode.
1584343809501	addons.webextension.doh-rollout@mozilla.org	WARN	Loading extension 'doh-rollout@mozilla.org': Reading manifest: Invalid extension permission: networkStatus
1584343809788	addons.webextension.screenshots@mozilla.org	WARN	Loading extension 'screenshots@mozilla.org': Reading manifest: Invalid extension permission: mozillaAddons
1584343809788	addons.webextension.screenshots@mozilla.org	WARN	Loading extension 'screenshots@mozilla.org': Reading manifest: Invalid extension permission: telemetry
1584343809788	addons.webextension.screenshots@mozilla.org	WARN	Loading extension 'screenshots@mozilla.org': Reading manifest: Invalid extension permission: resource://pdf.js/
1584343809788	addons.webextension.screenshots@mozilla.org	WARN	Loading extension 'screenshots@mozilla.org': Reading manifest: Invalid extension permission: about:reader*
JavaScript error: resource://gre/modules/XULStore.jsm, line 66: Error: Can't find profile directory.
1584343811155	Marionette	INFO	Listening on port 55963
1584343811458	Marionette	WARN	TLS certificate errors will be ignored for this session
JavaScript warning: http://mzt.hubei.gov.cn/fbjd/xxgkml/zcwj/zcfg/index.shtml line 5 > eval, line 1: Error: WebGL warning: <SetDimensions>: Can't use WebGL in headless mode (https://bugzil.la/1375585).
JavaScript warning: http://mzt.hubei.gov.cn/fbjd/xxgkml/zcwj/zcfg/index.shtml line 5 > eval, line 1: Error: WebGL warning: <SetDimensions>: Failed to create WebGL context: WebGL creation failed: 
* Can't use WebGL in headless mode (https://bugzil.la/1375585).
JavaScript warning: http://mzt.hubei.gov.cn/fbjd/xxgkml/zcwj/zcfg/index.shtml line 5 > eval, line 1: Error: WebGL warning: <SetDimensions>: Can't use WebGL in headless mode (https://bugzil.la/1375585).
JavaScript warning: http://mzt.hubei.gov.cn/fbjd/xxgkml/zcwj/zcfg/index.shtml line 5 > eval, line 1: Error: WebGL warning: <SetDimensions>: Failed to create WebGL context: WebGL creation failed: 
* Can't use WebGL in headless mode (https://bugzil.la/1375585).
1584343813104	Marionette	INFO	Stopped listening on port 55963
1584343817091	mozrunner::runner	INFO	Running command: "C:\\Program Files\\Mozilla Firefox\\firefox.exe" "-marionette" "-headless" "-foreground" "-no-remote" "-profile" "C:\\Users\\bianx\\AppData\\Local\\Temp\\rust_mozprofileb12y4J"
*** You are running in headless mode.
1584343817732	addons.webextension.doh-rollout@mozilla.org	WARN	Loading extension 'doh-rollout@mozilla.org': Reading manifest: Invalid extension permission: networkStatus
1584343818024	addons.webextension.screenshots@mozilla.org	WARN	Loading extension 'screenshots@mozilla.org': Reading manifest: Invalid extension permission: mozillaAddons
1584343818024	addons.webextension.screenshots@mozilla.org	WARN	Loading extension 'screenshots@mozilla.org': Reading manifest: Invalid extension permission: telemetry
1584343818024	addons.webextension.screenshots@mozilla.org	WARN	Loading extension 'screenshots@mozilla.org': Reading manifest: Invalid extension permission: resource://pdf.js/
1584343818024	addons.webextension.screenshots@mozilla.org	WARN	Loading extension 'screenshots@mozilla.org': Reading manifest: Invalid extension permission: about:reader*
JavaScript error: resource://gre/modules/XULStore.jsm, line 66: Error: Can't find profile directory.
1584343819418	Marionette	INFO	Listening on port 56037
1584343819705	Marionette	WARN	TLS certificate errors will be ignored for this session
JavaScript warning: http://mzt.hubei.gov.cn/fbjd/xxgkml/zcwj/zcfg/201901/t20190128_1692910.shtml line 5 > eval, line 1: Error: WebGL warning: <SetDimensions>: Can't use WebGL in headless mode (https://bugzil.la/1375585).
JavaScript warning: http://mzt.hubei.gov.cn/fbjd/xxgkml/zcwj/zcfg/201901/t20190128_1692910.shtml line 5 > eval, line 1: Error: WebGL warning: <SetDimensions>: Failed to create WebGL context: WebGL creation failed: 
* Can't use WebGL in headless mode (https://bugzil.la/1375585).
JavaScript warning: http://mzt.hubei.gov.cn/fbjd/xxgkml/zcwj/zcfg/201901/t20190128_1692910.shtml line 5 > eval, line 1: Error: WebGL warning: <SetDimensions>: Can't use WebGL in headless mode (https://bugzil.la/1375585).
JavaScript warning: http://mzt.hubei.gov.cn/fbjd/xxgkml/zcwj/zcfg/201901/t20190128_1692910.shtml line 5 > eval, line 1: Error: WebGL warning: <SetDimensions>: Failed to create WebGL context: WebGL creation failed: 
* Can't use WebGL in headless mode (https://bugzil.la/1375585).
1584343821144	Marionette	INFO	Stopped listening on port 56037
1584343836081	mozrunner::runner	INFO	Running command: "C:\\Program Files\\Mozilla Firefox\\firefox.exe" "-marionette" "-headless" "-foreground" "-no-remote" "-profile" "C:\\Users\\bianx\\AppData\\Local\\Temp\\rust_mozprofileHAa0Y7"
*** You are running in headless mode.
1584343836748	addons.webextension.doh-rollout@mozilla.org	WARN	Loading extension 'doh-rollout@mozilla.org': Reading manifest: Invalid extension permission: networkStatus
1584343837020	addons.webextension.screenshots@mozilla.org	WARN	Loading extension 'screenshots@mozilla.org': Reading manifest: Invalid extension permission: mozillaAddons
1584343837020	addons.webextension.screenshots@mozilla.org	WARN	Loading extension 'screenshots@mozilla.org': Reading manifest: Invalid extension permission: telemetry
1584343837020	addons.webextension.screenshots@mozilla.org	WARN	Loading extension 'screenshots@mozilla.org': Reading manifest: Invalid extension permission: resource://pdf.js/
1584343837020	addons.webextension.screenshots@mozilla.org	WARN	Loading extension 'screenshots@mozilla.org': Reading manifest: Invalid extension permission: about:reader*
JavaScript error: resource://gre/modules/XULStore.jsm, line 66: Error: Can't find profile directory.
1584343838364	Marionette	INFO	Listening on port 56136
1584343838711	Marionette	WARN	TLS certificate errors will be ignored for this session
JavaScript warning: http://mzt.hubei.gov.cn/fbjd/xxgkml/zcwj/zcfg/index.shtml line 5 > eval, line 1: Error: WebGL warning: <SetDimensions>: Can't use WebGL in headless mode (https://bugzil.la/1375585).
JavaScript warning: http://mzt.hubei.gov.cn/fbjd/xxgkml/zcwj/zcfg/index.shtml line 5 > eval, line 1: Error: WebGL warning: <SetDimensions>: Failed to create WebGL context: WebGL creation failed: 
* Can't use WebGL in headless mode (https://bugzil.la/1375585).
JavaScript warning: http://mzt.hubei.gov.cn/fbjd/xxgkml/zcwj/zcfg/index.shtml line 5 > eval, line 1: Error: WebGL warning: <SetDimensions>: Can't use WebGL in headless mode (https://bugzil.la/1375585).
JavaScript warning: http://mzt.hubei.gov.cn/fbjd/xxgkml/zcwj/zcfg/index.shtml line 5 > eval, line 1: Error: WebGL warning: <SetDimensions>: Failed to create WebGL context: WebGL creation failed: 
* Can't use WebGL in headless mode (https://bugzil.la/1375585).
1584343840342	Marionette	INFO	Stopped listening on port 56136
1584343844409	mozrunner::runner	INFO	Running command: "C:\\Program Files\\Mozilla Firefox\\firefox.exe" "-marionette" "-headless" "-foreground" "-no-remote" "-profile" "C:\\Users\\bianx\\AppData\\Local\\Temp\\rust_mozprofileOwQ3hJ"
*** You are running in headless mode.
1584343845056	addons.webextension.doh-rollout@mozilla.org	WARN	Loading extension 'doh-rollout@mozilla.org': Reading manifest: Invalid extension permission: networkStatus
1584343845339	addons.webextension.screenshots@mozilla.org	WARN	Loading extension 'screenshots@mozilla.org': Reading manifest: Invalid extension permission: mozillaAddons
1584343845339	addons.webextension.screenshots@mozilla.org	WARN	Loading extension 'screenshots@mozilla.org': Reading manifest: Invalid extension permission: telemetry
1584343845339	addons.webextension.screenshots@mozilla.org	WARN	Loading extension 'screenshots@mozilla.org': Reading manifest: Invalid extension permission: resource://pdf.js/
1584343845339	addons.webextension.screenshots@mozilla.org	WARN	Loading extension 'screenshots@mozilla.org': Reading manifest: Invalid extension permission: about:reader*
JavaScript error: resource://gre/modules/XULStore.jsm, line 66: Error: Can't find profile directory.
1584343846679	Marionette	INFO	Listening on port 56192
1584343847035	Marionette	WARN	TLS certificate errors will be ignored for this session
JavaScript warning: http://mzt.hubei.gov.cn/fbjd/xxgkml/zcwj/zcfg/201901/t20190128_1692910.shtml line 5 > eval, line 1: Error: WebGL warning: <SetDimensions>: Can't use WebGL in headless mode (https://bugzil.la/1375585).
JavaScript warning: http://mzt.hubei.gov.cn/fbjd/xxgkml/zcwj/zcfg/201901/t20190128_1692910.shtml line 5 > eval, line 1: Error: WebGL warning: <SetDimensions>: Failed to create WebGL context: WebGL creation failed: 
* Can't use WebGL in headless mode (https://bugzil.la/1375585).
JavaScript warning: http://mzt.hubei.gov.cn/fbjd/xxgkml/zcwj/zcfg/201901/t20190128_1692910.shtml line 5 > eval, line 1: Error: WebGL warning: <SetDimensions>: Can't use WebGL in headless mode (https://bugzil.la/1375585).
JavaScript warning: http://mzt.hubei.gov.cn/fbjd/xxgkml/zcwj/zcfg/201901/t20190128_1692910.shtml line 5 > eval, line 1: Error: WebGL warning: <SetDimensions>: Failed to create WebGL context: WebGL creation failed: 
* Can't use WebGL in headless mode (https://bugzil.la/1375585).
1584343848597	Marionette	INFO	Stopped listening on port 56192
[Child 19016, Chrome_ChildThread] WARNING: pipe error: 232: file z:/task_1581954009/build/src/ipc/chromium/src/chrome/common/ipc_channel_win.cc, line 507
[Child 19016, Chrome_ChildThread] WARNING: pipe error: 232: file z:/task_1581954009/build/src/ipc/chromium/src/chrome/common/ipc_channel_win.cc, line 507
1584343879994	mozrunner::runner	INFO	Running command: "C:\\Program Files\\Mozilla Firefox\\firefox.exe" "-marionette" "-headless" "-foreground" "-no-remote" "-profile" "C:\\Users\\bianx\\AppData\\Local\\Temp\\rust_mozprofilecd9nIL"
*** You are running in headless mode.
1584343881411	addons.webextension.doh-rollout@mozilla.org	WARN	Loading extension 'doh-rollout@mozilla.org': Reading manifest: Invalid extension permission: networkStatus
1584343882616	addons.webextension.screenshots@mozilla.org	WARN	Loading extension 'screenshots@mozilla.org': Reading manifest: Invalid extension permission: mozillaAddons
1584343882616	addons.webextension.screenshots@mozilla.org	WARN	Loading extension 'screenshots@mozilla.org': Reading manifest: Invalid extension permission: telemetry
1584343882616	addons.webextension.screenshots@mozilla.org	WARN	Loading extension 'screenshots@mozilla.org': Reading manifest: Invalid extension permission: resource://pdf.js/
1584343882616	addons.webextension.screenshots@mozilla.org	WARN	Loading extension 'screenshots@mozilla.org': Reading manifest: Invalid extension permission: about:reader*
JavaScript error: resource://gre/modules/XULStore.jsm, line 66: Error: Can't find profile directory.
1584343885701	Marionette	INFO	Listening on port 56303
1584343885724	Marionette	WARN	TLS certificate errors will be ignored for this session
JavaScript warning: http://mzt.hubei.gov.cn/fbjd/xxgkml/zcwj/zcfg/index.shtml line 5 > eval, line 1: Error: WebGL warning: <SetDimensions>: Can't use WebGL in headless mode (https://bugzil.la/1375585).
JavaScript warning: http://mzt.hubei.gov.cn/fbjd/xxgkml/zcwj/zcfg/index.shtml line 5 > eval, line 1: Error: WebGL warning: <SetDimensions>: Failed to create WebGL context: WebGL creation failed: 
* Can't use WebGL in headless mode (https://bugzil.la/1375585).
JavaScript warning: http://mzt.hubei.gov.cn/fbjd/xxgkml/zcwj/zcfg/index.shtml line 5 > eval, line 1: Error: WebGL warning: <SetDimensions>: Can't use WebGL in headless mode (https://bugzil.la/1375585).
JavaScript warning: http://mzt.hubei.gov.cn/fbjd/xxgkml/zcwj/zcfg/index.shtml line 5 > eval, line 1: Error: WebGL warning: <SetDimensions>: Failed to create WebGL context: WebGL creation failed: 
* Can't use WebGL in headless mode (https://bugzil.la/1375585).
1584343887424	Marionette	INFO	Stopped listening on port 56303
1584343906378	mozrunner::runner	INFO	Running command: "C:\\Program Files\\Mozilla Firefox\\firefox.exe" "-marionette" "-headless" "-foreground" "-no-remote" "-profile" "C:\\Users\\bianx\\AppData\\Local\\Temp\\rust_mozprofileWBDFEb"
*** You are running in headless mode.
1584343907334	addons.webextension.doh-rollout@mozilla.org	WARN	Loading extension 'doh-rollout@mozilla.org': Reading manifest: Invalid extension permission: networkStatus
1584343907621	addons.webextension.screenshots@mozilla.org	WARN	Loading extension 'screenshots@mozilla.org': Reading manifest: Invalid extension permission: mozillaAddons
1584343907621	addons.webextension.screenshots@mozilla.org	WARN	Loading extension 'screenshots@mozilla.org': Reading manifest: Invalid extension permission: telemetry
1584343907621	addons.webextension.screenshots@mozilla.org	WARN	Loading extension 'screenshots@mozilla.org': Reading manifest: Invalid extension permission: resource://pdf.js/
1584343907621	addons.webextension.screenshots@mozilla.org	WARN	Loading extension 'screenshots@mozilla.org': Reading manifest: Invalid extension permission: about:reader*
JavaScript error: resource://gre/modules/XULStore.jsm, line 66: Error: Can't find profile directory.
1584343909010	Marionette	INFO	Listening on port 56398
1584343909500	Marionette	WARN	TLS certificate errors will be ignored for this session
JavaScript warning: http://mzt.hubei.gov.cn/fbjd/xxgkml/zcwj/zcfg/index.shtml line 5 > eval, line 1: Error: WebGL warning: <SetDimensions>: Can't use WebGL in headless mode (https://bugzil.la/1375585).
JavaScript warning: http://mzt.hubei.gov.cn/fbjd/xxgkml/zcwj/zcfg/index.shtml line 5 > eval, line 1: Error: WebGL warning: <SetDimensions>: Failed to create WebGL context: WebGL creation failed: 
* Can't use WebGL in headless mode (https://bugzil.la/1375585).
JavaScript warning: http://mzt.hubei.gov.cn/fbjd/xxgkml/zcwj/zcfg/index.shtml line 5 > eval, line 1: Error: WebGL warning: <SetDimensions>: Can't use WebGL in headless mode (https://bugzil.la/1375585).
JavaScript warning: http://mzt.hubei.gov.cn/fbjd/xxgkml/zcwj/zcfg/index.shtml line 5 > eval, line 1: Error: WebGL warning: <SetDimensions>: Failed to create WebGL context: WebGL creation failed: 
* Can't use WebGL in headless mode (https://bugzil.la/1375585).
1584343911340	Marionette	INFO	Stopped listening on port 56398
1584343929264	mozrunner::runner	INFO	Running command: "C:\\Program Files\\Mozilla Firefox\\firefox.exe" "-marionette" "-headless" "-foreground" "-no-remote" "-profile" "C:\\Users\\bianx\\AppData\\Local\\Temp\\rust_mozprofilecwpuTC"
*** You are running in headless mode.
1584343929912	addons.webextension.doh-rollout@mozilla.org	WARN	Loading extension 'doh-rollout@mozilla.org': Reading manifest: Invalid extension permission: networkStatus
1584343930197	addons.webextension.screenshots@mozilla.org	WARN	Loading extension 'screenshots@mozilla.org': Reading manifest: Invalid extension permission: mozillaAddons
1584343930197	addons.webextension.screenshots@mozilla.org	WARN	Loading extension 'screenshots@mozilla.org': Reading manifest: Invalid extension permission: telemetry
1584343930198	addons.webextension.screenshots@mozilla.org	WARN	Loading extension 'screenshots@mozilla.org': Reading manifest: Invalid extension permission: resource://pdf.js/
1584343930198	addons.webextension.screenshots@mozilla.org	WARN	Loading extension 'screenshots@mozilla.org': Reading manifest: Invalid extension permission: about:reader*
JavaScript error: resource://gre/modules/XULStore.jsm, line 66: Error: Can't find profile directory.
1584343931967	Marionette	INFO	Listening on port 56488
1584343932376	Marionette	WARN	TLS certificate errors will be ignored for this session
JavaScript warning: http://mzt.hubei.gov.cn/fbjd/xxgkml/zcwj/zcfg/index.shtml line 5 > eval, line 1: Error: WebGL warning: <SetDimensions>: Can't use WebGL in headless mode (https://bugzil.la/1375585).
JavaScript warning: http://mzt.hubei.gov.cn/fbjd/xxgkml/zcwj/zcfg/index.shtml line 5 > eval, line 1: Error: WebGL warning: <SetDimensions>: Failed to create WebGL context: WebGL creation failed: 
* Can't use WebGL in headless mode (https://bugzil.la/1375585).
JavaScript warning: http://mzt.hubei.gov.cn/fbjd/xxgkml/zcwj/zcfg/index.shtml line 5 > eval, line 1: Error: WebGL warning: <SetDimensions>: Can't use WebGL in headless mode (https://bugzil.la/1375585).
JavaScript warning: http://mzt.hubei.gov.cn/fbjd/xxgkml/zcwj/zcfg/index.shtml line 5 > eval, line 1: Error: WebGL warning: <SetDimensions>: Failed to create WebGL context: WebGL creation failed: 
* Can't use WebGL in headless mode (https://bugzil.la/1375585).
1584343934234	Marionette	INFO	Stopped listening on port 56488
1584343965466	mozrunner::runner	INFO	Running command: "C:\\Program Files\\Mozilla Firefox\\firefox.exe" "-marionette" "-headless" "-foreground" "-no-remote" "-profile" "C:\\Users\\bianx\\AppData\\Local\\Temp\\rust_mozprofilefk9FTz"
*** You are running in headless mode.
1584343966110	addons.webextension.doh-rollout@mozilla.org	WARN	Loading extension 'doh-rollout@mozilla.org': Reading manifest: Invalid extension permission: networkStatus
1584343966388	addons.webextension.screenshots@mozilla.org	WARN	Loading extension 'screenshots@mozilla.org': Reading manifest: Invalid extension permission: mozillaAddons
1584343966388	addons.webextension.screenshots@mozilla.org	WARN	Loading extension 'screenshots@mozilla.org': Reading manifest: Invalid extension permission: telemetry
1584343966388	addons.webextension.screenshots@mozilla.org	WARN	Loading extension 'screenshots@mozilla.org': Reading manifest: Invalid extension permission: resource://pdf.js/
1584343966388	addons.webextension.screenshots@mozilla.org	WARN	Loading extension 'screenshots@mozilla.org': Reading manifest: Invalid extension permission: about:reader*
JavaScript error: resource://gre/modules/XULStore.jsm, line 66: Error: Can't find profile directory.
1584343967749	Marionette	INFO	Listening on port 56645
1584343968083	Marionette	WARN	TLS certificate errors will be ignored for this session
JavaScript warning: http://mzt.hubei.gov.cn/fbjd/xxgkml/zcwj/zcfg/index.shtml line 5 > eval, line 1: Error: WebGL warning: <SetDimensions>: Can't use WebGL in headless mode (https://bugzil.la/1375585).
JavaScript warning: http://mzt.hubei.gov.cn/fbjd/xxgkml/zcwj/zcfg/index.shtml line 5 > eval, line 1: Error: WebGL warning: <SetDimensions>: Failed to create WebGL context: WebGL creation failed: 
* Can't use WebGL in headless mode (https://bugzil.la/1375585).
JavaScript warning: http://mzt.hubei.gov.cn/fbjd/xxgkml/zcwj/zcfg/index.shtml line 5 > eval, line 1: Error: WebGL warning: <SetDimensions>: Can't use WebGL in headless mode (https://bugzil.la/1375585).
JavaScript warning: http://mzt.hubei.gov.cn/fbjd/xxgkml/zcwj/zcfg/index.shtml line 5 > eval, line 1: Error: WebGL warning: <SetDimensions>: Failed to create WebGL context: WebGL creation failed: 
* Can't use WebGL in headless mode (https://bugzil.la/1375585).
1584343969981	Marionette	INFO	Stopped listening on port 56645
1584344002456	mozrunner::runner	INFO	Running command: "C:\\Program Files\\Mozilla Firefox\\firefox.exe" "-marionette" "-headless" "-foreground" "-no-remote" "-profile" "C:\\Users\\bianx\\AppData\\Local\\Temp\\rust_mozprofile1NI6pf"
*** You are running in headless mode.
1584344003113	addons.webextension.doh-rollout@mozilla.org	WARN	Loading extension 'doh-rollout@mozilla.org': Reading manifest: Invalid extension permission: networkStatus
1584344003397	addons.webextension.screenshots@mozilla.org	WARN	Loading extension 'screenshots@mozilla.org': Reading manifest: Invalid extension permission: mozillaAddons
1584344003397	addons.webextension.screenshots@mozilla.org	WARN	Loading extension 'screenshots@mozilla.org': Reading manifest: Invalid extension permission: telemetry
1584344003397	addons.webextension.screenshots@mozilla.org	WARN	Loading extension 'screenshots@mozilla.org': Reading manifest: Invalid extension permission: resource://pdf.js/
1584344003397	addons.webextension.screenshots@mozilla.org	WARN	Loading extension 'screenshots@mozilla.org': Reading manifest: Invalid extension permission: about:reader*
JavaScript error: resource://gre/modules/XULStore.jsm, line 66: Error: Can't find profile directory.
1584344004707	Marionette	INFO	Listening on port 56804
1584344005074	Marionette	WARN	TLS certificate errors will be ignored for this session
JavaScript warning: http://mzt.hubei.gov.cn/fbjd/xxgkml/zcwj/zcfg/index.shtml line 5 > eval, line 1: Error: WebGL warning: <SetDimensions>: Can't use WebGL in headless mode (https://bugzil.la/1375585).
JavaScript warning: http://mzt.hubei.gov.cn/fbjd/xxgkml/zcwj/zcfg/index.shtml line 5 > eval, line 1: Error: WebGL warning: <SetDimensions>: Failed to create WebGL context: WebGL creation failed: 
* Can't use WebGL in headless mode (https://bugzil.la/1375585).
JavaScript warning: http://mzt.hubei.gov.cn/fbjd/xxgkml/zcwj/zcfg/index.shtml line 5 > eval, line 1: Error: WebGL warning: <SetDimensions>: Can't use WebGL in headless mode (https://bugzil.la/1375585).
JavaScript warning: http://mzt.hubei.gov.cn/fbjd/xxgkml/zcwj/zcfg/index.shtml line 5 > eval, line 1: Error: WebGL warning: <SetDimensions>: Failed to create WebGL context: WebGL creation failed: 
* Can't use WebGL in headless mode (https://bugzil.la/1375585).
1584344006949	Marionette	INFO	Stopped listening on port 56804

###!!! [Child][MessageChannel] Error: (msgtype=0x680029,name=PNecko::Msg_RemoveRequestContext) Channel closing: too late to send/recv, messages will be lost

1584344038260	mozrunner::runner	INFO	Running command: "C:\\Program Files\\Mozilla Firefox\\firefox.exe" "-marionette" "-headless" "-foreground" "-no-remote" "-profile" "C:\\Users\\bianx\\AppData\\Local\\Temp\\rust_mozprofileg6rvIK"
*** You are running in headless mode.
1584344038988	addons.webextension.doh-rollout@mozilla.org	WARN	Loading extension 'doh-rollout@mozilla.org': Reading manifest: Invalid extension permission: networkStatus
1584344039317	addons.webextension.screenshots@mozilla.org	WARN	Loading extension 'screenshots@mozilla.org': Reading manifest: Invalid extension permission: mozillaAddons
1584344039317	addons.webextension.screenshots@mozilla.org	WARN	Loading extension 'screenshots@mozilla.org': Reading manifest: Invalid extension permission: telemetry
1584344039317	addons.webextension.screenshots@mozilla.org	WARN	Loading extension 'screenshots@mozilla.org': Reading manifest: Invalid extension permission: resource://pdf.js/
1584344039317	addons.webextension.screenshots@mozilla.org	WARN	Loading extension 'screenshots@mozilla.org': Reading manifest: Invalid extension permission: about:reader*
JavaScript error: resource://gre/modules/XULStore.jsm, line 66: Error: Can't find profile directory.
1584344040998	Marionette	INFO	Listening on port 56971
1584344041390	Marionette	WARN	TLS certificate errors will be ignored for this session
JavaScript warning: http://mzt.hubei.gov.cn/fbjd/xxgkml/zcwj/zcfg/index.shtml line 5 > eval, line 1: Error: WebGL warning: <SetDimensions>: Can't use WebGL in headless mode (https://bugzil.la/1375585).
JavaScript warning: http://mzt.hubei.gov.cn/fbjd/xxgkml/zcwj/zcfg/index.shtml line 5 > eval, line 1: Error: WebGL warning: <SetDimensions>: Failed to create WebGL context: WebGL creation failed: 
* Can't use WebGL in headless mode (https://bugzil.la/1375585).
JavaScript warning: http://mzt.hubei.gov.cn/fbjd/xxgkml/zcwj/zcfg/index.shtml line 5 > eval, line 1: Error: WebGL warning: <SetDimensions>: Can't use WebGL in headless mode (https://bugzil.la/1375585).
JavaScript warning: http://mzt.hubei.gov.cn/fbjd/xxgkml/zcwj/zcfg/index.shtml line 5 > eval, line 1: Error: WebGL warning: <SetDimensions>: Failed to create WebGL context: WebGL creation failed: 
* Can't use WebGL in headless mode (https://bugzil.la/1375585).
1584344043264	Marionette	INFO	Stopped listening on port 56971
1584344075109	mozrunner::runner	INFO	Running command: "C:\\Program Files\\Mozilla Firefox\\firefox.exe" "-marionette" "-headless" "-foreground" "-no-remote" "-profile" "C:\\Users\\bianx\\AppData\\Local\\Temp\\rust_mozprofilevxz6pr"
*** You are running in headless mode.
1584344075820	addons.webextension.doh-rollout@mozilla.org	WARN	Loading extension 'doh-rollout@mozilla.org': Reading manifest: Invalid extension permission: networkStatus
1584344076123	addons.webextension.screenshots@mozilla.org	WARN	Loading extension 'screenshots@mozilla.org': Reading manifest: Invalid extension permission: mozillaAddons
1584344076123	addons.webextension.screenshots@mozilla.org	WARN	Loading extension 'screenshots@mozilla.org': Reading manifest: Invalid extension permission: telemetry
1584344076123	addons.webextension.screenshots@mozilla.org	WARN	Loading extension 'screenshots@mozilla.org': Reading manifest: Invalid extension permission: resource://pdf.js/
1584344076123	addons.webextension.screenshots@mozilla.org	WARN	Loading extension 'screenshots@mozilla.org': Reading manifest: Invalid extension permission: about:reader*
JavaScript error: resource://gre/modules/XULStore.jsm, line 66: Error: Can't find profile directory.
1584344077705	Marionette	INFO	Listening on port 57117
1584344077730	Marionette	WARN	TLS certificate errors will be ignored for this session
JavaScript warning: http://mzt.hubei.gov.cn/fbjd/xxgkml/zcwj/zcfg/index.shtml line 5 > eval, line 1: Error: WebGL warning: <SetDimensions>: Can't use WebGL in headless mode (https://bugzil.la/1375585).
JavaScript warning: http://mzt.hubei.gov.cn/fbjd/xxgkml/zcwj/zcfg/index.shtml line 5 > eval, line 1: Error: WebGL warning: <SetDimensions>: Failed to create WebGL context: WebGL creation failed: 
* Can't use WebGL in headless mode (https://bugzil.la/1375585).
JavaScript warning: http://mzt.hubei.gov.cn/fbjd/xxgkml/zcwj/zcfg/index.shtml line 5 > eval, line 1: Error: WebGL warning: <SetDimensions>: Can't use WebGL in headless mode (https://bugzil.la/1375585).
JavaScript warning: http://mzt.hubei.gov.cn/fbjd/xxgkml/zcwj/zcfg/index.shtml line 5 > eval, line 1: Error: WebGL warning: <SetDimensions>: Failed to create WebGL context: WebGL creation failed: 
* Can't use WebGL in headless mode (https://bugzil.la/1375585).
1584344079523	Marionette	INFO	Stopped listening on port 57117
1584344085452	mozrunner::runner	INFO	Running command: "C:\\Program Files\\Mozilla Firefox\\firefox.exe" "-marionette" "-headless" "-foreground" "-no-remote" "-profile" "C:\\Users\\bianx\\AppData\\Local\\Temp\\rust_mozprofileE2QNDq"
*** You are running in headless mode.
1584344086122	addons.webextension.doh-rollout@mozilla.org	WARN	Loading extension 'doh-rollout@mozilla.org': Reading manifest: Invalid extension permission: networkStatus
1584344086405	addons.webextension.screenshots@mozilla.org	WARN	Loading extension 'screenshots@mozilla.org': Reading manifest: Invalid extension permission: mozillaAddons
1584344086405	addons.webextension.screenshots@mozilla.org	WARN	Loading extension 'screenshots@mozilla.org': Reading manifest: Invalid extension permission: telemetry
1584344086405	addons.webextension.screenshots@mozilla.org	WARN	Loading extension 'screenshots@mozilla.org': Reading manifest: Invalid extension permission: resource://pdf.js/
1584344086405	addons.webextension.screenshots@mozilla.org	WARN	Loading extension 'screenshots@mozilla.org': Reading manifest: Invalid extension permission: about:reader*
JavaScript error: resource://gre/modules/XULStore.jsm, line 66: Error: Can't find profile directory.
1584344087742	Marionette	INFO	Listening on port 57188
1584344088077	Marionette	WARN	TLS certificate errors will be ignored for this session
JavaScript warning: http://mzt.hubei.gov.cn/fbjd/xxgkml/zcwj/zcfg/index.shtml line 5 > eval, line 1: Error: WebGL warning: <SetDimensions>: Can't use WebGL in headless mode (https://bugzil.la/1375585).
JavaScript warning: http://mzt.hubei.gov.cn/fbjd/xxgkml/zcwj/zcfg/index.shtml line 5 > eval, line 1: Error: WebGL warning: <SetDimensions>: Failed to create WebGL context: WebGL creation failed: 
* Can't use WebGL in headless mode (https://bugzil.la/1375585).
JavaScript warning: http://mzt.hubei.gov.cn/fbjd/xxgkml/zcwj/zcfg/index.shtml line 5 > eval, line 1: Error: WebGL warning: <SetDimensions>: Can't use WebGL in headless mode (https://bugzil.la/1375585).
JavaScript warning: http://mzt.hubei.gov.cn/fbjd/xxgkml/zcwj/zcfg/index.shtml line 5 > eval, line 1: Error: WebGL warning: <SetDimensions>: Failed to create WebGL context: WebGL creation failed: 
* Can't use WebGL in headless mode (https://bugzil.la/1375585).
1584344090042	Marionette	INFO	Stopped listening on port 57188
1584344121597	mozrunner::runner	INFO	Running command: "C:\\Program Files\\Mozilla Firefox\\firefox.exe" "-marionette" "-headless" "-foreground" "-no-remote" "-profile" "C:\\Users\\bianx\\AppData\\Local\\Temp\\rust_mozprofiledb3mQO"
*** You are running in headless mode.
1584344122414	addons.webextension.doh-rollout@mozilla.org	WARN	Loading extension 'doh-rollout@mozilla.org': Reading manifest: Invalid extension permission: networkStatus
1584344122733	addons.webextension.screenshots@mozilla.org	WARN	Loading extension 'screenshots@mozilla.org': Reading manifest: Invalid extension permission: mozillaAddons
1584344122733	addons.webextension.screenshots@mozilla.org	WARN	Loading extension 'screenshots@mozilla.org': Reading manifest: Invalid extension permission: telemetry
1584344122734	addons.webextension.screenshots@mozilla.org	WARN	Loading extension 'screenshots@mozilla.org': Reading manifest: Invalid extension permission: resource://pdf.js/
1584344122734	addons.webextension.screenshots@mozilla.org	WARN	Loading extension 'screenshots@mozilla.org': Reading manifest: Invalid extension permission: about:reader*
JavaScript error: resource://gre/modules/XULStore.jsm, line 66: Error: Can't find profile directory.
1584344124692	Marionette	INFO	Listening on port 57371
1584344124714	Marionette	WARN	TLS certificate errors will be ignored for this session
JavaScript warning: http://mzt.hubei.gov.cn/fbjd/xxgkml/zcwj/zcfg/index.shtml line 5 > eval, line 1: Error: WebGL warning: <SetDimensions>: Can't use WebGL in headless mode (https://bugzil.la/1375585).
JavaScript warning: http://mzt.hubei.gov.cn/fbjd/xxgkml/zcwj/zcfg/index.shtml line 5 > eval, line 1: Error: WebGL warning: <SetDimensions>: Failed to create WebGL context: WebGL creation failed: 
* Can't use WebGL in headless mode (https://bugzil.la/1375585).
JavaScript warning: http://mzt.hubei.gov.cn/fbjd/xxgkml/zcwj/zcfg/index.shtml line 5 > eval, line 1: Error: WebGL warning: <SetDimensions>: Can't use WebGL in headless mode (https://bugzil.la/1375585).
JavaScript warning: http://mzt.hubei.gov.cn/fbjd/xxgkml/zcwj/zcfg/index.shtml line 5 > eval, line 1: Error: WebGL warning: <SetDimensions>: Failed to create WebGL context: WebGL creation failed: 
* Can't use WebGL in headless mode (https://bugzil.la/1375585).
1584344126703	Marionette	INFO	Stopped listening on port 57371
1584344159347	mozrunner::runner	INFO	Running command: "C:\\Program Files\\Mozilla Firefox\\firefox.exe" "-marionette" "-headless" "-foreground" "-no-remote" "-profile" "C:\\Users\\bianx\\AppData\\Local\\Temp\\rust_mozprofile1Sj3AG"
*** You are running in headless mode.
1584344160084	addons.webextension.doh-rollout@mozilla.org	WARN	Loading extension 'doh-rollout@mozilla.org': Reading manifest: Invalid extension permission: networkStatus
1584344160412	addons.webextension.screenshots@mozilla.org	WARN	Loading extension 'screenshots@mozilla.org': Reading manifest: Invalid extension permission: mozillaAddons
1584344160412	addons.webextension.screenshots@mozilla.org	WARN	Loading extension 'screenshots@mozilla.org': Reading manifest: Invalid extension permission: telemetry
1584344160412	addons.webextension.screenshots@mozilla.org	WARN	Loading extension 'screenshots@mozilla.org': Reading manifest: Invalid extension permission: resource://pdf.js/
1584344160412	addons.webextension.screenshots@mozilla.org	WARN	Loading extension 'screenshots@mozilla.org': Reading manifest: Invalid extension permission: about:reader*
JavaScript error: resource://gre/modules/XULStore.jsm, line 66: Error: Can't find profile directory.
1584344162121	Marionette	INFO	Listening on port 57524
1584344162466	Marionette	WARN	TLS certificate errors will be ignored for this session
JavaScript warning: http://mzt.hubei.gov.cn/fbjd/xxgkml/zcwj/zcfg/index.shtml line 5 > eval, line 1: Error: WebGL warning: <SetDimensions>: Can't use WebGL in headless mode (https://bugzil.la/1375585).
JavaScript warning: http://mzt.hubei.gov.cn/fbjd/xxgkml/zcwj/zcfg/index.shtml line 5 > eval, line 1: Error: WebGL warning: <SetDimensions>: Failed to create WebGL context: WebGL creation failed: 
* Can't use WebGL in headless mode (https://bugzil.la/1375585).
JavaScript warning: http://mzt.hubei.gov.cn/fbjd/xxgkml/zcwj/zcfg/index.shtml line 5 > eval, line 1: Error: WebGL warning: <SetDimensions>: Can't use WebGL in headless mode (https://bugzil.la/1375585).
JavaScript warning: http://mzt.hubei.gov.cn/fbjd/xxgkml/zcwj/zcfg/index.shtml line 5 > eval, line 1: Error: WebGL warning: <SetDimensions>: Failed to create WebGL context: WebGL creation failed: 
* Can't use WebGL in headless mode (https://bugzil.la/1375585).
1584344164334	Marionette	INFO	Stopped listening on port 57524
1584344196334	mozrunner::runner	INFO	Running command: "C:\\Program Files\\Mozilla Firefox\\firefox.exe" "-marionette" "-headless" "-foreground" "-no-remote" "-profile" "C:\\Users\\bianx\\AppData\\Local\\Temp\\rust_mozprofilesT25eq"
*** You are running in headless mode.
1584344197085	addons.webextension.doh-rollout@mozilla.org	WARN	Loading extension 'doh-rollout@mozilla.org': Reading manifest: Invalid extension permission: networkStatus
1584344197385	addons.webextension.screenshots@mozilla.org	WARN	Loading extension 'screenshots@mozilla.org': Reading manifest: Invalid extension permission: mozillaAddons
1584344197385	addons.webextension.screenshots@mozilla.org	WARN	Loading extension 'screenshots@mozilla.org': Reading manifest: Invalid extension permission: telemetry
1584344197385	addons.webextension.screenshots@mozilla.org	WARN	Loading extension 'screenshots@mozilla.org': Reading manifest: Invalid extension permission: resource://pdf.js/
1584344197385	addons.webextension.screenshots@mozilla.org	WARN	Loading extension 'screenshots@mozilla.org': Reading manifest: Invalid extension permission: about:reader*
JavaScript error: resource://gre/modules/XULStore.jsm, line 66: Error: Can't find profile directory.
1584344199034	Marionette	INFO	Listening on port 57667
1584344199464	Marionette	WARN	TLS certificate errors will be ignored for this session
JavaScript warning: http://mzt.hubei.gov.cn/fbjd/xxgkml/zcwj/zcfg/index.shtml line 5 > eval, line 1: Error: WebGL warning: <SetDimensions>: Can't use WebGL in headless mode (https://bugzil.la/1375585).
JavaScript warning: http://mzt.hubei.gov.cn/fbjd/xxgkml/zcwj/zcfg/index.shtml line 5 > eval, line 1: Error: WebGL warning: <SetDimensions>: Failed to create WebGL context: WebGL creation failed: 
* Can't use WebGL in headless mode (https://bugzil.la/1375585).
JavaScript warning: http://mzt.hubei.gov.cn/fbjd/xxgkml/zcwj/zcfg/index.shtml line 5 > eval, line 1: Error: WebGL warning: <SetDimensions>: Can't use WebGL in headless mode (https://bugzil.la/1375585).
JavaScript warning: http://mzt.hubei.gov.cn/fbjd/xxgkml/zcwj/zcfg/index.shtml line 5 > eval, line 1: Error: WebGL warning: <SetDimensions>: Failed to create WebGL context: WebGL creation failed: 
* Can't use WebGL in headless mode (https://bugzil.la/1375585).
1584344201396	Marionette	INFO	Stopped listening on port 57667
1584344233560	mozrunner::runner	INFO	Running command: "C:\\Program Files\\Mozilla Firefox\\firefox.exe" "-marionette" "-headless" "-foreground" "-no-remote" "-profile" "C:\\Users\\bianx\\AppData\\Local\\Temp\\rust_mozprofile3WSSRT"
*** You are running in headless mode.
1584344234372	addons.webextension.doh-rollout@mozilla.org	WARN	Loading extension 'doh-rollout@mozilla.org': Reading manifest: Invalid extension permission: networkStatus
1584344234736	addons.webextension.screenshots@mozilla.org	WARN	Loading extension 'screenshots@mozilla.org': Reading manifest: Invalid extension permission: mozillaAddons
1584344234736	addons.webextension.screenshots@mozilla.org	WARN	Loading extension 'screenshots@mozilla.org': Reading manifest: Invalid extension permission: telemetry
1584344234736	addons.webextension.screenshots@mozilla.org	WARN	Loading extension 'screenshots@mozilla.org': Reading manifest: Invalid extension permission: resource://pdf.js/
1584344234736	addons.webextension.screenshots@mozilla.org	WARN	Loading extension 'screenshots@mozilla.org': Reading manifest: Invalid extension permission: about:reader*
JavaScript error: resource://gre/modules/XULStore.jsm, line 66: Error: Can't find profile directory.
1584344236419	Marionette	INFO	Listening on port 57846
1584344236690	Marionette	WARN	TLS certificate errors will be ignored for this session
JavaScript warning: http://mzt.hubei.gov.cn/fbjd/xxgkml/zcwj/zcfg/index.shtml line 5 > eval, line 1: Error: WebGL warning: <SetDimensions>: Can't use WebGL in headless mode (https://bugzil.la/1375585).
JavaScript warning: http://mzt.hubei.gov.cn/fbjd/xxgkml/zcwj/zcfg/index.shtml line 5 > eval, line 1: Error: WebGL warning: <SetDimensions>: Failed to create WebGL context: WebGL creation failed: 
* Can't use WebGL in headless mode (https://bugzil.la/1375585).
JavaScript warning: http://mzt.hubei.gov.cn/fbjd/xxgkml/zcwj/zcfg/index.shtml line 5 > eval, line 1: Error: WebGL warning: <SetDimensions>: Can't use WebGL in headless mode (https://bugzil.la/1375585).
JavaScript warning: http://mzt.hubei.gov.cn/fbjd/xxgkml/zcwj/zcfg/index.shtml line 5 > eval, line 1: Error: WebGL warning: <SetDimensions>: Failed to create WebGL context: WebGL creation failed: 
* Can't use WebGL in headless mode (https://bugzil.la/1375585).
1584344238661	Marionette	INFO	Stopped listening on port 57846

###!!! [Child][RunMessage] Error: Channel closing: too late to send/recv, messages will be lost


###!!! [Child][RunMessage] Error: Channel closing: too late to send/recv, messages will be lost


###!!! [Child][RunMessage] Error: Channel closing: too late to send/recv, messages will be lost

1584344271127	mozrunner::runner	INFO	Running command: "C:\\Program Files\\Mozilla Firefox\\firefox.exe" "-marionette" "-headless" "-foreground" "-no-remote" "-profile" "C:\\Users\\bianx\\AppData\\Local\\Temp\\rust_mozprofilejeKGO1"
*** You are running in headless mode.
1584344271798	addons.webextension.doh-rollout@mozilla.org	WARN	Loading extension 'doh-rollout@mozilla.org': Reading manifest: Invalid extension permission: networkStatus
1584344272083	addons.webextension.screenshots@mozilla.org	WARN	Loading extension 'screenshots@mozilla.org': Reading manifest: Invalid extension permission: mozillaAddons
1584344272083	addons.webextension.screenshots@mozilla.org	WARN	Loading extension 'screenshots@mozilla.org': Reading manifest: Invalid extension permission: telemetry
1584344272083	addons.webextension.screenshots@mozilla.org	WARN	Loading extension 'screenshots@mozilla.org': Reading manifest: Invalid extension permission: resource://pdf.js/
1584344272084	addons.webextension.screenshots@mozilla.org	WARN	Loading extension 'screenshots@mozilla.org': Reading manifest: Invalid extension permission: about:reader*
JavaScript error: resource://gre/modules/XULStore.jsm, line 66: Error: Can't find profile directory.
1584344273476	Marionette	INFO	Listening on port 58011
1584344273751	Marionette	WARN	TLS certificate errors will be ignored for this session
JavaScript warning: http://mzt.hubei.gov.cn/fbjd/xxgkml/zcwj/zcfg/index.shtml line 5 > eval, line 1: Error: WebGL warning: <SetDimensions>: Can't use WebGL in headless mode (https://bugzil.la/1375585).
JavaScript warning: http://mzt.hubei.gov.cn/fbjd/xxgkml/zcwj/zcfg/index.shtml line 5 > eval, line 1: Error: WebGL warning: <SetDimensions>: Failed to create WebGL context: WebGL creation failed: 
* Can't use WebGL in headless mode (https://bugzil.la/1375585).
JavaScript warning: http://mzt.hubei.gov.cn/fbjd/xxgkml/zcwj/zcfg/index.shtml line 5 > eval, line 1: Error: WebGL warning: <SetDimensions>: Can't use WebGL in headless mode (https://bugzil.la/1375585).
JavaScript warning: http://mzt.hubei.gov.cn/fbjd/xxgkml/zcwj/zcfg/index.shtml line 5 > eval, line 1: Error: WebGL warning: <SetDimensions>: Failed to create WebGL context: WebGL creation failed: 
* Can't use WebGL in headless mode (https://bugzil.la/1375585).
1584344275565	Marionette	INFO	Stopped listening on port 58011
JavaScript error: http://mzt.hubei.gov.cn/material/js/common.js, line 74: ReferenceError: Swiper is not defined
1584344289160	mozrunner::runner	INFO	Running command: "C:\\Program Files\\Mozilla Firefox\\firefox.exe" "-marionette" "-headless" "-foreground" "-no-remote" "-profile" "C:\\Users\\bianx\\AppData\\Local\\Temp\\rust_mozprofileEmXwV1"
*** You are running in headless mode.
1584344290036	addons.webextension.doh-rollout@mozilla.org	WARN	Loading extension 'doh-rollout@mozilla.org': Reading manifest: Invalid extension permission: networkStatus
1584344290332	addons.webextension.screenshots@mozilla.org	WARN	Loading extension 'screenshots@mozilla.org': Reading manifest: Invalid extension permission: mozillaAddons
1584344290332	addons.webextension.screenshots@mozilla.org	WARN	Loading extension 'screenshots@mozilla.org': Reading manifest: Invalid extension permission: telemetry
1584344290332	addons.webextension.screenshots@mozilla.org	WARN	Loading extension 'screenshots@mozilla.org': Reading manifest: Invalid extension permission: resource://pdf.js/
1584344290332	addons.webextension.screenshots@mozilla.org	WARN	Loading extension 'screenshots@mozilla.org': Reading manifest: Invalid extension permission: about:reader*
JavaScript error: resource://gre/modules/XULStore.jsm, line 66: Error: Can't find profile directory.
1584344291820	Marionette	INFO	Listening on port 58106
1584344292276	Marionette	WARN	TLS certificate errors will be ignored for this session
JavaScript warning: http://mzt.hubei.gov.cn/fbjd/xxgkml/zcwj/zcfg/index.shtml line 5 > eval, line 1: Error: WebGL warning: <SetDimensions>: Can't use WebGL in headless mode (https://bugzil.la/1375585).
JavaScript warning: http://mzt.hubei.gov.cn/fbjd/xxgkml/zcwj/zcfg/index.shtml line 5 > eval, line 1: Error: WebGL warning: <SetDimensions>: Failed to create WebGL context: WebGL creation failed: 
* Can't use WebGL in headless mode (https://bugzil.la/1375585).
JavaScript warning: http://mzt.hubei.gov.cn/fbjd/xxgkml/zcwj/zcfg/index.shtml line 5 > eval, line 1: Error: WebGL warning: <SetDimensions>: Can't use WebGL in headless mode (https://bugzil.la/1375585).
JavaScript warning: http://mzt.hubei.gov.cn/fbjd/xxgkml/zcwj/zcfg/index.shtml line 5 > eval, line 1: Error: WebGL warning: <SetDimensions>: Failed to create WebGL context: WebGL creation failed: 
* Can't use WebGL in headless mode (https://bugzil.la/1375585).
1584344294079	Marionette	INFO	Stopped listening on port 58106
